Using pre-set license
Built from '2021.3/staging' branch; Version is '2021.3.26f1 (a16dc32e0ff2) revision 10579395'; Using compiler version '192829333'; Build Type 'Release'
OS: 'Windows 10  (10.0.19045) 64bit Professional' Language: 'es' Physical Memory: 8135 MB
BatchMode: 1, IsHumanControllingUs: 0, StartBugReporterOnCrash: 0, Is64bit: 1, IsPro: 1

COMMAND LINE ARGUMENTS:
C:\Program Files\Unity 2021.3.26f1\Editor\Unity.exe
-adb2
-batchMode
-noUpm
-name
AssetImportWorker8
-projectPath
E:/UNITY/AdventurersQuest/AdverturersQuest
-logFile
Logs/AssetImportWorker8.log
-srvPort
59954
Successfully changed project path to: E:/UNITY/AdventurersQuest/AdverturersQuest
E:/UNITY/AdventurersQuest/AdverturersQuest
[UnityMemory] Configuration Parameters - Can be set up in boot.config
    "memorysetup-bucket-allocator-granularity=16"
    "memorysetup-bucket-allocator-bucket-count=8"
    "memorysetup-bucket-allocator-block-size=33554432"
    "memorysetup-bucket-allocator-block-count=8"
    "memorysetup-main-allocator-block-size=16777216"
    "memorysetup-thread-allocator-block-size=16777216"
    "memorysetup-gfx-main-allocator-block-size=16777216"
    "memorysetup-gfx-thread-allocator-block-size=16777216"
    "memorysetup-cache-allocator-block-size=4194304"
    "memorysetup-typetree-allocator-block-size=2097152"
    "memorysetup-profiler-bucket-allocator-granularity=16"
    "memorysetup-profiler-bucket-allocator-bucket-count=8"
    "memorysetup-profiler-bucket-allocator-block-size=33554432"
    "memorysetup-profiler-bucket-allocator-block-count=8"
    "memorysetup-profiler-allocator-block-size=16777216"
    "memorysetup-profiler-editor-allocator-block-size=1048576"
    "memorysetup-temp-allocator-size-main=16777216"
    "memorysetup-job-temp-allocator-block-size=2097152"
    "memorysetup-job-temp-allocator-block-size-background=1048576"
    "memorysetup-job-temp-allocator-reduction-small-platforms=262144"
    "memorysetup-temp-allocator-size-background-worker=32768"
    "memorysetup-temp-allocator-size-job-worker=262144"
    "memorysetup-temp-allocator-size-preload-manager=33554432"
    "memorysetup-temp-allocator-size-nav-mesh-worker=65536"
    "memorysetup-temp-allocator-size-audio-worker=65536"
    "memorysetup-temp-allocator-size-cloud-worker=32768"
    "memorysetup-temp-allocator-size-gi-baking-worker=262144"
    "memorysetup-temp-allocator-size-gfx=262144"
Player connection [10672] Host "[IP] 172.18.144.1 [Port] 0 [Flags] 2 [Guid] 771012849 [EditorId] 771012849 [Version] 1048832 [Id] WindowsEditor(7,DESKTOP-H8993N5) [Debug] 1 [PackageName] WindowsEditor [ProjectName] Editor" joined multi-casting on [225.0.0.222:54997]...

Player connection [10672] Host "[IP] 172.18.144.1 [Port] 0 [Flags] 2 [Guid] 771012849 [EditorId] 771012849 [Version] 1048832 [Id] WindowsEditor(7,DESKTOP-H8993N5) [Debug] 1 [PackageName] WindowsEditor [ProjectName] Editor" joined alternative multi-casting on [225.0.0.222:34997]...

Refreshing native plugins compatible for Editor in 136.36 ms, found 3 plugins.
Preloading 0 native plugins for Editor in 0.00 ms.
Initialize engine version: 2021.3.26f1 (a16dc32e0ff2)
[Subsystems] Discovering subsystems at path C:/Program Files/Unity 2021.3.26f1/Editor/Data/Resources/UnitySubsystems
[Subsystems] Discovering subsystems at path E:/UNITY/AdventurersQuest/AdverturersQuest/Assets
GfxDevice: creating device client; threaded=0; jobified=0
Direct3D:
    Version:  Direct3D 11.0 [level 11.1]
    Renderer: NVIDIA GeForce GT 1030 (ID=0x1d01)
    Vendor:   NVIDIA
    VRAM:     1982 MB
    Driver:   31.0.15.1694
Initialize mono
Mono path[0] = 'C:/Program Files/Unity 2021.3.26f1/Editor/Data/Managed'
Mono path[1] = 'C:/Program Files/Unity 2021.3.26f1/Editor/Data/MonoBleedingEdge/lib/mono/unityjit-win32'
Mono config path = 'C:/Program Files/Unity 2021.3.26f1/Editor/Data/MonoBleedingEdge/etc'
Using monoOptions --debugger-agent=transport=dt_socket,embedding=1,server=y,suspend=n,address=127.0.0.1:56044
Begin MonoManager ReloadAssembly
Registering precompiled unity dll's ...
Register platform support module: C:/Program Files/Unity 2021.3.26f1/Editor/Data/PlaybackEngines/WindowsStandaloneSupport/UnityEditor.WindowsStandalone.Extensions.dll
Registered in 0.008926 seconds.
Native extension for WindowsStandalone target not found
Refreshing native plugins compatible for Editor in 101.81 ms, found 3 plugins.
Preloading 0 native plugins for Editor in 0.00 ms.
Mono: successfully reloaded assembly
- Completed reload, in  0.955 seconds
Domain Reload Profiling:
	ReloadAssembly (956ms)
		BeginReloadAssembly (159ms)
			ExecutionOrderSort (0ms)
			DisableScriptedObjects (0ms)
			BackupInstance (0ms)
			ReleaseScriptingObjects (0ms)
			CreateAndSetChildDomain (1ms)
		EndReloadAssembly (651ms)
			LoadAssemblies (155ms)
			RebuildTransferFunctionScriptingTraits (0ms)
			SetupTypeCache (157ms)
			ReleaseScriptCaches (0ms)
			RebuildScriptCaches (37ms)
			SetupLoadedEditorAssemblies (383ms)
				LogAssemblyErrors (0ms)
				InitializePlatformSupportModulesInManaged (11ms)
				SetLoadedEditorAssemblies (0ms)
				RefreshPlugins (102ms)
				BeforeProcessingInitializeOnLoad (2ms)
				ProcessInitializeOnLoadAttributes (187ms)
				ProcessInitializeOnLoadMethodAttributes (80ms)
				AfterProcessingInitializeOnLoad (0ms)
				EditorAssembliesLoaded (0ms)
			ExecutionOrderSort2 (0ms)
			AwakeInstancesAfterBackupRestoration (0ms)
Platform modules already initialized, skipping
Registering precompiled user dll's ...
Registered in 0.009033 seconds.
Begin MonoManager ReloadAssembly
Symbol file LoadedFromMemory doesn't match image E:\UNITY\AdventurersQuest\AdverturersQuest\Library\PackageCache\com.unity.visualscripting@1.8.0\Editor\VisualScripting.Core\Dependencies\YamlDotNet\Unity.VisualScripting.YamlDotNet.dll
Symbol file LoadedFromMemory doesn't match image E:\UNITY\AdventurersQuest\AdverturersQuest\Library\PackageCache\com.unity.visualscripting@1.8.0\Editor\VisualScripting.Core\Dependencies\DotNetZip\Unity.VisualScripting.IonicZip.dll
Native extension for WindowsStandalone target not found
Refreshing native plugins compatible for Editor in 0.73 ms, found 3 plugins.
Preloading 0 native plugins for Editor in 0.00 ms.
Mono: successfully reloaded assembly
- Completed reload, in  6.035 seconds
Domain Reload Profiling:
	ReloadAssembly (6036ms)
		BeginReloadAssembly (199ms)
			ExecutionOrderSort (0ms)
			DisableScriptedObjects (11ms)
			BackupInstance (0ms)
			ReleaseScriptingObjects (0ms)
			CreateAndSetChildDomain (27ms)
		EndReloadAssembly (5625ms)
			LoadAssemblies (3795ms)
			RebuildTransferFunctionScriptingTraits (0ms)
			SetupTypeCache (1237ms)
			ReleaseScriptCaches (1ms)
			RebuildScriptCaches (71ms)
			SetupLoadedEditorAssemblies (490ms)
				LogAssemblyErrors (0ms)
				InitializePlatformSupportModulesInManaged (8ms)
				SetLoadedEditorAssemblies (1ms)
				RefreshPlugins (1ms)
				BeforeProcessingInitializeOnLoad (98ms)
				ProcessInitializeOnLoadAttributes (337ms)
				ProcessInitializeOnLoadMethodAttributes (33ms)
				AfterProcessingInitializeOnLoad (12ms)
				EditorAssembliesLoaded (0ms)
			ExecutionOrderSort2 (0ms)
			AwakeInstancesAfterBackupRestoration (12ms)
Platform modules already initialized, skipping
========================================================================
Worker process is ready to serve import requests
Launched and connected shader compiler UnityShaderCompiler.exe after 0.08 seconds
Refreshing native plugins compatible for Editor in 1.14 ms, found 3 plugins.
Preloading 0 native plugins for Editor in 0.00 ms.
Unloading 3051 Unused Serialized files (Serialized files now loaded: 0)
Unloading 22 unused Assets / (56.1 KB). Loaded Objects now: 3514.
Memory consumption went from 110.2 MB to 110.2 MB.
Total: 5.238100 ms (FindLiveObjects: 0.303100 ms CreateObjectMapping: 0.145700 ms MarkObjects: 4.660400 ms  DeleteObjects: 0.127700 ms)

AssetImportParameters requested are different than current active one (requested -> active):
  custom:video-decoder-ogg-theora: a1e56fd34408186e4bbccfd4996cb3dc -> 
  custom:container-muxer-webm: aa71ff27fc2769a1b78a27578f13a17b -> 
  custom:container-demuxer-webm: 4f35f7cbe854078d1ac9338744f61a02 -> 
  custom:video-encoder-webm-vp8: eb34c28f22e8b96e1ab97ce403110664 -> 
  custom:audio-encoder-webm-vorbis: bf7c407c2cedff20999df2af8eb42d56 -> 
  custom:framework-win-MediaFoundation: 216162199b28c13a410421893ffa2e32 -> 
  custom:container-demuxer-ogg: 62fdf1f143b41e24485cea50d1cbac27 -> 
  custom:video-decoder-webm-vp8: 9c59270c3fd7afecdb556c50c9e8de78 -> 
  custom:audio-decoder-ogg-vorbis: bf7c407c2cedff20999df2af8eb42d56 -> 
========================================================================
Received Import Request.
  Time since last request: 77520.719358 seconds.
  path: Assets/Polygon-City Megapolis/Prefab/Farm/SM_cabbage.prefab
  artifactKey: Guid(941c0220e24f00a4183f9c8be00f206c) Importer(815301076,1909f56bfc062723c751e8b465ee728b)
Start importing Assets/Polygon-City Megapolis/Prefab/Farm/SM_cabbage.prefab using Guid(941c0220e24f00a4183f9c8be00f206c) Importer(815301076,1909f56bfc062723c751e8b465ee728b)  -> (artifact id: '133d09e164e97e144cffe03cf487e924') in 0.331772 seconds 
========================================================================
Received Import Request.
  Time since last request: 0.025173 seconds.
  path: Assets/Polygon-City Megapolis/Prefab/Farm/SM_fence_02.prefab
  artifactKey: Guid(67497789350655f47b72543f96ada390) Importer(815301076,1909f56bfc062723c751e8b465ee728b)
Start importing Assets/Polygon-City Megapolis/Prefab/Farm/SM_fence_02.prefab using Guid(67497789350655f47b72543f96ada390) Importer(815301076,1909f56bfc062723c751e8b465ee728b)  -> (artifact id: '1b2eef595204561e7bf07a0a01ed06f4') in 0.081443 seconds 
========================================================================
Received Import Request.
  Time since last request: 0.000024 seconds.
  path: Assets/Polygon-City Megapolis/Prefab/Farm/SM_fence_06.prefab
  artifactKey: Guid(130a6052ddd8b3548a9a9467b84ae906) Importer(815301076,1909f56bfc062723c751e8b465ee728b)
Start importing Assets/Polygon-City Megapolis/Prefab/Farm/SM_fence_06.prefab using Guid(130a6052ddd8b3548a9a9467b84ae906) Importer(815301076,1909f56bfc062723c751e8b465ee728b)  -> (artifact id: '32f570b78f9d527013995a712b946050') in 0.172199 seconds 
========================================================================
Received Import Request.
  Time since last request: 0.000040 seconds.
  path: Assets/Polygon-City Megapolis/Prefab/Farm/SM_garage.prefab
  artifactKey: Guid(8007c9971949d50488fa77108e2645f9) Importer(815301076,1909f56bfc062723c751e8b465ee728b)
Start importing Assets/Polygon-City Megapolis/Prefab/Farm/SM_garage.prefab using Guid(8007c9971949d50488fa77108e2645f9) Importer(815301076,1909f56bfc062723c751e8b465ee728b)  -> (artifact id: '8be2b9d81dbd70ddd805ad9e4fd43f01') in 0.068400 seconds 
========================================================================
Received Import Request.
  Time since last request: 0.000036 seconds.
  path: Assets/Polygon-City Megapolis/Prefab/Farm/SM_haystack_01.prefab
  artifactKey: Guid(9f25f67085d36bc45bb3e1f7141d143a) Importer(815301076,1909f56bfc062723c751e8b465ee728b)
Start importing Assets/Polygon-City Megapolis/Prefab/Farm/SM_haystack_01.prefab using Guid(9f25f67085d36bc45bb3e1f7141d143a) Importer(815301076,1909f56bfc062723c751e8b465ee728b)  -> (artifact id: '30da3876e7017c4dd370f1f8ab76e87a') in 0.072583 seconds 
========================================================================
Received Import Request.
  Time since last request: 0.000022 seconds.
  path: Assets/Polygon-City Megapolis/Prefab/Farm/SM_haystack_02.prefab
  artifactKey: Guid(4aa4d93adba973c429432ec26c0e3ba4) Importer(815301076,1909f56bfc062723c751e8b465ee728b)
Start importing Assets/Polygon-City Megapolis/Prefab/Farm/SM_haystack_02.prefab using Guid(4aa4d93adba973c429432ec26c0e3ba4) Importer(815301076,1909f56bfc062723c751e8b465ee728b)  -> (artifact id: '72d937175f4255da9ca4b56ef3c55981') in 0.045225 seconds 
========================================================================
Received Import Request.
  Time since last request: 0.066136 seconds.
  path: Assets/Polygon-City Megapolis/Prefab/Farm/SM_other_crops.prefab
  artifactKey: Guid(cd58b642280a8f7439a36c747dc94add) Importer(815301076,1909f56bfc062723c751e8b465ee728b)
Start importing Assets/Polygon-City Megapolis/Prefab/Farm/SM_other_crops.prefab using Guid(cd58b642280a8f7439a36c747dc94add) Importer(815301076,1909f56bfc062723c751e8b465ee728b)  -> (artifact id: 'b55cde2a3f7d762e8e4ed1a06095dec4') in 0.076807 seconds 
========================================================================
Received Import Request.
  Time since last request: 0.014377 seconds.
  path: Assets/Polygon-City Megapolis/Prefab/Farm/SM_plow_02.prefab
  artifactKey: Guid(108b02cab9def3340908e0c102d68ce9) Importer(815301076,1909f56bfc062723c751e8b465ee728b)
Start importing Assets/Polygon-City Megapolis/Prefab/Farm/SM_plow_02.prefab using Guid(108b02cab9def3340908e0c102d68ce9) Importer(815301076,1909f56bfc062723c751e8b465ee728b)  -> (artifact id: '0347c6dab34ae9f787e4061efda709da') in 0.129720 seconds 
========================================================================
Received Import Request.
  Time since last request: 0.034355 seconds.
  path: Assets/Polygon-City Megapolis/Prefab/Farm/SM_scarecrow.prefab
  artifactKey: Guid(53adda8e63e314144826b7b17e7efd1e) Importer(815301076,1909f56bfc062723c751e8b465ee728b)
Start importing Assets/Polygon-City Megapolis/Prefab/Farm/SM_scarecrow.prefab using Guid(53adda8e63e314144826b7b17e7efd1e) Importer(815301076,1909f56bfc062723c751e8b465ee728b)  -> (artifact id: 'f28e4e5fbad732ae42a33a43a576e63f') in 0.197192 seconds 
========================================================================
Received Import Request.
  Time since last request: 1.287383 seconds.
  path: Assets/Polygon-City Megapolis/Prefab/Farm/SM_tractor.prefab
  artifactKey: Guid(0edef120975adcb4a878639a2dbe0268) Importer(815301076,1909f56bfc062723c751e8b465ee728b)
Start importing Assets/Polygon-City Megapolis/Prefab/Farm/SM_tractor.prefab using Guid(0edef120975adcb4a878639a2dbe0268) Importer(815301076,1909f56bfc062723c751e8b465ee728b)  -> (artifact id: 'ef1c6835a7f1304ea8cb2689bd71d58f') in 0.142272 seconds 
========================================================================
Received Import Request.
  Time since last request: 0.015231 seconds.
  path: Assets/Polygon-City Megapolis/Prefab/Farm/SM_wheat_02.prefab
  artifactKey: Guid(56d447c431815e941ab532275ef56921) Importer(815301076,1909f56bfc062723c751e8b465ee728b)
Start importing Assets/Polygon-City Megapolis/Prefab/Farm/SM_wheat_02.prefab using Guid(56d447c431815e941ab532275ef56921) Importer(815301076,1909f56bfc062723c751e8b465ee728b)  -> (artifact id: '0992b0277a00cb1ebce875e83de30918') in 0.183133 seconds 
========================================================================
Received Import Request.
  Time since last request: 7.582949 seconds.
  path: Assets/Polygon-City Megapolis/Prefab/Text/SM_Large_U.prefab
  artifactKey: Guid(62a9b73f34ad87e4aae5f59272059f97) Importer(815301076,1909f56bfc062723c751e8b465ee728b)
Start importing Assets/Polygon-City Megapolis/Prefab/Text/SM_Large_U.prefab using Guid(62a9b73f34ad87e4aae5f59272059f97) Importer(815301076,1909f56bfc062723c751e8b465ee728b)  -> (artifact id: '021eccb3d61feacd5f49499d291259af') in 0.140318 seconds 
========================================================================
Received Import Request.
  Time since last request: 0.000029 seconds.
  path: Assets/Polygon-City Megapolis/Prefab/Text/SM_Num_0.prefab
  artifactKey: Guid(516ef7c49e2d6764babe84c1e6035c73) Importer(815301076,1909f56bfc062723c751e8b465ee728b)
Start importing Assets/Polygon-City Megapolis/Prefab/Text/SM_Num_0.prefab using Guid(516ef7c49e2d6764babe84c1e6035c73) Importer(815301076,1909f56bfc062723c751e8b465ee728b)  -> (artifact id: '430f10dc799954979311361a4d413a4a') in 0.194786 seconds 
========================================================================
Received Import Request.
  Time since last request: 0.000049 seconds.
  path: Assets/Polygon-City Megapolis/Prefab/Text/SM_Num_6.prefab
  artifactKey: Guid(3bfb0adf36c634948b7dcde1d47da2e4) Importer(815301076,1909f56bfc062723c751e8b465ee728b)
Start importing Assets/Polygon-City Megapolis/Prefab/Text/SM_Num_6.prefab using Guid(3bfb0adf36c634948b7dcde1d47da2e4) Importer(815301076,1909f56bfc062723c751e8b465ee728b)  -> (artifact id: '80d9e0495b208101e68d207c16e3bae4') in 0.209465 seconds 
========================================================================
Received Import Request.
  Time since last request: 0.000034 seconds.
  path: Assets/Polygon-City Megapolis/Prefab/Text/SM_Small_0.prefab
  artifactKey: Guid(4fa98c1403861464980c5b2abff087b1) Importer(815301076,1909f56bfc062723c751e8b465ee728b)
Start importing Assets/Polygon-City Megapolis/Prefab/Text/SM_Small_0.prefab using Guid(4fa98c1403861464980c5b2abff087b1) Importer(815301076,1909f56bfc062723c751e8b465ee728b)  -> (artifact id: '107daf468c60c25be80bd5760412d0d8') in 0.102097 seconds 
========================================================================
Received Import Request.
  Time since last request: 0.000038 seconds.
  path: Assets/Polygon-City Megapolis/Prefab/Text/SM_Small_d.prefab
  artifactKey: Guid(2383256cee83ccc499ef06abf902ffae) Importer(815301076,1909f56bfc062723c751e8b465ee728b)
Start importing Assets/Polygon-City Megapolis/Prefab/Text/SM_Small_d.prefab using Guid(2383256cee83ccc499ef06abf902ffae) Importer(815301076,1909f56bfc062723c751e8b465ee728b)  -> (artifact id: 'cbea5449b20ea24688e272d7aac94011') in 0.049230 seconds 
========================================================================
Received Import Request.
  Time since last request: 0.000035 seconds.
  path: Assets/Polygon-City Megapolis/Prefab/Text/SM_Small_e.prefab
  artifactKey: Guid(ebddb5bf5bf122b4692b8df67fe752e6) Importer(815301076,1909f56bfc062723c751e8b465ee728b)
Start importing Assets/Polygon-City Megapolis/Prefab/Text/SM_Small_e.prefab using Guid(ebddb5bf5bf122b4692b8df67fe752e6) Importer(815301076,1909f56bfc062723c751e8b465ee728b)  -> (artifact id: '68cf3862fe9c4f783a589c0cca0f81d9') in 0.088103 seconds 
========================================================================
Received Import Request.
  Time since last request: 0.000024 seconds.
  path: Assets/Polygon-City Megapolis/Prefab/Text/SM_Small_h.prefab
  artifactKey: Guid(e6512f9b2db83204aa6c5c96c50a9dc2) Importer(815301076,1909f56bfc062723c751e8b465ee728b)
Start importing Assets/Polygon-City Megapolis/Prefab/Text/SM_Small_h.prefab using Guid(e6512f9b2db83204aa6c5c96c50a9dc2) Importer(815301076,1909f56bfc062723c751e8b465ee728b)  -> (artifact id: '4d234f0389df8397a5e1809b23d4309f') in 0.148348 seconds 
========================================================================
Received Import Request.
  Time since last request: 0.000028 seconds.
  path: Assets/Polygon-City Megapolis/Prefab/Text/SM_Small_b.prefab
  artifactKey: Guid(f09bf12b16c0f364498e963521b84edf) Importer(815301076,1909f56bfc062723c751e8b465ee728b)
Start importing Assets/Polygon-City Megapolis/Prefab/Text/SM_Small_b.prefab using Guid(f09bf12b16c0f364498e963521b84edf) Importer(815301076,1909f56bfc062723c751e8b465ee728b)  -> (artifact id: 'cf9cb918e28ee3ffd3aa17ec53ba4a22') in 0.056522 seconds 
========================================================================
Received Import Request.
  Time since last request: 0.000058 seconds.
  path: Assets/Polygon-City Megapolis/Prefab/Text/SM_Small_l.prefab
  artifactKey: Guid(8f43577418b05e647a69d2941dfc15bf) Importer(815301076,1909f56bfc062723c751e8b465ee728b)
Start importing Assets/Polygon-City Megapolis/Prefab/Text/SM_Small_l.prefab using Guid(8f43577418b05e647a69d2941dfc15bf) Importer(815301076,1909f56bfc062723c751e8b465ee728b)  -> (artifact id: 'e3cb60f969d367db60ace1477264d440') in 0.051009 seconds 
========================================================================
Received Import Request.
  Time since last request: 0.000060 seconds.
  path: Assets/Polygon-City Megapolis/Prefab/Text/SM_Small_m.prefab
  artifactKey: Guid(de55acee092550c4e802c7226e227048) Importer(815301076,1909f56bfc062723c751e8b465ee728b)
Start importing Assets/Polygon-City Megapolis/Prefab/Text/SM_Small_m.prefab using Guid(de55acee092550c4e802c7226e227048) Importer(815301076,1909f56bfc062723c751e8b465ee728b)  -> (artifact id: 'faa9d5236ffe7b81cb1672872d17a7c2') in 0.103234 seconds 
========================================================================
Received Import Request.
  Time since last request: 0.931974 seconds.
  path: Assets/Polygon-City Megapolis/Prefab/Text/SM_Small_p.prefab
  artifactKey: Guid(5a72ab3785b60044ca6e98bb2651fcef) Importer(815301076,1909f56bfc062723c751e8b465ee728b)
Start importing Assets/Polygon-City Megapolis/Prefab/Text/SM_Small_p.prefab using Guid(5a72ab3785b60044ca6e98bb2651fcef) Importer(815301076,1909f56bfc062723c751e8b465ee728b)  -> (artifact id: 'a0993f52ecef45c916c49215ce019be8') in 0.038492 seconds 
========================================================================
Received Import Request.
  Time since last request: 0.000030 seconds.
  path: Assets/Polygon-City Megapolis/Prefab/Text/SM_Small_r.prefab
  artifactKey: Guid(71acf9a771e0d2041bc20af40d814430) Importer(815301076,1909f56bfc062723c751e8b465ee728b)
Start importing Assets/Polygon-City Megapolis/Prefab/Text/SM_Small_r.prefab using Guid(71acf9a771e0d2041bc20af40d814430) Importer(815301076,1909f56bfc062723c751e8b465ee728b)  -> (artifact id: '4fbcc164fa94172c7112b15648f53835') in 0.105909 seconds 
========================================================================
Received Import Request.
  Time since last request: 0.000041 seconds.
  path: Assets/Polygon-City Megapolis/Prefab/Text/SM_Small_w.prefab
  artifactKey: Guid(019815c1869631e4483f5424d14d4977) Importer(815301076,1909f56bfc062723c751e8b465ee728b)
Start importing Assets/Polygon-City Megapolis/Prefab/Text/SM_Small_w.prefab using Guid(019815c1869631e4483f5424d14d4977) Importer(815301076,1909f56bfc062723c751e8b465ee728b)  -> (artifact id: 'f13d60fd6e04bd1f93abe739b2d038c1') in 0.058010 seconds 
========================================================================
Received Import Request.
  Time since last request: 0.000063 seconds.
  path: Assets/Polygon-City Megapolis/Prefab/Text/SM_Small_y.prefab
  artifactKey: Guid(aafb8cca6d16f7f45a41deb58e774b11) Importer(815301076,1909f56bfc062723c751e8b465ee728b)
Start importing Assets/Polygon-City Megapolis/Prefab/Text/SM_Small_y.prefab using Guid(aafb8cca6d16f7f45a41deb58e774b11) Importer(815301076,1909f56bfc062723c751e8b465ee728b)  -> (artifact id: '8296d9d69f98fe850d4b4c79b2571be2') in 0.068114 seconds 
Editor requested this worker to shutdown with reason: Scaling down because of idle timeout
AssetImportWorkerClient::OnTransportError - code=2 error=End of file
AssetImportWorker is now disconnected from the server
Process exiting
Exiting without the bug reporter. Application will terminate with return code 0