Unity Editor version:    2021.3.6f1 (7da38d85baf6)
Branch:                  2021.3/staging
Build type:              Release
Batch mode:              YES
macOS version:           Version 13.3.1 (a) (Build 22E772610a)
Darwin version:          22.4.0
Architecture:            x86_64
Running under Rosetta:   NO
Available memory:        65536 MB
Using pre-set license
Pro License: YES

COMMAND LINE ARGUMENTS:
/Applications/Unity/Hub/Editor/2021.3.6f1/Unity.app/Contents/MacOS/Unity
-adb2
-batchMode
-noUpm
-name
AssetImportWorker3
-projectPath
/Volumes/SoundBanks/Unreal Projects/AdventurersQuest/AdverturersQuest
-logFile
Logs/AssetImportWorker3.log
-srvPort
53304
Successfully changed project path to: /Volumes/SoundBanks/Unreal Projects/AdventurersQuest/AdverturersQuest
/Volumes/SoundBanks/Unreal Projects/AdventurersQuest/AdverturersQuest
[UnityMemory] Configuration Parameters - Can be set up in boot.config
    "memorysetup-bucket-allocator-granularity=16"
    "memorysetup-bucket-allocator-bucket-count=8"
    "memorysetup-bucket-allocator-block-size=33554432"
    "memorysetup-bucket-allocator-block-count=8"
    "memorysetup-main-allocator-block-size=16777216"
    "memorysetup-thread-allocator-block-size=16777216"
    "memorysetup-gfx-main-allocator-block-size=16777216"
    "memorysetup-gfx-thread-allocator-block-size=16777216"
    "memorysetup-cache-allocator-block-size=4194304"
    "memorysetup-typetree-allocator-block-size=2097152"
    "memorysetup-profiler-bucket-allocator-granularity=16"
    "memorysetup-profiler-bucket-allocator-bucket-count=8"
    "memorysetup-profiler-bucket-allocator-block-size=33554432"
    "memorysetup-profiler-bucket-allocator-block-count=8"
    "memorysetup-profiler-allocator-block-size=16777216"
    "memorysetup-profiler-editor-allocator-block-size=1048576"
    "memorysetup-temp-allocator-size-main=16777216"
    "memorysetup-job-temp-allocator-block-size=2097152"
    "memorysetup-job-temp-allocator-block-size-background=1048576"
    "memorysetup-job-temp-allocator-reduction-small-platforms=262144"
    "memorysetup-temp-allocator-size-background-worker=32768"
    "memorysetup-temp-allocator-size-job-worker=262144"
    "memorysetup-temp-allocator-size-preload-manager=33554432"
    "memorysetup-temp-allocator-size-nav-mesh-worker=65536"
    "memorysetup-temp-allocator-size-audio-worker=65536"
    "memorysetup-temp-allocator-size-cloud-worker=32768"
    "memorysetup-temp-allocator-size-gi-baking-worker=262144"
    "memorysetup-temp-allocator-size-gfx=262144"
Refreshing native plugins compatible for Editor in 68.54 ms, found 2 plugins.
Preloading 0 native plugins for Editor in 0.00 ms.
Initialize engine version: 2021.3.6f1 (7da38d85baf6)
[Subsystems] Discovering subsystems at path /Applications/Unity/Hub/Editor/2021.3.6f1/Unity.app/Contents/Resources/UnitySubsystems
[Subsystems] Discovering subsystems at path /Volumes/SoundBanks/Unreal Projects/AdventurersQuest/AdverturersQuest/Assets
GfxDevice: creating device client; threaded=0; jobified=0
iMac preferred device: AMD Radeon Pro 5700 XT (high power)
Metal devices available: 1
0: AMD Radeon Pro 5700 XT (high power)
Using device AMD Radeon Pro 5700 XT (high power)
Initializing Metal device caps: AMD Radeon Pro 5700 XT
Initialize mono
Mono path[0] = '/Applications/Unity/Hub/Editor/2021.3.6f1/Unity.app/Contents/Managed'
Mono path[1] = '/Applications/Unity/Hub/Editor/2021.3.6f1/Unity.app/Contents/MonoBleedingEdge/lib/mono/unityjit-macos'
Mono config path = '/Applications/Unity/Hub/Editor/2021.3.6f1/Unity.app/Contents/MonoBleedingEdge/etc'
Using monoOptions --debugger-agent=transport=dt_socket,embedding=1,server=y,suspend=n,address=127.0.0.1:56751
Begin MonoManager ReloadAssembly
Registering precompiled unity dll's ...
Register platform support module: /Applications/Unity/Hub/Editor/2021.3.6f1/PlaybackEngines/WebGLSupport/UnityEditor.WebGL.Extensions.dll
Register platform support module: /Applications/Unity/Hub/Editor/2021.3.6f1/Unity.app/Contents/PlaybackEngines/MacStandaloneSupport/UnityEditor.OSXStandalone.Extensions.dll
Register platform support module: /Applications/Unity/Hub/Editor/2021.3.6f1/PlaybackEngines/AndroidPlayer/UnityEditor.Android.Extensions.dll
Register platform support module: /Applications/Unity/Hub/Editor/2021.3.6f1/PlaybackEngines/iOSSupport/UnityEditor.iOS.Extensions.dll
Register platform support module: /Applications/Unity/Hub/Editor/2021.3.6f1/PlaybackEngines/WindowsStandaloneSupport/UnityEditor.WindowsStandalone.Extensions.dll
Registered in 0.001277 seconds.
Native extension for WindowsStandalone target not found
[usbmuxd] Start listen thread
[usbmuxd] Listen thread started
[usbmuxd] Send listen message
Native extension for iOS target not found
Native extension for Android target not found
Native extension for OSXStandalone target not found
Native extension for WebGL target not found
Refreshing native plugins compatible for Editor in 70.00 ms, found 2 plugins.
Preloading 0 native plugins for Editor in 0.00 ms.
Mono: successfully reloaded assembly
- Completed reload, in  0.685 seconds
Domain Reload Profiling:
	ReloadAssembly (686ms)
		BeginReloadAssembly (50ms)
			ExecutionOrderSort (0ms)
			DisableScriptedObjects (0ms)
			BackupInstance (0ms)
			ReleaseScriptingObjects (0ms)
			CreateAndSetChildDomain (1ms)
		EndReloadAssembly (532ms)
			LoadAssemblies (50ms)
			RebuildTransferFunctionScriptingTraits (0ms)
			SetupTypeCache (117ms)
			ReleaseScriptCaches (0ms)
			RebuildScriptCaches (33ms)
			SetupLoadedEditorAssemblies (336ms)
				LogAssemblyErrors (0ms)
				InitializePlatformSupportModulesInManaged (127ms)
				SetLoadedEditorAssemblies (0ms)
				RefreshPlugins (70ms)
				BeforeProcessingInitializeOnLoad (1ms)
				ProcessInitializeOnLoadAttributes (93ms)
				ProcessInitializeOnLoadMethodAttributes (44ms)
				AfterProcessingInitializeOnLoad (0ms)
				EditorAssembliesLoaded (0ms)
			ExecutionOrderSort2 (0ms)
			AwakeInstancesAfterBackupRestoration (0ms)
Platform modules already initialized, skipping
Registering precompiled user dll's ...
Registered in 0.002423 seconds.
Begin MonoManager ReloadAssembly
Symbol file LoadedFromMemory doesn't match image /Volumes/SoundBanks/Unreal Projects/AdventurersQuest/AdverturersQuest/Library/PackageCache/com.unity.visualscripting@1.7.8/Editor/VisualScripting.Core/Dependencies/YamlDotNet/Unity.VisualScripting.YamlDotNet.dll
Symbol file LoadedFromMemory doesn't match image /Volumes/SoundBanks/Unreal Projects/AdventurersQuest/AdverturersQuest/Library/PackageCache/com.unity.visualscripting@1.7.8/Editor/VisualScripting.Core/Dependencies/DotNetZip/Unity.VisualScripting.IonicZip.dll
Native extension for WindowsStandalone target not found
Native extension for iOS target not found
Native extension for Android target not found
Native extension for OSXStandalone target not found
Native extension for WebGL target not found
Refreshing native plugins compatible for Editor in 0.52 ms, found 2 plugins.
Preloading 0 native plugins for Editor in 0.00 ms.
Mono: successfully reloaded assembly
- Completed reload, in  1.154 seconds
Domain Reload Profiling:
	ReloadAssembly (1155ms)
		BeginReloadAssembly (206ms)
			ExecutionOrderSort (0ms)
			DisableScriptedObjects (6ms)
			BackupInstance (0ms)
			ReleaseScriptingObjects (0ms)
			CreateAndSetChildDomain (133ms)
		EndReloadAssembly (836ms)
			LoadAssemblies (63ms)
			RebuildTransferFunctionScriptingTraits (0ms)
			SetupTypeCache (286ms)
			ReleaseScriptCaches (3ms)
			RebuildScriptCaches (56ms)
			SetupLoadedEditorAssemblies (380ms)
				LogAssemblyErrors (0ms)
				InitializePlatformSupportModulesInManaged (26ms)
				SetLoadedEditorAssemblies (1ms)
				RefreshPlugins (1ms)
				BeforeProcessingInitializeOnLoad (72ms)
				ProcessInitializeOnLoadAttributes (251ms)
				ProcessInitializeOnLoadMethodAttributes (29ms)
				AfterProcessingInitializeOnLoad (1ms)
				EditorAssembliesLoaded (0ms)
			ExecutionOrderSort2 (0ms)
			AwakeInstancesAfterBackupRestoration (3ms)
Platform modules already initialized, skipping
========================================================================
Worker process is ready to serve import requests
Launching external process: /Applications/Unity/Hub/Editor/2021.3.6f1/Unity.app/Contents/Tools/UnityShaderCompiler
Launched and connected shader compiler UnityShaderCompiler after 0.06 seconds
Refreshing native plugins compatible for Editor in 0.47 ms, found 2 plugins.
Preloading 0 native plugins for Editor in 0.00 ms.
Unloading 3368 Unused Serialized files (Serialized files now loaded: 0)
Unloading 27 unused Assets / (82.5 KB). Loaded Objects now: 3828.
Memory consumption went from 71.1 MB to 71.1 MB.
Total: 2.958659 ms (FindLiveObjects: 0.242333 ms CreateObjectMapping: 0.231768 ms MarkObjects: 2.371826 ms  DeleteObjects: 0.112120 ms)

AssetImportParameters requested are different than current active one (requested -> active):
  custom:video-decoder-ogg-theora: a1e56fd34408186e4bbccfd4996cb3dc -> 
  custom:container-muxer-webm: aa71ff27fc2769a1b78a27578f13a17b -> 
  custom:container-demuxer-webm: 4f35f7cbe854078d1ac9338744f61a02 -> 
  custom:video-encoder-webm-vp8: eb34c28f22e8b96e1ab97ce403110664 -> 
  custom:framework-osx-AVFoundation: e770b220cccbd017edd2c1fefb359320 -> 
  custom:audio-encoder-webm-vorbis: bf7c407c2cedff20999df2af8eb42d56 -> 
  custom:container-demuxer-ogg: 62fdf1f143b41e24485cea50d1cbac27 -> 
  custom:video-decoder-webm-vp8: 9c59270c3fd7afecdb556c50c9e8de78 -> 
  custom:audio-decoder-ogg-vorbis: bf7c407c2cedff20999df2af8eb42d56 -> 
========================================================================
Received Import Request.
  Time since last request: 34410.354066 seconds.
  path: 
  artifactKey: Guid(c4dab1b49fbb78f4681253b4bca7f030) Importer(815301076,1909f56bfc062723c751e8b465ee728b)
Start importing  using Guid(c4dab1b49fbb78f4681253b4bca7f030) Importer(815301076,1909f56bfc062723c751e8b465ee728b)  -> (artifact id: '00000000000000000000000000000000') in 0.000031 seconds  code(3) message(Unknown asset with GUID 'c4dab1b49fbb78f4681253b4bca7f030')
  ERROR: Unknown asset with GUID 'c4dab1b49fbb78f4681253b4bca7f030'
========================================================================
Received Import Request.
  Time since last request: 0.000052 seconds.
  path: 
  artifactKey: Guid(068248db1c4777849855300f57365d02) Importer(815301076,1909f56bfc062723c751e8b465ee728b)
Start importing  using Guid(068248db1c4777849855300f57365d02) Importer(815301076,1909f56bfc062723c751e8b465ee728b)  -> (artifact id: '00000000000000000000000000000000') in 0.000036 seconds  code(3) message(Unknown asset with GUID '068248db1c4777849855300f57365d02')
  ERROR: Unknown asset with GUID '068248db1c4777849855300f57365d02'
========================================================================
Received Import Request.
  Time since last request: 0.000061 seconds.
  path: 
  artifactKey: Guid(1deb13e20dfa98c4eb70fc1c5498f2f5) Importer(815301076,1909f56bfc062723c751e8b465ee728b)
Start importing  using Guid(1deb13e20dfa98c4eb70fc1c5498f2f5) Importer(815301076,1909f56bfc062723c751e8b465ee728b)  -> (artifact id: '00000000000000000000000000000000') in 0.000036 seconds  code(3) message(Unknown asset with GUID '1deb13e20dfa98c4eb70fc1c5498f2f5')
  ERROR: Unknown asset with GUID '1deb13e20dfa98c4eb70fc1c5498f2f5'
========================================================================
Received Import Request.
  Time since last request: 0.000058 seconds.
  path: 
  artifactKey: Guid(cc33b7cd58aec244eba27decb5a81c46) Importer(815301076,1909f56bfc062723c751e8b465ee728b)
Start importing  using Guid(cc33b7cd58aec244eba27decb5a81c46) Importer(815301076,1909f56bfc062723c751e8b465ee728b)  -> (artifact id: '00000000000000000000000000000000') in 0.000033 seconds  code(3) message(Unknown asset with GUID 'cc33b7cd58aec244eba27decb5a81c46')
  ERROR: Unknown asset with GUID 'cc33b7cd58aec244eba27decb5a81c46'
========================================================================
Received Import Request.
  Time since last request: 0.000061 seconds.
  path: 
  artifactKey: Guid(d198fc6a6ce9b2f42b7c32159d73add5) Importer(815301076,1909f56bfc062723c751e8b465ee728b)
Start importing  using Guid(d198fc6a6ce9b2f42b7c32159d73add5) Importer(815301076,1909f56bfc062723c751e8b465ee728b)  -> (artifact id: '00000000000000000000000000000000') in 0.000045 seconds  code(3) message(Unknown asset with GUID 'd198fc6a6ce9b2f42b7c32159d73add5')
  ERROR: Unknown asset with GUID 'd198fc6a6ce9b2f42b7c32159d73add5'
========================================================================
Received Import Request.
  Time since last request: 0.000061 seconds.
  path: 
  artifactKey: Guid(6efe382aef804c24d9d510eeac82011e) Importer(815301076,1909f56bfc062723c751e8b465ee728b)
Start importing  using Guid(6efe382aef804c24d9d510eeac82011e) Importer(815301076,1909f56bfc062723c751e8b465ee728b)  -> (artifact id: '00000000000000000000000000000000') in 0.000055 seconds  code(3) message(Unknown asset with GUID '6efe382aef804c24d9d510eeac82011e')
  ERROR: Unknown asset with GUID '6efe382aef804c24d9d510eeac82011e'
========================================================================
Received Import Request.
  Time since last request: 0.000075 seconds.
  path: 
  artifactKey: Guid(c5a255e0970a44242979455faec5ca55) Importer(815301076,1909f56bfc062723c751e8b465ee728b)
Start importing  using Guid(c5a255e0970a44242979455faec5ca55) Importer(815301076,1909f56bfc062723c751e8b465ee728b)  -> (artifact id: '00000000000000000000000000000000') in 0.000038 seconds  code(3) message(Unknown asset with GUID 'c5a255e0970a44242979455faec5ca55')
  ERROR: Unknown asset with GUID 'c5a255e0970a44242979455faec5ca55'
========================================================================
Received Import Request.
  Time since last request: 3.446536 seconds.
  path: 
  artifactKey: Guid(f25160031ad661a4cb6c9b87f4a8ef14) Importer(815301076,1909f56bfc062723c751e8b465ee728b)
Start importing  using Guid(f25160031ad661a4cb6c9b87f4a8ef14) Importer(815301076,1909f56bfc062723c751e8b465ee728b)  -> (artifact id: '00000000000000000000000000000000') in 0.000033 seconds  code(3) message(Unknown asset with GUID 'f25160031ad661a4cb6c9b87f4a8ef14')
  ERROR: Unknown asset with GUID 'f25160031ad661a4cb6c9b87f4a8ef14'
========================================================================
Received Import Request.
  Time since last request: 0.000126 seconds.
  path: 
  artifactKey: Guid(1bec2a85441fe5f419c657b9a8fa8a4d) Importer(815301076,1909f56bfc062723c751e8b465ee728b)
Start importing  using Guid(1bec2a85441fe5f419c657b9a8fa8a4d) Importer(815301076,1909f56bfc062723c751e8b465ee728b)  -> (artifact id: '00000000000000000000000000000000') in 0.000029 seconds  code(3) message(Unknown asset with GUID '1bec2a85441fe5f419c657b9a8fa8a4d')
  ERROR: Unknown asset with GUID '1bec2a85441fe5f419c657b9a8fa8a4d'
========================================================================
Received Import Request.
  Time since last request: 0.000052 seconds.
  path: 
  artifactKey: Guid(ce05f46bfb33afd48a8d036ae53cb6f1) Importer(815301076,1909f56bfc062723c751e8b465ee728b)
Start importing  using Guid(ce05f46bfb33afd48a8d036ae53cb6f1) Importer(815301076,1909f56bfc062723c751e8b465ee728b)  -> (artifact id: '00000000000000000000000000000000') in 0.000026 seconds  code(3) message(Unknown asset with GUID 'ce05f46bfb33afd48a8d036ae53cb6f1')
  ERROR: Unknown asset with GUID 'ce05f46bfb33afd48a8d036ae53cb6f1'
========================================================================
Received Import Request.
  Time since last request: 0.000051 seconds.
  path: 
  artifactKey: Guid(8a94088a5ecda4949ae620f659ce8a27) Importer(815301076,1909f56bfc062723c751e8b465ee728b)
Start importing  using Guid(8a94088a5ecda4949ae620f659ce8a27) Importer(815301076,1909f56bfc062723c751e8b465ee728b)  -> (artifact id: '00000000000000000000000000000000') in 0.000029 seconds  code(3) message(Unknown asset with GUID '8a94088a5ecda4949ae620f659ce8a27')
  ERROR: Unknown asset with GUID '8a94088a5ecda4949ae620f659ce8a27'
========================================================================
Received Import Request.
  Time since last request: 0.000050 seconds.
  path: 
  artifactKey: Guid(cf5b96b50c53dbe47a5722afb149698e) Importer(815301076,1909f56bfc062723c751e8b465ee728b)
Start importing  using Guid(cf5b96b50c53dbe47a5722afb149698e) Importer(815301076,1909f56bfc062723c751e8b465ee728b)  -> (artifact id: '00000000000000000000000000000000') in 0.000040 seconds  code(3) message(Unknown asset with GUID 'cf5b96b50c53dbe47a5722afb149698e')
  ERROR: Unknown asset with GUID 'cf5b96b50c53dbe47a5722afb149698e'
========================================================================
Received Import Request.
  Time since last request: 0.000046 seconds.
  path: 
  artifactKey: Guid(068378e6cded21c43b50a50ed367f27d) Importer(815301076,1909f56bfc062723c751e8b465ee728b)
Start importing  using Guid(068378e6cded21c43b50a50ed367f27d) Importer(815301076,1909f56bfc062723c751e8b465ee728b)  -> (artifact id: '00000000000000000000000000000000') in 0.000041 seconds  code(3) message(Unknown asset with GUID '068378e6cded21c43b50a50ed367f27d')
  ERROR: Unknown asset with GUID '068378e6cded21c43b50a50ed367f27d'
========================================================================
Received Import Request.
  Time since last request: 0.000050 seconds.
  path: 
  artifactKey: Guid(478807c811f1e1340a2c98def2dd0211) Importer(815301076,1909f56bfc062723c751e8b465ee728b)
Start importing  using Guid(478807c811f1e1340a2c98def2dd0211) Importer(815301076,1909f56bfc062723c751e8b465ee728b)  -> (artifact id: '00000000000000000000000000000000') in 0.000030 seconds  code(3) message(Unknown asset with GUID '478807c811f1e1340a2c98def2dd0211')
  ERROR: Unknown asset with GUID '478807c811f1e1340a2c98def2dd0211'
========================================================================
Received Import Request.
  Time since last request: 0.000051 seconds.
  path: 
  artifactKey: Guid(e8e6af184d7171148ba5bc4505da0409) Importer(815301076,1909f56bfc062723c751e8b465ee728b)
Start importing  using Guid(e8e6af184d7171148ba5bc4505da0409) Importer(815301076,1909f56bfc062723c751e8b465ee728b)  -> (artifact id: '00000000000000000000000000000000') in 0.000044 seconds  code(3) message(Unknown asset with GUID 'e8e6af184d7171148ba5bc4505da0409')
  ERROR: Unknown asset with GUID 'e8e6af184d7171148ba5bc4505da0409'
========================================================================
Received Import Request.
  Time since last request: 0.000054 seconds.
  path: 
  artifactKey: Guid(b86156bfa46fa79418474229753c1e5c) Importer(815301076,1909f56bfc062723c751e8b465ee728b)
Start importing  using Guid(b86156bfa46fa79418474229753c1e5c) Importer(815301076,1909f56bfc062723c751e8b465ee728b)  -> (artifact id: '00000000000000000000000000000000') in 0.000047 seconds  code(3) message(Unknown asset with GUID 'b86156bfa46fa79418474229753c1e5c')
  ERROR: Unknown asset with GUID 'b86156bfa46fa79418474229753c1e5c'
========================================================================
Received Import Request.
  Time since last request: 0.000049 seconds.
  path: 
  artifactKey: Guid(d8f51701a6f113f4e9f4f404f4c2ad16) Importer(815301076,1909f56bfc062723c751e8b465ee728b)
Start importing  using Guid(d8f51701a6f113f4e9f4f404f4c2ad16) Importer(815301076,1909f56bfc062723c751e8b465ee728b)  -> (artifact id: '00000000000000000000000000000000') in 0.000046 seconds  code(3) message(Unknown asset with GUID 'd8f51701a6f113f4e9f4f404f4c2ad16')
  ERROR: Unknown asset with GUID 'd8f51701a6f113f4e9f4f404f4c2ad16'
========================================================================
Received Import Request.
  Time since last request: 0.000047 seconds.
  path: 
  artifactKey: Guid(af2e420f2123fda4fb88ac6c78fecc27) Importer(815301076,1909f56bfc062723c751e8b465ee728b)
Start importing  using Guid(af2e420f2123fda4fb88ac6c78fecc27) Importer(815301076,1909f56bfc062723c751e8b465ee728b)  -> (artifact id: '00000000000000000000000000000000') in 0.000038 seconds  code(3) message(Unknown asset with GUID 'af2e420f2123fda4fb88ac6c78fecc27')
  ERROR: Unknown asset with GUID 'af2e420f2123fda4fb88ac6c78fecc27'
========================================================================
Received Import Request.
  Time since last request: 0.000071 seconds.
  path: 
  artifactKey: Guid(c3d69149b13099746891e022f86cc609) Importer(815301076,1909f56bfc062723c751e8b465ee728b)
Start importing  using Guid(c3d69149b13099746891e022f86cc609) Importer(815301076,1909f56bfc062723c751e8b465ee728b)  -> (artifact id: '00000000000000000000000000000000') in 0.000031 seconds  code(3) message(Unknown asset with GUID 'c3d69149b13099746891e022f86cc609')
  ERROR: Unknown asset with GUID 'c3d69149b13099746891e022f86cc609'
========================================================================
Received Import Request.
  Time since last request: 0.000045 seconds.
  path: 
  artifactKey: Guid(32ae5c2ff2b83ca46a2b31da3d543028) Importer(815301076,1909f56bfc062723c751e8b465ee728b)
Start importing  using Guid(32ae5c2ff2b83ca46a2b31da3d543028) Importer(815301076,1909f56bfc062723c751e8b465ee728b)  -> (artifact id: '00000000000000000000000000000000') in 0.000045 seconds  code(3) message(Unknown asset with GUID '32ae5c2ff2b83ca46a2b31da3d543028')
  ERROR: Unknown asset with GUID '32ae5c2ff2b83ca46a2b31da3d543028'
========================================================================
Received Import Request.
  Time since last request: 0.000044 seconds.
  path: 
  artifactKey: Guid(ac9a928470534dc4598d8e1990d1ebfe) Importer(815301076,1909f56bfc062723c751e8b465ee728b)
Start importing  using Guid(ac9a928470534dc4598d8e1990d1ebfe) Importer(815301076,1909f56bfc062723c751e8b465ee728b)  -> (artifact id: '00000000000000000000000000000000') in 0.000035 seconds  code(3) message(Unknown asset with GUID 'ac9a928470534dc4598d8e1990d1ebfe')
  ERROR: Unknown asset with GUID 'ac9a928470534dc4598d8e1990d1ebfe'
========================================================================
Received Import Request.
  Time since last request: 0.000048 seconds.
  path: 
  artifactKey: Guid(f41604d2c45ca744bbb7b1650af7f6d1) Importer(815301076,1909f56bfc062723c751e8b465ee728b)
Start importing  using Guid(f41604d2c45ca744bbb7b1650af7f6d1) Importer(815301076,1909f56bfc062723c751e8b465ee728b)  -> (artifact id: '00000000000000000000000000000000') in 0.000040 seconds  code(3) message(Unknown asset with GUID 'f41604d2c45ca744bbb7b1650af7f6d1')
  ERROR: Unknown asset with GUID 'f41604d2c45ca744bbb7b1650af7f6d1'
========================================================================
Received Import Request.
  Time since last request: 0.000054 seconds.
  path: 
  artifactKey: Guid(1475d9465c5be384383a074dec56c80d) Importer(815301076,1909f56bfc062723c751e8b465ee728b)
Start importing  using Guid(1475d9465c5be384383a074dec56c80d) Importer(815301076,1909f56bfc062723c751e8b465ee728b)  -> (artifact id: '00000000000000000000000000000000') in 0.000033 seconds  code(3) message(Unknown asset with GUID '1475d9465c5be384383a074dec56c80d')
  ERROR: Unknown asset with GUID '1475d9465c5be384383a074dec56c80d'
========================================================================
Received Import Request.
  Time since last request: 0.000050 seconds.
  path: 
  artifactKey: Guid(36d81d7752768d346ae7e18c77d4a3f2) Importer(815301076,1909f56bfc062723c751e8b465ee728b)
Start importing  using Guid(36d81d7752768d346ae7e18c77d4a3f2) Importer(815301076,1909f56bfc062723c751e8b465ee728b)  -> (artifact id: '00000000000000000000000000000000') in 0.000039 seconds  code(3) message(Unknown asset with GUID '36d81d7752768d346ae7e18c77d4a3f2')
  ERROR: Unknown asset with GUID '36d81d7752768d346ae7e18c77d4a3f2'
========================================================================
Received Import Request.
  Time since last request: 0.000056 seconds.
  path: 
  artifactKey: Guid(6add066eeba39344d80ecfe09c8aecf2) Importer(815301076,1909f56bfc062723c751e8b465ee728b)
Start importing  using Guid(6add066eeba39344d80ecfe09c8aecf2) Importer(815301076,1909f56bfc062723c751e8b465ee728b)  -> (artifact id: '00000000000000000000000000000000') in 0.000054 seconds  code(3) message(Unknown asset with GUID '6add066eeba39344d80ecfe09c8aecf2')
  ERROR: Unknown asset with GUID '6add066eeba39344d80ecfe09c8aecf2'
========================================================================
Received Import Request.
  Time since last request: 0.000056 seconds.
  path: 
  artifactKey: Guid(63217a1c487cc7542852eab21864d0fe) Importer(815301076,1909f56bfc062723c751e8b465ee728b)
Start importing  using Guid(63217a1c487cc7542852eab21864d0fe) Importer(815301076,1909f56bfc062723c751e8b465ee728b)  -> (artifact id: '00000000000000000000000000000000') in 0.000040 seconds  code(3) message(Unknown asset with GUID '63217a1c487cc7542852eab21864d0fe')
  ERROR: Unknown asset with GUID '63217a1c487cc7542852eab21864d0fe'
========================================================================
Received Import Request.
  Time since last request: 0.000048 seconds.
  path: 
  artifactKey: Guid(d0af963ed37df0b4fad1ff77a33e077c) Importer(815301076,1909f56bfc062723c751e8b465ee728b)
Start importing  using Guid(d0af963ed37df0b4fad1ff77a33e077c) Importer(815301076,1909f56bfc062723c751e8b465ee728b)  -> (artifact id: '00000000000000000000000000000000') in 0.000039 seconds  code(3) message(Unknown asset with GUID 'd0af963ed37df0b4fad1ff77a33e077c')
  ERROR: Unknown asset with GUID 'd0af963ed37df0b4fad1ff77a33e077c'
========================================================================
Received Import Request.
  Time since last request: 0.000058 seconds.
  path: 
  artifactKey: Guid(217326f6d9458e942ab173e013819f9b) Importer(815301076,1909f56bfc062723c751e8b465ee728b)
Start importing  using Guid(217326f6d9458e942ab173e013819f9b) Importer(815301076,1909f56bfc062723c751e8b465ee728b)  -> (artifact id: '00000000000000000000000000000000') in 0.000039 seconds  code(3) message(Unknown asset with GUID '217326f6d9458e942ab173e013819f9b')
  ERROR: Unknown asset with GUID '217326f6d9458e942ab173e013819f9b'
========================================================================
Received Import Request.
  Time since last request: 0.000053 seconds.
  path: 
  artifactKey: Guid(e7bccf634a43f2942bd2ff7450492a64) Importer(815301076,1909f56bfc062723c751e8b465ee728b)
Start importing  using Guid(e7bccf634a43f2942bd2ff7450492a64) Importer(815301076,1909f56bfc062723c751e8b465ee728b)  -> (artifact id: '00000000000000000000000000000000') in 0.000044 seconds  code(3) message(Unknown asset with GUID 'e7bccf634a43f2942bd2ff7450492a64')
  ERROR: Unknown asset with GUID 'e7bccf634a43f2942bd2ff7450492a64'
========================================================================
Received Import Request.
  Time since last request: 0.000217 seconds.
  path: 
  artifactKey: Guid(169dee02667d1df4bb24026c85279db9) Importer(815301076,1909f56bfc062723c751e8b465ee728b)
Start importing  using Guid(169dee02667d1df4bb24026c85279db9) Importer(815301076,1909f56bfc062723c751e8b465ee728b)  -> (artifact id: '00000000000000000000000000000000') in 0.000050 seconds  code(3) message(Unknown asset with GUID '169dee02667d1df4bb24026c85279db9')
  ERROR: Unknown asset with GUID '169dee02667d1df4bb24026c85279db9'
========================================================================
Received Import Request.
  Time since last request: 0.000053 seconds.
  path: 
  artifactKey: Guid(f114319682c70c64eae5e9e9b500b91f) Importer(815301076,1909f56bfc062723c751e8b465ee728b)
Start importing  using Guid(f114319682c70c64eae5e9e9b500b91f) Importer(815301076,1909f56bfc062723c751e8b465ee728b)  -> (artifact id: '00000000000000000000000000000000') in 0.000032 seconds  code(3) message(Unknown asset with GUID 'f114319682c70c64eae5e9e9b500b91f')
  ERROR: Unknown asset with GUID 'f114319682c70c64eae5e9e9b500b91f'
========================================================================
Received Import Request.
  Time since last request: 0.000061 seconds.
  path: 
  artifactKey: Guid(4988b4763ad1d8f4e8ebc74f9485417b) Importer(815301076,1909f56bfc062723c751e8b465ee728b)
Start importing  using Guid(4988b4763ad1d8f4e8ebc74f9485417b) Importer(815301076,1909f56bfc062723c751e8b465ee728b)  -> (artifact id: '00000000000000000000000000000000') in 0.000036 seconds  code(3) message(Unknown asset with GUID '4988b4763ad1d8f4e8ebc74f9485417b')
  ERROR: Unknown asset with GUID '4988b4763ad1d8f4e8ebc74f9485417b'
========================================================================
Received Import Request.
  Time since last request: 0.000052 seconds.
  path: 
  artifactKey: Guid(6cd00c28e50545446afa13c8d7644e00) Importer(815301076,1909f56bfc062723c751e8b465ee728b)
Start importing  using Guid(6cd00c28e50545446afa13c8d7644e00) Importer(815301076,1909f56bfc062723c751e8b465ee728b)  -> (artifact id: '00000000000000000000000000000000') in 0.000041 seconds  code(3) message(Unknown asset with GUID '6cd00c28e50545446afa13c8d7644e00')
  ERROR: Unknown asset with GUID '6cd00c28e50545446afa13c8d7644e00'
========================================================================
Received Import Request.
  Time since last request: 0.000044 seconds.
  path: 
  artifactKey: Guid(3c7252372eb5d794eb9cb102f51352d7) Importer(815301076,1909f56bfc062723c751e8b465ee728b)
Start importing  using Guid(3c7252372eb5d794eb9cb102f51352d7) Importer(815301076,1909f56bfc062723c751e8b465ee728b)  -> (artifact id: '00000000000000000000000000000000') in 0.000053 seconds  code(3) message(Unknown asset with GUID '3c7252372eb5d794eb9cb102f51352d7')
  ERROR: Unknown asset with GUID '3c7252372eb5d794eb9cb102f51352d7'
========================================================================
Received Import Request.
  Time since last request: 0.000045 seconds.
  path: 
  artifactKey: Guid(f304aa4bfac33c344b3e99c444a4806c) Importer(815301076,1909f56bfc062723c751e8b465ee728b)
Start importing  using Guid(f304aa4bfac33c344b3e99c444a4806c) Importer(815301076,1909f56bfc062723c751e8b465ee728b)  -> (artifact id: '00000000000000000000000000000000') in 0.000031 seconds  code(3) message(Unknown asset with GUID 'f304aa4bfac33c344b3e99c444a4806c')
  ERROR: Unknown asset with GUID 'f304aa4bfac33c344b3e99c444a4806c'
========================================================================
Received Import Request.
  Time since last request: 0.000051 seconds.
  path: 
  artifactKey: Guid(7aed39bbed0ff7546aa0bfb165cc4d81) Importer(815301076,1909f56bfc062723c751e8b465ee728b)
Start importing  using Guid(7aed39bbed0ff7546aa0bfb165cc4d81) Importer(815301076,1909f56bfc062723c751e8b465ee728b)  -> (artifact id: '00000000000000000000000000000000') in 0.000036 seconds  code(3) message(Unknown asset with GUID '7aed39bbed0ff7546aa0bfb165cc4d81')
  ERROR: Unknown asset with GUID '7aed39bbed0ff7546aa0bfb165cc4d81'
========================================================================
Received Import Request.
  Time since last request: 0.000059 seconds.
  path: 
  artifactKey: Guid(c7edf45067c787d448920dd452189c3a) Importer(815301076,1909f56bfc062723c751e8b465ee728b)
Start importing  using Guid(c7edf45067c787d448920dd452189c3a) Importer(815301076,1909f56bfc062723c751e8b465ee728b)  -> (artifact id: '00000000000000000000000000000000') in 0.000050 seconds  code(3) message(Unknown asset with GUID 'c7edf45067c787d448920dd452189c3a')
  ERROR: Unknown asset with GUID 'c7edf45067c787d448920dd452189c3a'
========================================================================
Received Import Request.
  Time since last request: 0.000058 seconds.
  path: 
  artifactKey: Guid(7cca0da1c9236f24a9ec6fb145018a6a) Importer(815301076,1909f56bfc062723c751e8b465ee728b)
Start importing  using Guid(7cca0da1c9236f24a9ec6fb145018a6a) Importer(815301076,1909f56bfc062723c751e8b465ee728b)  -> (artifact id: '00000000000000000000000000000000') in 0.000040 seconds  code(3) message(Unknown asset with GUID '7cca0da1c9236f24a9ec6fb145018a6a')
  ERROR: Unknown asset with GUID '7cca0da1c9236f24a9ec6fb145018a6a'
========================================================================
Received Import Request.
  Time since last request: 0.000047 seconds.
  path: 
  artifactKey: Guid(e2de4d06cdaca274bbd4052f62db6c25) Importer(815301076,1909f56bfc062723c751e8b465ee728b)
Start importing  using Guid(e2de4d06cdaca274bbd4052f62db6c25) Importer(815301076,1909f56bfc062723c751e8b465ee728b)  -> (artifact id: '00000000000000000000000000000000') in 0.000030 seconds  code(3) message(Unknown asset with GUID 'e2de4d06cdaca274bbd4052f62db6c25')
  ERROR: Unknown asset with GUID 'e2de4d06cdaca274bbd4052f62db6c25'
========================================================================
Received Import Request.
  Time since last request: 0.000064 seconds.
  path: 
  artifactKey: Guid(f121d5974e3fdff4082c44b1eb287d47) Importer(815301076,1909f56bfc062723c751e8b465ee728b)
Start importing  using Guid(f121d5974e3fdff4082c44b1eb287d47) Importer(815301076,1909f56bfc062723c751e8b465ee728b)  -> (artifact id: '00000000000000000000000000000000') in 0.000031 seconds  code(3) message(Unknown asset with GUID 'f121d5974e3fdff4082c44b1eb287d47')
  ERROR: Unknown asset with GUID 'f121d5974e3fdff4082c44b1eb287d47'
========================================================================
Received Import Request.
  Time since last request: 0.000080 seconds.
  path: 
  artifactKey: Guid(d377e0e9e487b6f4097a17f39e7a20e5) Importer(815301076,1909f56bfc062723c751e8b465ee728b)
Start importing  using Guid(d377e0e9e487b6f4097a17f39e7a20e5) Importer(815301076,1909f56bfc062723c751e8b465ee728b)  -> (artifact id: '00000000000000000000000000000000') in 0.000038 seconds  code(3) message(Unknown asset with GUID 'd377e0e9e487b6f4097a17f39e7a20e5')
  ERROR: Unknown asset with GUID 'd377e0e9e487b6f4097a17f39e7a20e5'
========================================================================
Received Import Request.
  Time since last request: 0.000055 seconds.
  path: 
  artifactKey: Guid(27c4d742d78473045a46ab69898c16cb) Importer(815301076,1909f56bfc062723c751e8b465ee728b)
Start importing  using Guid(27c4d742d78473045a46ab69898c16cb) Importer(815301076,1909f56bfc062723c751e8b465ee728b)  -> (artifact id: '00000000000000000000000000000000') in 0.000033 seconds  code(3) message(Unknown asset with GUID '27c4d742d78473045a46ab69898c16cb')
  ERROR: Unknown asset with GUID '27c4d742d78473045a46ab69898c16cb'
========================================================================
Received Import Request.
  Time since last request: 0.000051 seconds.
  path: 
  artifactKey: Guid(e540b6532357ae3448b6ba4e47707a41) Importer(815301076,1909f56bfc062723c751e8b465ee728b)
Start importing  using Guid(e540b6532357ae3448b6ba4e47707a41) Importer(815301076,1909f56bfc062723c751e8b465ee728b)  -> (artifact id: '00000000000000000000000000000000') in 0.000030 seconds  code(3) message(Unknown asset with GUID 'e540b6532357ae3448b6ba4e47707a41')
  ERROR: Unknown asset with GUID 'e540b6532357ae3448b6ba4e47707a41'
========================================================================
Received Import Request.
  Time since last request: 0.000049 seconds.
  path: 
  artifactKey: Guid(c59525a819f154f419d20b71bf5fac71) Importer(815301076,1909f56bfc062723c751e8b465ee728b)
Start importing  using Guid(c59525a819f154f419d20b71bf5fac71) Importer(815301076,1909f56bfc062723c751e8b465ee728b)  -> (artifact id: '00000000000000000000000000000000') in 0.000032 seconds  code(3) message(Unknown asset with GUID 'c59525a819f154f419d20b71bf5fac71')
  ERROR: Unknown asset with GUID 'c59525a819f154f419d20b71bf5fac71'
========================================================================
Received Import Request.
  Time since last request: 0.000048 seconds.
  path: 
  artifactKey: Guid(9fc815713119f2143b783d3716031b22) Importer(815301076,1909f56bfc062723c751e8b465ee728b)
Start importing  using Guid(9fc815713119f2143b783d3716031b22) Importer(815301076,1909f56bfc062723c751e8b465ee728b)  -> (artifact id: '00000000000000000000000000000000') in 0.000037 seconds  code(3) message(Unknown asset with GUID '9fc815713119f2143b783d3716031b22')
  ERROR: Unknown asset with GUID '9fc815713119f2143b783d3716031b22'
========================================================================
Received Import Request.
  Time since last request: 0.000047 seconds.
  path: 
  artifactKey: Guid(2c25bedf8977f9145928dc3ba4fb4fbf) Importer(815301076,1909f56bfc062723c751e8b465ee728b)
Start importing  using Guid(2c25bedf8977f9145928dc3ba4fb4fbf) Importer(815301076,1909f56bfc062723c751e8b465ee728b)  -> (artifact id: '00000000000000000000000000000000') in 0.000037 seconds  code(3) message(Unknown asset with GUID '2c25bedf8977f9145928dc3ba4fb4fbf')
  ERROR: Unknown asset with GUID '2c25bedf8977f9145928dc3ba4fb4fbf'
========================================================================
Received Import Request.
  Time since last request: 0.000048 seconds.
  path: 
  artifactKey: Guid(4c6113b13826573458848c49cf670dbd) Importer(815301076,1909f56bfc062723c751e8b465ee728b)
Start importing  using Guid(4c6113b13826573458848c49cf670dbd) Importer(815301076,1909f56bfc062723c751e8b465ee728b)  -> (artifact id: '00000000000000000000000000000000') in 0.000033 seconds  code(3) message(Unknown asset with GUID '4c6113b13826573458848c49cf670dbd')
  ERROR: Unknown asset with GUID '4c6113b13826573458848c49cf670dbd'
========================================================================
Received Import Request.
  Time since last request: 0.000050 seconds.
  path: 
  artifactKey: Guid(1efb2c86b1487024c92f4f35d8c49415) Importer(815301076,1909f56bfc062723c751e8b465ee728b)
Start importing  using Guid(1efb2c86b1487024c92f4f35d8c49415) Importer(815301076,1909f56bfc062723c751e8b465ee728b)  -> (artifact id: '00000000000000000000000000000000') in 0.000049 seconds  code(3) message(Unknown asset with GUID '1efb2c86b1487024c92f4f35d8c49415')
  ERROR: Unknown asset with GUID '1efb2c86b1487024c92f4f35d8c49415'
========================================================================
Received Import Request.
  Time since last request: 0.000060 seconds.
  path: 
  artifactKey: Guid(b6af68896289d7e4d9801563bf3c98c7) Importer(815301076,1909f56bfc062723c751e8b465ee728b)
Start importing  using Guid(b6af68896289d7e4d9801563bf3c98c7) Importer(815301076,1909f56bfc062723c751e8b465ee728b)  -> (artifact id: '00000000000000000000000000000000') in 0.000039 seconds  code(3) message(Unknown asset with GUID 'b6af68896289d7e4d9801563bf3c98c7')
  ERROR: Unknown asset with GUID 'b6af68896289d7e4d9801563bf3c98c7'
========================================================================
Received Import Request.
  Time since last request: 0.000054 seconds.
  path: 
  artifactKey: Guid(1d750a4ebda842543ba05c25cdf382fc) Importer(815301076,1909f56bfc062723c751e8b465ee728b)
Start importing  using Guid(1d750a4ebda842543ba05c25cdf382fc) Importer(815301076,1909f56bfc062723c751e8b465ee728b)  -> (artifact id: '00000000000000000000000000000000') in 0.000049 seconds  code(3) message(Unknown asset with GUID '1d750a4ebda842543ba05c25cdf382fc')
  ERROR: Unknown asset with GUID '1d750a4ebda842543ba05c25cdf382fc'
========================================================================
Received Import Request.
  Time since last request: 0.000086 seconds.
  path: 
  artifactKey: Guid(b52ce5ed959047c42a438b8e992d9762) Importer(815301076,1909f56bfc062723c751e8b465ee728b)
Start importing  using Guid(b52ce5ed959047c42a438b8e992d9762) Importer(815301076,1909f56bfc062723c751e8b465ee728b)  -> (artifact id: '00000000000000000000000000000000') in 0.000034 seconds  code(3) message(Unknown asset with GUID 'b52ce5ed959047c42a438b8e992d9762')
  ERROR: Unknown asset with GUID 'b52ce5ed959047c42a438b8e992d9762'
========================================================================
Received Import Request.
  Time since last request: 1.423533 seconds.
  path: 
  artifactKey: Guid(42ecd3ee4e86f2042bf51e4ec7e602dc) Importer(815301076,1909f56bfc062723c751e8b465ee728b)
Start importing  using Guid(42ecd3ee4e86f2042bf51e4ec7e602dc) Importer(815301076,1909f56bfc062723c751e8b465ee728b)  -> (artifact id: '00000000000000000000000000000000') in 0.000033 seconds  code(3) message(Unknown asset with GUID '42ecd3ee4e86f2042bf51e4ec7e602dc')
  ERROR: Unknown asset with GUID '42ecd3ee4e86f2042bf51e4ec7e602dc'
========================================================================
Received Import Request.
  Time since last request: 0.000070 seconds.
  path: 
  artifactKey: Guid(056ac1ecc6ff1a54484e7b167e9714ba) Importer(815301076,1909f56bfc062723c751e8b465ee728b)
Start importing  using Guid(056ac1ecc6ff1a54484e7b167e9714ba) Importer(815301076,1909f56bfc062723c751e8b465ee728b)  -> (artifact id: '00000000000000000000000000000000') in 0.000033 seconds  code(3) message(Unknown asset with GUID '056ac1ecc6ff1a54484e7b167e9714ba')
  ERROR: Unknown asset with GUID '056ac1ecc6ff1a54484e7b167e9714ba'
========================================================================
Received Import Request.
  Time since last request: 0.000059 seconds.
  path: 
  artifactKey: Guid(6abf5b06e659a694c91abbd99b890b5e) Importer(815301076,1909f56bfc062723c751e8b465ee728b)
Start importing  using Guid(6abf5b06e659a694c91abbd99b890b5e) Importer(815301076,1909f56bfc062723c751e8b465ee728b)  -> (artifact id: '00000000000000000000000000000000') in 0.000062 seconds  code(3) message(Unknown asset with GUID '6abf5b06e659a694c91abbd99b890b5e')
  ERROR: Unknown asset with GUID '6abf5b06e659a694c91abbd99b890b5e'
========================================================================
Received Import Request.
  Time since last request: 0.000051 seconds.
  path: 
  artifactKey: Guid(402ab09d2fd981c48bcab49e5da9b09b) Importer(815301076,1909f56bfc062723c751e8b465ee728b)
Start importing  using Guid(402ab09d2fd981c48bcab49e5da9b09b) Importer(815301076,1909f56bfc062723c751e8b465ee728b)  -> (artifact id: '00000000000000000000000000000000') in 0.000044 seconds  code(3) message(Unknown asset with GUID '402ab09d2fd981c48bcab49e5da9b09b')
  ERROR: Unknown asset with GUID '402ab09d2fd981c48bcab49e5da9b09b'
========================================================================
Received Import Request.
  Time since last request: 0.000051 seconds.
  path: 
  artifactKey: Guid(ef4bc9119742f004686a2a99933d999e) Importer(815301076,1909f56bfc062723c751e8b465ee728b)
Start importing  using Guid(ef4bc9119742f004686a2a99933d999e) Importer(815301076,1909f56bfc062723c751e8b465ee728b)  -> (artifact id: '00000000000000000000000000000000') in 0.000034 seconds  code(3) message(Unknown asset with GUID 'ef4bc9119742f004686a2a99933d999e')
  ERROR: Unknown asset with GUID 'ef4bc9119742f004686a2a99933d999e'
========================================================================
Received Import Request.
  Time since last request: 0.000051 seconds.
  path: 
  artifactKey: Guid(0b87110bc7827204497117693770934f) Importer(815301076,1909f56bfc062723c751e8b465ee728b)
Start importing  using Guid(0b87110bc7827204497117693770934f) Importer(815301076,1909f56bfc062723c751e8b465ee728b)  -> (artifact id: '00000000000000000000000000000000') in 0.000041 seconds  code(3) message(Unknown asset with GUID '0b87110bc7827204497117693770934f')
  ERROR: Unknown asset with GUID '0b87110bc7827204497117693770934f'
========================================================================
Received Import Request.
  Time since last request: 0.000057 seconds.
  path: 
  artifactKey: Guid(d8125b6fbf9f81446941b657b14b6ff0) Importer(815301076,1909f56bfc062723c751e8b465ee728b)
Start importing  using Guid(d8125b6fbf9f81446941b657b14b6ff0) Importer(815301076,1909f56bfc062723c751e8b465ee728b)  -> (artifact id: '00000000000000000000000000000000') in 0.000048 seconds  code(3) message(Unknown asset with GUID 'd8125b6fbf9f81446941b657b14b6ff0')
  ERROR: Unknown asset with GUID 'd8125b6fbf9f81446941b657b14b6ff0'
========================================================================
Received Import Request.
  Time since last request: 0.000068 seconds.
  path: 
  artifactKey: Guid(25c977a3d6177a949b27016fbca2603f) Importer(815301076,1909f56bfc062723c751e8b465ee728b)
Start importing  using Guid(25c977a3d6177a949b27016fbca2603f) Importer(815301076,1909f56bfc062723c751e8b465ee728b)  -> (artifact id: '00000000000000000000000000000000') in 0.000042 seconds  code(3) message(Unknown asset with GUID '25c977a3d6177a949b27016fbca2603f')
  ERROR: Unknown asset with GUID '25c977a3d6177a949b27016fbca2603f'
========================================================================
Received Import Request.
  Time since last request: 0.000073 seconds.
  path: 
  artifactKey: Guid(a67a454b227dd7247ba2c5abd6cbc589) Importer(815301076,1909f56bfc062723c751e8b465ee728b)
Start importing  using Guid(a67a454b227dd7247ba2c5abd6cbc589) Importer(815301076,1909f56bfc062723c751e8b465ee728b)  -> (artifact id: '00000000000000000000000000000000') in 0.000037 seconds  code(3) message(Unknown asset with GUID 'a67a454b227dd7247ba2c5abd6cbc589')
  ERROR: Unknown asset with GUID 'a67a454b227dd7247ba2c5abd6cbc589'
========================================================================
Received Import Request.
  Time since last request: 1.823292 seconds.
  path: 
  artifactKey: Guid(dffe051eb2d4c2d4aa88d17d07bbf10c) Importer(815301076,1909f56bfc062723c751e8b465ee728b)
Start importing  using Guid(dffe051eb2d4c2d4aa88d17d07bbf10c) Importer(815301076,1909f56bfc062723c751e8b465ee728b)  -> (artifact id: '00000000000000000000000000000000') in 0.000027 seconds  code(3) message(Unknown asset with GUID 'dffe051eb2d4c2d4aa88d17d07bbf10c')
  ERROR: Unknown asset with GUID 'dffe051eb2d4c2d4aa88d17d07bbf10c'
========================================================================
Received Import Request.
  Time since last request: 0.000043 seconds.
  path: 
  artifactKey: Guid(4619c3676e1b6f343a26ece5d66c8182) Importer(815301076,1909f56bfc062723c751e8b465ee728b)
Start importing  using Guid(4619c3676e1b6f343a26ece5d66c8182) Importer(815301076,1909f56bfc062723c751e8b465ee728b)  -> (artifact id: '00000000000000000000000000000000') in 0.000035 seconds  code(3) message(Unknown asset with GUID '4619c3676e1b6f343a26ece5d66c8182')
  ERROR: Unknown asset with GUID '4619c3676e1b6f343a26ece5d66c8182'
Editor requested this worker to shutdown with reason: Scaling down because of idle timeout
AssetImportWorker is now disconnected from the server
Process exiting
