Using pre-set license
Built from '2021.3/staging' branch; Version is '2021.3.26f1 (a16dc32e0ff2) revision 10579395'; Using compiler version '192829333'; Build Type 'Release'
OS: 'Windows 10  (10.0.19045) 64bit Professional' Language: 'es' Physical Memory: 8135 MB
BatchMode: 1, IsHumanControllingUs: 0, StartBugReporterOnCrash: 0, Is64bit: 1, IsPro: 1

COMMAND LINE ARGUMENTS:
C:\Program Files\Unity 2021.3.26f1\Editor\Unity.exe
-adb2
-batchMode
-noUpm
-name
AssetImportWorker1
-projectPath
E:/UNITY/AdventurersQuest/AdverturersQuest
-logFile
Logs/AssetImportWorker1.log
-srvPort
59954
Successfully changed project path to: E:/UNITY/AdventurersQuest/AdverturersQuest
E:/UNITY/AdventurersQuest/AdverturersQuest
[UnityMemory] Configuration Parameters - Can be set up in boot.config
    "memorysetup-bucket-allocator-granularity=16"
    "memorysetup-bucket-allocator-bucket-count=8"
    "memorysetup-bucket-allocator-block-size=33554432"
    "memorysetup-bucket-allocator-block-count=8"
    "memorysetup-main-allocator-block-size=16777216"
    "memorysetup-thread-allocator-block-size=16777216"
    "memorysetup-gfx-main-allocator-block-size=16777216"
    "memorysetup-gfx-thread-allocator-block-size=16777216"
    "memorysetup-cache-allocator-block-size=4194304"
    "memorysetup-typetree-allocator-block-size=2097152"
    "memorysetup-profiler-bucket-allocator-granularity=16"
    "memorysetup-profiler-bucket-allocator-bucket-count=8"
    "memorysetup-profiler-bucket-allocator-block-size=33554432"
    "memorysetup-profiler-bucket-allocator-block-count=8"
    "memorysetup-profiler-allocator-block-size=16777216"
    "memorysetup-profiler-editor-allocator-block-size=1048576"
    "memorysetup-temp-allocator-size-main=16777216"
    "memorysetup-job-temp-allocator-block-size=2097152"
    "memorysetup-job-temp-allocator-block-size-background=1048576"
    "memorysetup-job-temp-allocator-reduction-small-platforms=262144"
    "memorysetup-temp-allocator-size-background-worker=32768"
    "memorysetup-temp-allocator-size-job-worker=262144"
    "memorysetup-temp-allocator-size-preload-manager=33554432"
    "memorysetup-temp-allocator-size-nav-mesh-worker=65536"
    "memorysetup-temp-allocator-size-audio-worker=65536"
    "memorysetup-temp-allocator-size-cloud-worker=32768"
    "memorysetup-temp-allocator-size-gi-baking-worker=262144"
    "memorysetup-temp-allocator-size-gfx=262144"
Player connection [10392] Host "[IP] 172.18.144.1 [Port] 0 [Flags] 2 [Guid] 3746678628 [EditorId] 3746678628 [Version] 1048832 [Id] WindowsEditor(7,DESKTOP-H8993N5) [Debug] 1 [PackageName] WindowsEditor [ProjectName] Editor" joined multi-casting on [225.0.0.222:54997]...

Player connection [10392] Host "[IP] 172.18.144.1 [Port] 0 [Flags] 2 [Guid] 3746678628 [EditorId] 3746678628 [Version] 1048832 [Id] WindowsEditor(7,DESKTOP-H8993N5) [Debug] 1 [PackageName] WindowsEditor [ProjectName] Editor" joined alternative multi-casting on [225.0.0.222:34997]...

Refreshing native plugins compatible for Editor in 102.48 ms, found 3 plugins.
Preloading 0 native plugins for Editor in 0.00 ms.
Initialize engine version: 2021.3.26f1 (a16dc32e0ff2)
[Subsystems] Discovering subsystems at path C:/Program Files/Unity 2021.3.26f1/Editor/Data/Resources/UnitySubsystems
[Subsystems] Discovering subsystems at path E:/UNITY/AdventurersQuest/AdverturersQuest/Assets
GfxDevice: creating device client; threaded=0; jobified=0
Direct3D:
    Version:  Direct3D 11.0 [level 11.1]
    Renderer: NVIDIA GeForce GT 1030 (ID=0x1d01)
    Vendor:   NVIDIA
    VRAM:     1982 MB
    Driver:   31.0.15.1694
Initialize mono
Mono path[0] = 'C:/Program Files/Unity 2021.3.26f1/Editor/Data/Managed'
Mono path[1] = 'C:/Program Files/Unity 2021.3.26f1/Editor/Data/MonoBleedingEdge/lib/mono/unityjit-win32'
Mono config path = 'C:/Program Files/Unity 2021.3.26f1/Editor/Data/MonoBleedingEdge/etc'
Using monoOptions --debugger-agent=transport=dt_socket,embedding=1,server=y,suspend=n,address=127.0.0.1:56048
Begin MonoManager ReloadAssembly
Registering precompiled unity dll's ...
Register platform support module: C:/Program Files/Unity 2021.3.26f1/Editor/Data/PlaybackEngines/WindowsStandaloneSupport/UnityEditor.WindowsStandalone.Extensions.dll
Registered in 0.008193 seconds.
Native extension for WindowsStandalone target not found
Refreshing native plugins compatible for Editor in 89.79 ms, found 3 plugins.
Preloading 0 native plugins for Editor in 0.00 ms.
Mono: successfully reloaded assembly
- Completed reload, in  0.942 seconds
Domain Reload Profiling:
	ReloadAssembly (943ms)
		BeginReloadAssembly (152ms)
			ExecutionOrderSort (0ms)
			DisableScriptedObjects (0ms)
			BackupInstance (0ms)
			ReleaseScriptingObjects (0ms)
			CreateAndSetChildDomain (1ms)
		EndReloadAssembly (636ms)
			LoadAssemblies (148ms)
			RebuildTransferFunctionScriptingTraits (0ms)
			SetupTypeCache (157ms)
			ReleaseScriptCaches (0ms)
			RebuildScriptCaches (36ms)
			SetupLoadedEditorAssemblies (368ms)
				LogAssemblyErrors (0ms)
				InitializePlatformSupportModulesInManaged (11ms)
				SetLoadedEditorAssemblies (0ms)
				RefreshPlugins (90ms)
				BeforeProcessingInitializeOnLoad (2ms)
				ProcessInitializeOnLoadAttributes (185ms)
				ProcessInitializeOnLoadMethodAttributes (80ms)
				AfterProcessingInitializeOnLoad (0ms)
				EditorAssembliesLoaded (0ms)
			ExecutionOrderSort2 (0ms)
			AwakeInstancesAfterBackupRestoration (0ms)
Platform modules already initialized, skipping
Registering precompiled user dll's ...
Registered in 0.007698 seconds.
Begin MonoManager ReloadAssembly
Symbol file LoadedFromMemory doesn't match image E:\UNITY\AdventurersQuest\AdverturersQuest\Library\PackageCache\com.unity.visualscripting@1.8.0\Editor\VisualScripting.Core\Dependencies\YamlDotNet\Unity.VisualScripting.YamlDotNet.dll
Symbol file LoadedFromMemory doesn't match image E:\UNITY\AdventurersQuest\AdverturersQuest\Library\PackageCache\com.unity.visualscripting@1.8.0\Editor\VisualScripting.Core\Dependencies\DotNetZip\Unity.VisualScripting.IonicZip.dll
Native extension for WindowsStandalone target not found
Refreshing native plugins compatible for Editor in 0.58 ms, found 3 plugins.
Preloading 0 native plugins for Editor in 0.00 ms.
Mono: successfully reloaded assembly
- Completed reload, in  1.483 seconds
Domain Reload Profiling:
	ReloadAssembly (1484ms)
		BeginReloadAssembly (200ms)
			ExecutionOrderSort (0ms)
			DisableScriptedObjects (9ms)
			BackupInstance (0ms)
			ReleaseScriptingObjects (0ms)
			CreateAndSetChildDomain (27ms)
		EndReloadAssembly (1130ms)
			LoadAssemblies (168ms)
			RebuildTransferFunctionScriptingTraits (0ms)
			SetupTypeCache (395ms)
			ReleaseScriptCaches (1ms)
			RebuildScriptCaches (63ms)
			SetupLoadedEditorAssemblies (484ms)
				LogAssemblyErrors (0ms)
				InitializePlatformSupportModulesInManaged (9ms)
				SetLoadedEditorAssemblies (1ms)
				RefreshPlugins (1ms)
				BeforeProcessingInitializeOnLoad (101ms)
				ProcessInitializeOnLoadAttributes (328ms)
				ProcessInitializeOnLoadMethodAttributes (30ms)
				AfterProcessingInitializeOnLoad (13ms)
				EditorAssembliesLoaded (0ms)
			ExecutionOrderSort2 (0ms)
			AwakeInstancesAfterBackupRestoration (10ms)
Platform modules already initialized, skipping
========================================================================
Worker process is ready to serve import requests
Launched and connected shader compiler UnityShaderCompiler.exe after 0.07 seconds
Refreshing native plugins compatible for Editor in 0.81 ms, found 3 plugins.
Preloading 0 native plugins for Editor in 0.00 ms.
Unloading 3051 Unused Serialized files (Serialized files now loaded: 0)
Unloading 22 unused Assets / (56.1 KB). Loaded Objects now: 3514.
Memory consumption went from 110.2 MB to 110.1 MB.
Total: 5.091900 ms (FindLiveObjects: 0.497000 ms CreateObjectMapping: 0.157500 ms MarkObjects: 4.222100 ms  DeleteObjects: 0.214000 ms)

AssetImportParameters requested are different than current active one (requested -> active):
  custom:video-decoder-ogg-theora: a1e56fd34408186e4bbccfd4996cb3dc -> 
  custom:container-muxer-webm: aa71ff27fc2769a1b78a27578f13a17b -> 
  custom:container-demuxer-webm: 4f35f7cbe854078d1ac9338744f61a02 -> 
  custom:video-encoder-webm-vp8: eb34c28f22e8b96e1ab97ce403110664 -> 
  custom:audio-encoder-webm-vorbis: bf7c407c2cedff20999df2af8eb42d56 -> 
  custom:framework-win-MediaFoundation: 216162199b28c13a410421893ffa2e32 -> 
  custom:container-demuxer-ogg: 62fdf1f143b41e24485cea50d1cbac27 -> 
  custom:video-decoder-webm-vp8: 9c59270c3fd7afecdb556c50c9e8de78 -> 
  custom:audio-decoder-ogg-vorbis: bf7c407c2cedff20999df2af8eb42d56 -> 
========================================================================
Received Import Request.
  Time since last request: 46765.440178 seconds.
  path: Assets/Polygon-City Megapolis/Models/Landscape/SM_bush_02.fbx
  artifactKey: Guid(d0738edefc6d94347be058be8a8d7eff) Importer(815301076,1909f56bfc062723c751e8b465ee728b)
Start importing Assets/Polygon-City Megapolis/Models/Landscape/SM_bush_02.fbx using Guid(d0738edefc6d94347be058be8a8d7eff) Importer(815301076,1909f56bfc062723c751e8b465ee728b)  -> (artifact id: '3bddafe10398ec4db87fa560678044f2') in 1.356974 seconds 
========================================================================
Received Import Request.
  Time since last request: 0.000049 seconds.
  path: Assets/Polygon-City Megapolis/Models/Landscape/SM_hight_tree_09.fbx
  artifactKey: Guid(e25f3c47180772a4fa8902bcc3f826ca) Importer(815301076,1909f56bfc062723c751e8b465ee728b)
Start importing Assets/Polygon-City Megapolis/Models/Landscape/SM_hight_tree_09.fbx using Guid(e25f3c47180772a4fa8902bcc3f826ca) Importer(815301076,1909f56bfc062723c751e8b465ee728b)  -> (artifact id: '9784eec5f78e3d4268fdf265566b7040') in 0.066654 seconds 
========================================================================
Received Import Request.
  Time since last request: 0.000057 seconds.
  path: Assets/Polygon-City Megapolis/Models/Landscape/SM_ground_04.fbx
  artifactKey: Guid(b3525f51e9bf2344bb148080a539737e) Importer(815301076,1909f56bfc062723c751e8b465ee728b)
Start importing Assets/Polygon-City Megapolis/Models/Landscape/SM_ground_04.fbx using Guid(b3525f51e9bf2344bb148080a539737e) Importer(815301076,1909f56bfc062723c751e8b465ee728b)  -> (artifact id: '7bc208cefd3733828e6857dc9cc61c23') in 0.077258 seconds 
========================================================================
Received Import Request.
  Time since last request: 0.000030 seconds.
  path: Assets/Polygon-City Megapolis/Models/Landscape/SM_hight_tree_01.fbx
  artifactKey: Guid(6c73baf180f4f0e47bb02d4777dcabc6) Importer(815301076,1909f56bfc062723c751e8b465ee728b)
Start importing Assets/Polygon-City Megapolis/Models/Landscape/SM_hight_tree_01.fbx using Guid(6c73baf180f4f0e47bb02d4777dcabc6) Importer(815301076,1909f56bfc062723c751e8b465ee728b)  -> (artifact id: 'cd95eb1ebde0ad8824a283e7698ccd5f') in 0.079789 seconds 
========================================================================
Received Import Request.
  Time since last request: 0.000029 seconds.
  path: Assets/Polygon-City Megapolis/Models/Landscape/SM_hight_tree_05.fbx
  artifactKey: Guid(4cbc88d872dc68d45b9790e38182a003) Importer(815301076,1909f56bfc062723c751e8b465ee728b)
Start importing Assets/Polygon-City Megapolis/Models/Landscape/SM_hight_tree_05.fbx using Guid(4cbc88d872dc68d45b9790e38182a003) Importer(815301076,1909f56bfc062723c751e8b465ee728b)  -> (artifact id: '977ce752611b420d4f1e19f2d4a3666c') in 0.090065 seconds 
========================================================================
Received Import Request.
  Time since last request: 0.000055 seconds.
  path: Assets/Polygon-City Megapolis/Models/Landscape/SM_hight_tree_02.fbx
  artifactKey: Guid(3865dc2afcef944458e4729299457783) Importer(815301076,1909f56bfc062723c751e8b465ee728b)
Start importing Assets/Polygon-City Megapolis/Models/Landscape/SM_hight_tree_02.fbx using Guid(3865dc2afcef944458e4729299457783) Importer(815301076,1909f56bfc062723c751e8b465ee728b)  -> (artifact id: '25ac37a94aea60b1e4e57d79a7c69ad5') in 0.075067 seconds 
========================================================================
Received Import Request.
  Time since last request: 0.000052 seconds.
  path: Assets/Polygon-City Megapolis/Models/Landscape/SM_ground_05.fbx
  artifactKey: Guid(a9fc6395a6e22a74ab0f1a942fe5bf72) Importer(815301076,1909f56bfc062723c751e8b465ee728b)
Start importing Assets/Polygon-City Megapolis/Models/Landscape/SM_ground_05.fbx using Guid(a9fc6395a6e22a74ab0f1a942fe5bf72) Importer(815301076,1909f56bfc062723c751e8b465ee728b)  -> (artifact id: '7b4fd04faf7d389fb663a9381caf1277') in 0.046665 seconds 
========================================================================
Received Import Request.
  Time since last request: 0.000031 seconds.
  path: Assets/Polygon-City Megapolis/Models/Landscape/SM_ground_06.fbx
  artifactKey: Guid(439914c408904fa4e8daf26941aac9d4) Importer(815301076,1909f56bfc062723c751e8b465ee728b)
Start importing Assets/Polygon-City Megapolis/Models/Landscape/SM_ground_06.fbx using Guid(439914c408904fa4e8daf26941aac9d4) Importer(815301076,1909f56bfc062723c751e8b465ee728b)  -> (artifact id: '0722dd0cad957b3c2ff44229df650ba1') in 0.054802 seconds 
========================================================================
Received Import Request.
  Time since last request: 0.000034 seconds.
  path: Assets/Polygon-City Megapolis/Models/Landscape/SM_flower_01.fbx
  artifactKey: Guid(4196edde59d99e742985698ac16c929a) Importer(815301076,1909f56bfc062723c751e8b465ee728b)
Start importing Assets/Polygon-City Megapolis/Models/Landscape/SM_flower_01.fbx using Guid(4196edde59d99e742985698ac16c929a) Importer(815301076,1909f56bfc062723c751e8b465ee728b)  -> (artifact id: 'aee681defdb13774fdf36d939a13458b') in 0.062899 seconds 
========================================================================
Received Import Request.
  Time since last request: 0.000042 seconds.
  path: Assets/Polygon-City Megapolis/Models/Landscape/SM_hight_tree_15.fbx
  artifactKey: Guid(cd9c160f9a7c94441868f9ff63c0c92a) Importer(815301076,1909f56bfc062723c751e8b465ee728b)
Start importing Assets/Polygon-City Megapolis/Models/Landscape/SM_hight_tree_15.fbx using Guid(cd9c160f9a7c94441868f9ff63c0c92a) Importer(815301076,1909f56bfc062723c751e8b465ee728b)  -> (artifact id: '7b82f5f1a1dc3bf20bbb6d05f65412f2') in 0.081226 seconds 
========================================================================
Received Import Request.
  Time since last request: 0.000052 seconds.
  path: Assets/Polygon-City Megapolis/Models/Landscape/SM_high_grass_01.fbx
  artifactKey: Guid(836cd6c2110ac554b9097ea23dd89357) Importer(815301076,1909f56bfc062723c751e8b465ee728b)
Start importing Assets/Polygon-City Megapolis/Models/Landscape/SM_high_grass_01.fbx using Guid(836cd6c2110ac554b9097ea23dd89357) Importer(815301076,1909f56bfc062723c751e8b465ee728b)  -> (artifact id: '5b4a12d8d66da0bcdfebc45742a65ae2') in 0.044096 seconds 
========================================================================
Received Import Request.
  Time since last request: 0.000039 seconds.
  path: Assets/Polygon-City Megapolis/Models/Landscape/SM_ground_02.fbx
  artifactKey: Guid(0e24ba1705ac22a478b60a1936402198) Importer(815301076,1909f56bfc062723c751e8b465ee728b)
Start importing Assets/Polygon-City Megapolis/Models/Landscape/SM_ground_02.fbx using Guid(0e24ba1705ac22a478b60a1936402198) Importer(815301076,1909f56bfc062723c751e8b465ee728b)  -> (artifact id: '2c05a79e3b031986699977505ba5d078') in 0.034726 seconds 
========================================================================
Received Import Request.
  Time since last request: 0.000032 seconds.
  path: Assets/Polygon-City Megapolis/Models/Landscape/SM_high_grass_09.fbx
  artifactKey: Guid(4097910275d1cc749ab68cfba7827c70) Importer(815301076,1909f56bfc062723c751e8b465ee728b)
Start importing Assets/Polygon-City Megapolis/Models/Landscape/SM_high_grass_09.fbx using Guid(4097910275d1cc749ab68cfba7827c70) Importer(815301076,1909f56bfc062723c751e8b465ee728b)  -> (artifact id: 'b4a4fb194be1e651a4272e70cc601cfe') in 0.040092 seconds 
========================================================================
Received Import Request.
  Time since last request: 0.000030 seconds.
  path: Assets/Polygon-City Megapolis/Models/Landscape/SM_hight_tree_04.fbx
  artifactKey: Guid(2957ca00225867740a691a1e843db299) Importer(815301076,1909f56bfc062723c751e8b465ee728b)
Start importing Assets/Polygon-City Megapolis/Models/Landscape/SM_hight_tree_04.fbx using Guid(2957ca00225867740a691a1e843db299) Importer(815301076,1909f56bfc062723c751e8b465ee728b)  -> (artifact id: '5ec8fa7266fcc83b1028941f43bc260b') in 0.073721 seconds 
========================================================================
Received Import Request.
  Time since last request: 0.000063 seconds.
  path: Assets/Polygon-City Megapolis/Models/Landscape/SM_hight_tree_06.fbx
  artifactKey: Guid(b035ce0f8ca5a914babfb39b1a60ba6c) Importer(815301076,1909f56bfc062723c751e8b465ee728b)
Start importing Assets/Polygon-City Megapolis/Models/Landscape/SM_hight_tree_06.fbx using Guid(b035ce0f8ca5a914babfb39b1a60ba6c) Importer(815301076,1909f56bfc062723c751e8b465ee728b)  -> (artifact id: '38f2a52ba0508c525b6f8e2e8500ce83') in 0.099234 seconds 
========================================================================
Received Import Request.
  Time since last request: 10.188676 seconds.
  path: Assets/Polygon-City Megapolis/Prefab/Landscape/SM_bush_03.prefab
  artifactKey: Guid(68b96f9ceff2ce045b4368124ddb6a78) Importer(815301076,1909f56bfc062723c751e8b465ee728b)
Start importing Assets/Polygon-City Megapolis/Prefab/Landscape/SM_bush_03.prefab using Guid(68b96f9ceff2ce045b4368124ddb6a78) Importer(815301076,1909f56bfc062723c751e8b465ee728b)  -> (artifact id: '51ccc5412f3fdbdcfe6838b28efb367e') in 0.396384 seconds 
========================================================================
Received Import Request.
  Time since last request: 0.000037 seconds.
  path: Assets/Polygon-City Megapolis/Prefab/Landscape/SM_hight_tree_12.prefab
  artifactKey: Guid(2c9b95934154d0f4b9906e9d6232aa64) Importer(815301076,1909f56bfc062723c751e8b465ee728b)
Start importing Assets/Polygon-City Megapolis/Prefab/Landscape/SM_hight_tree_12.prefab using Guid(2c9b95934154d0f4b9906e9d6232aa64) Importer(815301076,1909f56bfc062723c751e8b465ee728b)  -> (artifact id: 'dd472e6691c165280b040347e8d48890') in 0.032779 seconds 
========================================================================
Received Import Request.
  Time since last request: 0.000047 seconds.
  path: Assets/Polygon-City Megapolis/Prefab/Landscape/SM_hight_tree_07.prefab
  artifactKey: Guid(b3d71aeef42fd6149915b464038459ed) Importer(815301076,1909f56bfc062723c751e8b465ee728b)
Start importing Assets/Polygon-City Megapolis/Prefab/Landscape/SM_hight_tree_07.prefab using Guid(b3d71aeef42fd6149915b464038459ed) Importer(815301076,1909f56bfc062723c751e8b465ee728b)  -> (artifact id: '979b8277d6fdb258e87bf40fd612a063') in 0.027008 seconds 
========================================================================
Received Import Request.
  Time since last request: 0.000034 seconds.
  path: Assets/Polygon-City Megapolis/Prefab/Landscape/SM_hight_tree_08.prefab
  artifactKey: Guid(e95b932c58a28e74c86298782c3dd713) Importer(815301076,1909f56bfc062723c751e8b465ee728b)
Start importing Assets/Polygon-City Megapolis/Prefab/Landscape/SM_hight_tree_08.prefab using Guid(e95b932c58a28e74c86298782c3dd713) Importer(815301076,1909f56bfc062723c751e8b465ee728b)  -> (artifact id: '30ea673cb5906d861f9e0c1502415d59') in 0.062617 seconds 
========================================================================
Received Import Request.
  Time since last request: 0.000028 seconds.
  path: Assets/Polygon-City Megapolis/Prefab/Landscape/SM_hight_tree_01.prefab
  artifactKey: Guid(4ed43ab5ff63d7742adf03b92d1bed69) Importer(815301076,1909f56bfc062723c751e8b465ee728b)
Start importing Assets/Polygon-City Megapolis/Prefab/Landscape/SM_hight_tree_01.prefab using Guid(4ed43ab5ff63d7742adf03b92d1bed69) Importer(815301076,1909f56bfc062723c751e8b465ee728b)  -> (artifact id: '3709995aa0261f9c9700b8a8ef088f90') in 0.043935 seconds 
========================================================================
Received Import Request.
  Time since last request: 0.000069 seconds.
  path: Assets/Polygon-City Megapolis/Prefab/Landscape/SM_hight_tree_02.prefab
  artifactKey: Guid(1da2685bf62fd9f48a9d3824c7148ce3) Importer(815301076,1909f56bfc062723c751e8b465ee728b)
Start importing Assets/Polygon-City Megapolis/Prefab/Landscape/SM_hight_tree_02.prefab using Guid(1da2685bf62fd9f48a9d3824c7148ce3) Importer(815301076,1909f56bfc062723c751e8b465ee728b)  -> (artifact id: 'fd70a334335fd3335fb6e5e58d617450') in 0.024273 seconds 
========================================================================
Received Import Request.
  Time since last request: 0.000060 seconds.
  path: Assets/Polygon-City Megapolis/Prefab/Landscape/SM_ground_06.prefab
  artifactKey: Guid(564505538b67f4a4e9a559e2308ddcd3) Importer(815301076,1909f56bfc062723c751e8b465ee728b)
Start importing Assets/Polygon-City Megapolis/Prefab/Landscape/SM_ground_06.prefab using Guid(564505538b67f4a4e9a559e2308ddcd3) Importer(815301076,1909f56bfc062723c751e8b465ee728b)  -> (artifact id: 'af64ba3cf6b337c84448a159ba6bb23b') in 0.030409 seconds 
========================================================================
Received Import Request.
  Time since last request: 0.000046 seconds.
  path: Assets/Polygon-City Megapolis/Prefab/Landscape/SM_hight_tree_13.prefab
  artifactKey: Guid(5a3152868f85cab4c80b775582f626de) Importer(815301076,1909f56bfc062723c751e8b465ee728b)
Start importing Assets/Polygon-City Megapolis/Prefab/Landscape/SM_hight_tree_13.prefab using Guid(5a3152868f85cab4c80b775582f626de) Importer(815301076,1909f56bfc062723c751e8b465ee728b)  -> (artifact id: 'ca11d4ba29b04a65df79732c51e03e32') in 0.028549 seconds 
Editor requested this worker to shutdown with reason: Scaling down because of idle timeout
AssetImportWorker is now disconnected from the server
Process exiting
Exiting without the bug reporter. Application will terminate with return code 0