Unity Editor version:    2021.3.6f1 (7da38d85baf6)
Branch:                  2021.3/staging
Build type:              Release
Batch mode:              YES
macOS version:           Version 13.3.1 (a) (Build 22E772610a)
Darwin version:          22.4.0
Architecture:            x86_64
Running under Rosetta:   NO
Available memory:        65536 MB
Using pre-set license
Pro License: YES

COMMAND LINE ARGUMENTS:
/Applications/Unity/Hub/Editor/2021.3.6f1/Unity.app/Contents/MacOS/Unity
-adb2
-batchMode
-noUpm
-name
AssetImportWorker2
-projectPath
/Volumes/SoundBanks/Unreal Projects/AdventurersQuest/AdverturersQuest
-logFile
Logs/AssetImportWorker2.log
-srvPort
53304
Successfully changed project path to: /Volumes/SoundBanks/Unreal Projects/AdventurersQuest/AdverturersQuest
/Volumes/SoundBanks/Unreal Projects/AdventurersQuest/AdverturersQuest
[UnityMemory] Configuration Parameters - Can be set up in boot.config
    "memorysetup-bucket-allocator-granularity=16"
    "memorysetup-bucket-allocator-bucket-count=8"
    "memorysetup-bucket-allocator-block-size=33554432"
    "memorysetup-bucket-allocator-block-count=8"
    "memorysetup-main-allocator-block-size=16777216"
    "memorysetup-thread-allocator-block-size=16777216"
    "memorysetup-gfx-main-allocator-block-size=16777216"
    "memorysetup-gfx-thread-allocator-block-size=16777216"
    "memorysetup-cache-allocator-block-size=4194304"
    "memorysetup-typetree-allocator-block-size=2097152"
    "memorysetup-profiler-bucket-allocator-granularity=16"
    "memorysetup-profiler-bucket-allocator-bucket-count=8"
    "memorysetup-profiler-bucket-allocator-block-size=33554432"
    "memorysetup-profiler-bucket-allocator-block-count=8"
    "memorysetup-profiler-allocator-block-size=16777216"
    "memorysetup-profiler-editor-allocator-block-size=1048576"
    "memorysetup-temp-allocator-size-main=16777216"
    "memorysetup-job-temp-allocator-block-size=2097152"
    "memorysetup-job-temp-allocator-block-size-background=1048576"
    "memorysetup-job-temp-allocator-reduction-small-platforms=262144"
    "memorysetup-temp-allocator-size-background-worker=32768"
    "memorysetup-temp-allocator-size-job-worker=262144"
    "memorysetup-temp-allocator-size-preload-manager=33554432"
    "memorysetup-temp-allocator-size-nav-mesh-worker=65536"
    "memorysetup-temp-allocator-size-audio-worker=65536"
    "memorysetup-temp-allocator-size-cloud-worker=32768"
    "memorysetup-temp-allocator-size-gi-baking-worker=262144"
    "memorysetup-temp-allocator-size-gfx=262144"
Refreshing native plugins compatible for Editor in 70.03 ms, found 2 plugins.
Preloading 0 native plugins for Editor in 0.00 ms.
Initialize engine version: 2021.3.6f1 (7da38d85baf6)
[Subsystems] Discovering subsystems at path /Applications/Unity/Hub/Editor/2021.3.6f1/Unity.app/Contents/Resources/UnitySubsystems
[Subsystems] Discovering subsystems at path /Volumes/SoundBanks/Unreal Projects/AdventurersQuest/AdverturersQuest/Assets
GfxDevice: creating device client; threaded=0; jobified=0
iMac preferred device: AMD Radeon Pro 5700 XT (high power)
Metal devices available: 1
0: AMD Radeon Pro 5700 XT (high power)
Using device AMD Radeon Pro 5700 XT (high power)
Initializing Metal device caps: AMD Radeon Pro 5700 XT
Initialize mono
Mono path[0] = '/Applications/Unity/Hub/Editor/2021.3.6f1/Unity.app/Contents/Managed'
Mono path[1] = '/Applications/Unity/Hub/Editor/2021.3.6f1/Unity.app/Contents/MonoBleedingEdge/lib/mono/unityjit-macos'
Mono config path = '/Applications/Unity/Hub/Editor/2021.3.6f1/Unity.app/Contents/MonoBleedingEdge/etc'
Using monoOptions --debugger-agent=transport=dt_socket,embedding=1,server=y,suspend=n,address=127.0.0.1:56749
Begin MonoManager ReloadAssembly
Registering precompiled unity dll's ...
Register platform support module: /Applications/Unity/Hub/Editor/2021.3.6f1/PlaybackEngines/WebGLSupport/UnityEditor.WebGL.Extensions.dll
Register platform support module: /Applications/Unity/Hub/Editor/2021.3.6f1/Unity.app/Contents/PlaybackEngines/MacStandaloneSupport/UnityEditor.OSXStandalone.Extensions.dll
Register platform support module: /Applications/Unity/Hub/Editor/2021.3.6f1/PlaybackEngines/AndroidPlayer/UnityEditor.Android.Extensions.dll
Register platform support module: /Applications/Unity/Hub/Editor/2021.3.6f1/PlaybackEngines/iOSSupport/UnityEditor.iOS.Extensions.dll
Register platform support module: /Applications/Unity/Hub/Editor/2021.3.6f1/PlaybackEngines/WindowsStandaloneSupport/UnityEditor.WindowsStandalone.Extensions.dll
Registered in 0.001268 seconds.
Native extension for WindowsStandalone target not found
[usbmuxd] Start listen thread
[usbmuxd] Listen thread started
[usbmuxd] Send listen message
Native extension for iOS target not found
Native extension for Android target not found
Native extension for OSXStandalone target not found
Native extension for WebGL target not found
Refreshing native plugins compatible for Editor in 70.11 ms, found 2 plugins.
Preloading 0 native plugins for Editor in 0.00 ms.
Mono: successfully reloaded assembly
- Completed reload, in  0.675 seconds
Domain Reload Profiling:
	ReloadAssembly (675ms)
		BeginReloadAssembly (51ms)
			ExecutionOrderSort (0ms)
			DisableScriptedObjects (0ms)
			BackupInstance (0ms)
			ReleaseScriptingObjects (0ms)
			CreateAndSetChildDomain (1ms)
		EndReloadAssembly (522ms)
			LoadAssemblies (51ms)
			RebuildTransferFunctionScriptingTraits (0ms)
			SetupTypeCache (117ms)
			ReleaseScriptCaches (0ms)
			RebuildScriptCaches (33ms)
			SetupLoadedEditorAssemblies (326ms)
				LogAssemblyErrors (0ms)
				InitializePlatformSupportModulesInManaged (118ms)
				SetLoadedEditorAssemblies (0ms)
				RefreshPlugins (70ms)
				BeforeProcessingInitializeOnLoad (1ms)
				ProcessInitializeOnLoadAttributes (93ms)
				ProcessInitializeOnLoadMethodAttributes (43ms)
				AfterProcessingInitializeOnLoad (0ms)
				EditorAssembliesLoaded (0ms)
			ExecutionOrderSort2 (0ms)
			AwakeInstancesAfterBackupRestoration (0ms)
Platform modules already initialized, skipping
Registering precompiled user dll's ...
Registered in 0.002451 seconds.
Begin MonoManager ReloadAssembly
Symbol file LoadedFromMemory doesn't match image /Volumes/SoundBanks/Unreal Projects/AdventurersQuest/AdverturersQuest/Library/PackageCache/com.unity.visualscripting@1.7.8/Editor/VisualScripting.Core/Dependencies/YamlDotNet/Unity.VisualScripting.YamlDotNet.dll
Symbol file LoadedFromMemory doesn't match image /Volumes/SoundBanks/Unreal Projects/AdventurersQuest/AdverturersQuest/Library/PackageCache/com.unity.visualscripting@1.7.8/Editor/VisualScripting.Core/Dependencies/DotNetZip/Unity.VisualScripting.IonicZip.dll
Native extension for WindowsStandalone target not found
Native extension for iOS target not found
Native extension for Android target not found
Native extension for OSXStandalone target not found
Native extension for WebGL target not found
Refreshing native plugins compatible for Editor in 0.48 ms, found 2 plugins.
Preloading 0 native plugins for Editor in 0.00 ms.
Mono: successfully reloaded assembly
- Completed reload, in  1.152 seconds
Domain Reload Profiling:
	ReloadAssembly (1153ms)
		BeginReloadAssembly (204ms)
			ExecutionOrderSort (0ms)
			DisableScriptedObjects (6ms)
			BackupInstance (0ms)
			ReleaseScriptingObjects (0ms)
			CreateAndSetChildDomain (129ms)
		EndReloadAssembly (837ms)
			LoadAssemblies (63ms)
			RebuildTransferFunctionScriptingTraits (0ms)
			SetupTypeCache (282ms)
			ReleaseScriptCaches (3ms)
			RebuildScriptCaches (55ms)
			SetupLoadedEditorAssemblies (384ms)
				LogAssemblyErrors (0ms)
				InitializePlatformSupportModulesInManaged (26ms)
				SetLoadedEditorAssemblies (1ms)
				RefreshPlugins (1ms)
				BeforeProcessingInitializeOnLoad (73ms)
				ProcessInitializeOnLoadAttributes (254ms)
				ProcessInitializeOnLoadMethodAttributes (28ms)
				AfterProcessingInitializeOnLoad (2ms)
				EditorAssembliesLoaded (0ms)
			ExecutionOrderSort2 (0ms)
			AwakeInstancesAfterBackupRestoration (4ms)
Platform modules already initialized, skipping
========================================================================
Worker process is ready to serve import requests
Launching external process: /Applications/Unity/Hub/Editor/2021.3.6f1/Unity.app/Contents/Tools/UnityShaderCompiler
Launched and connected shader compiler UnityShaderCompiler after 0.06 seconds
Refreshing native plugins compatible for Editor in 0.45 ms, found 2 plugins.
Preloading 0 native plugins for Editor in 0.00 ms.
Unloading 3368 Unused Serialized files (Serialized files now loaded: 0)
Unloading 27 unused Assets / (82.5 KB). Loaded Objects now: 3828.
Memory consumption went from 71.2 MB to 71.1 MB.
Total: 2.919047 ms (FindLiveObjects: 0.241000 ms CreateObjectMapping: 0.213615 ms MarkObjects: 2.350423 ms  DeleteObjects: 0.113361 ms)

AssetImportParameters requested are different than current active one (requested -> active):
  custom:video-decoder-ogg-theora: a1e56fd34408186e4bbccfd4996cb3dc -> 
  custom:container-muxer-webm: aa71ff27fc2769a1b78a27578f13a17b -> 
  custom:container-demuxer-webm: 4f35f7cbe854078d1ac9338744f61a02 -> 
  custom:video-encoder-webm-vp8: eb34c28f22e8b96e1ab97ce403110664 -> 
  custom:framework-osx-AVFoundation: e770b220cccbd017edd2c1fefb359320 -> 
  custom:audio-encoder-webm-vorbis: bf7c407c2cedff20999df2af8eb42d56 -> 
  custom:container-demuxer-ogg: 62fdf1f143b41e24485cea50d1cbac27 -> 
  custom:video-decoder-webm-vp8: 9c59270c3fd7afecdb556c50c9e8de78 -> 
  custom:audio-decoder-ogg-vorbis: bf7c407c2cedff20999df2af8eb42d56 -> 
========================================================================
Received Import Request.
  Time since last request: 34410.352728 seconds.
  path: 
  artifactKey: Guid(ba9c930822a96c84881b7b71f353f06c) Importer(815301076,1909f56bfc062723c751e8b465ee728b)
Start importing  using Guid(ba9c930822a96c84881b7b71f353f06c) Importer(815301076,1909f56bfc062723c751e8b465ee728b)  -> (artifact id: '00000000000000000000000000000000') in 0.000029 seconds  code(3) message(Unknown asset with GUID 'ba9c930822a96c84881b7b71f353f06c')
  ERROR: Unknown asset with GUID 'ba9c930822a96c84881b7b71f353f06c'
========================================================================
Received Import Request.
  Time since last request: 0.000058 seconds.
  path: 
  artifactKey: Guid(6f820d4d4680be5449371c96a787360d) Importer(815301076,1909f56bfc062723c751e8b465ee728b)
Start importing  using Guid(6f820d4d4680be5449371c96a787360d) Importer(815301076,1909f56bfc062723c751e8b465ee728b)  -> (artifact id: '00000000000000000000000000000000') in 0.000025 seconds  code(3) message(Unknown asset with GUID '6f820d4d4680be5449371c96a787360d')
  ERROR: Unknown asset with GUID '6f820d4d4680be5449371c96a787360d'
========================================================================
Received Import Request.
  Time since last request: 0.000052 seconds.
  path: 
  artifactKey: Guid(bb55928f00e5de14c85edd11d2edd499) Importer(815301076,1909f56bfc062723c751e8b465ee728b)
Start importing  using Guid(bb55928f00e5de14c85edd11d2edd499) Importer(815301076,1909f56bfc062723c751e8b465ee728b)  -> (artifact id: '00000000000000000000000000000000') in 0.000031 seconds  code(3) message(Unknown asset with GUID 'bb55928f00e5de14c85edd11d2edd499')
  ERROR: Unknown asset with GUID 'bb55928f00e5de14c85edd11d2edd499'
========================================================================
Received Import Request.
  Time since last request: 0.000064 seconds.
  path: 
  artifactKey: Guid(bfa8bf22432159c4c8ebf174a74c216d) Importer(815301076,1909f56bfc062723c751e8b465ee728b)
Start importing  using Guid(bfa8bf22432159c4c8ebf174a74c216d) Importer(815301076,1909f56bfc062723c751e8b465ee728b)  -> (artifact id: '00000000000000000000000000000000') in 0.000027 seconds  code(3) message(Unknown asset with GUID 'bfa8bf22432159c4c8ebf174a74c216d')
  ERROR: Unknown asset with GUID 'bfa8bf22432159c4c8ebf174a74c216d'
========================================================================
Received Import Request.
  Time since last request: 0.000075 seconds.
  path: 
  artifactKey: Guid(4eebba25dce3a3a479fe08b998f132d2) Importer(815301076,1909f56bfc062723c751e8b465ee728b)
Start importing  using Guid(4eebba25dce3a3a479fe08b998f132d2) Importer(815301076,1909f56bfc062723c751e8b465ee728b)  -> (artifact id: '00000000000000000000000000000000') in 0.000061 seconds  code(3) message(Unknown asset with GUID '4eebba25dce3a3a479fe08b998f132d2')
  ERROR: Unknown asset with GUID '4eebba25dce3a3a479fe08b998f132d2'
========================================================================
Received Import Request.
  Time since last request: 0.000087 seconds.
  path: 
  artifactKey: Guid(ac29a78876daf5a4db023c5653b73c45) Importer(815301076,1909f56bfc062723c751e8b465ee728b)
Start importing  using Guid(ac29a78876daf5a4db023c5653b73c45) Importer(815301076,1909f56bfc062723c751e8b465ee728b)  -> (artifact id: '00000000000000000000000000000000') in 0.000041 seconds  code(3) message(Unknown asset with GUID 'ac29a78876daf5a4db023c5653b73c45')
  ERROR: Unknown asset with GUID 'ac29a78876daf5a4db023c5653b73c45'
========================================================================
Received Import Request.
  Time since last request: 0.000117 seconds.
  path: 
  artifactKey: Guid(d6933265f0eaf6c46934dc9b65e8e05c) Importer(815301076,1909f56bfc062723c751e8b465ee728b)
Start importing  using Guid(d6933265f0eaf6c46934dc9b65e8e05c) Importer(815301076,1909f56bfc062723c751e8b465ee728b)  -> (artifact id: '00000000000000000000000000000000') in 0.000046 seconds  code(3) message(Unknown asset with GUID 'd6933265f0eaf6c46934dc9b65e8e05c')
  ERROR: Unknown asset with GUID 'd6933265f0eaf6c46934dc9b65e8e05c'
========================================================================
Received Import Request.
  Time since last request: 0.000063 seconds.
  path: 
  artifactKey: Guid(1b0979d825339dc4cbcb8f45c9e639c9) Importer(815301076,1909f56bfc062723c751e8b465ee728b)
Start importing  using Guid(1b0979d825339dc4cbcb8f45c9e639c9) Importer(815301076,1909f56bfc062723c751e8b465ee728b)  -> (artifact id: '00000000000000000000000000000000') in 0.000052 seconds  code(3) message(Unknown asset with GUID '1b0979d825339dc4cbcb8f45c9e639c9')
  ERROR: Unknown asset with GUID '1b0979d825339dc4cbcb8f45c9e639c9'
========================================================================
Received Import Request.
  Time since last request: 3.444438 seconds.
  path: 
  artifactKey: Guid(4b8724b84cf7a514a904654065a442d9) Importer(815301076,1909f56bfc062723c751e8b465ee728b)
Start importing  using Guid(4b8724b84cf7a514a904654065a442d9) Importer(815301076,1909f56bfc062723c751e8b465ee728b)  -> (artifact id: '00000000000000000000000000000000') in 0.000038 seconds  code(3) message(Unknown asset with GUID '4b8724b84cf7a514a904654065a442d9')
  ERROR: Unknown asset with GUID '4b8724b84cf7a514a904654065a442d9'
========================================================================
Received Import Request.
  Time since last request: 0.000062 seconds.
  path: 
  artifactKey: Guid(ad79d805e8e0ba642805f5cd6aee0794) Importer(815301076,1909f56bfc062723c751e8b465ee728b)
Start importing  using Guid(ad79d805e8e0ba642805f5cd6aee0794) Importer(815301076,1909f56bfc062723c751e8b465ee728b)  -> (artifact id: '00000000000000000000000000000000') in 0.000036 seconds  code(3) message(Unknown asset with GUID 'ad79d805e8e0ba642805f5cd6aee0794')
  ERROR: Unknown asset with GUID 'ad79d805e8e0ba642805f5cd6aee0794'
========================================================================
Received Import Request.
  Time since last request: 0.000097 seconds.
  path: 
  artifactKey: Guid(6f9294424c1277042a7241bf4581d6e0) Importer(815301076,1909f56bfc062723c751e8b465ee728b)
Start importing  using Guid(6f9294424c1277042a7241bf4581d6e0) Importer(815301076,1909f56bfc062723c751e8b465ee728b)  -> (artifact id: '00000000000000000000000000000000') in 0.000044 seconds  code(3) message(Unknown asset with GUID '6f9294424c1277042a7241bf4581d6e0')
  ERROR: Unknown asset with GUID '6f9294424c1277042a7241bf4581d6e0'
========================================================================
Received Import Request.
  Time since last request: 0.000064 seconds.
  path: 
  artifactKey: Guid(19a79bc9a596a90468019e3afa586d64) Importer(815301076,1909f56bfc062723c751e8b465ee728b)
Start importing  using Guid(19a79bc9a596a90468019e3afa586d64) Importer(815301076,1909f56bfc062723c751e8b465ee728b)  -> (artifact id: '00000000000000000000000000000000') in 0.000039 seconds  code(3) message(Unknown asset with GUID '19a79bc9a596a90468019e3afa586d64')
  ERROR: Unknown asset with GUID '19a79bc9a596a90468019e3afa586d64'
========================================================================
Received Import Request.
  Time since last request: 0.000051 seconds.
  path: 
  artifactKey: Guid(74eeb7ebe4f3cab44a4f7b07e7b3f573) Importer(815301076,1909f56bfc062723c751e8b465ee728b)
Start importing  using Guid(74eeb7ebe4f3cab44a4f7b07e7b3f573) Importer(815301076,1909f56bfc062723c751e8b465ee728b)  -> (artifact id: '00000000000000000000000000000000') in 0.000032 seconds  code(3) message(Unknown asset with GUID '74eeb7ebe4f3cab44a4f7b07e7b3f573')
  ERROR: Unknown asset with GUID '74eeb7ebe4f3cab44a4f7b07e7b3f573'
========================================================================
Received Import Request.
  Time since last request: 0.000045 seconds.
  path: 
  artifactKey: Guid(5519c78244ef9a04397df9e993d8ec84) Importer(815301076,1909f56bfc062723c751e8b465ee728b)
Start importing  using Guid(5519c78244ef9a04397df9e993d8ec84) Importer(815301076,1909f56bfc062723c751e8b465ee728b)  -> (artifact id: '00000000000000000000000000000000') in 0.000031 seconds  code(3) message(Unknown asset with GUID '5519c78244ef9a04397df9e993d8ec84')
  ERROR: Unknown asset with GUID '5519c78244ef9a04397df9e993d8ec84'
========================================================================
Received Import Request.
  Time since last request: 0.000055 seconds.
  path: 
  artifactKey: Guid(bc4b25124a0160a4b89772302ef3e34d) Importer(815301076,1909f56bfc062723c751e8b465ee728b)
Start importing  using Guid(bc4b25124a0160a4b89772302ef3e34d) Importer(815301076,1909f56bfc062723c751e8b465ee728b)  -> (artifact id: '00000000000000000000000000000000') in 0.000046 seconds  code(3) message(Unknown asset with GUID 'bc4b25124a0160a4b89772302ef3e34d')
  ERROR: Unknown asset with GUID 'bc4b25124a0160a4b89772302ef3e34d'
========================================================================
Received Import Request.
  Time since last request: 0.000049 seconds.
  path: 
  artifactKey: Guid(b2a6358254769074d8510ed79678b050) Importer(815301076,1909f56bfc062723c751e8b465ee728b)
Start importing  using Guid(b2a6358254769074d8510ed79678b050) Importer(815301076,1909f56bfc062723c751e8b465ee728b)  -> (artifact id: '00000000000000000000000000000000') in 0.000038 seconds  code(3) message(Unknown asset with GUID 'b2a6358254769074d8510ed79678b050')
  ERROR: Unknown asset with GUID 'b2a6358254769074d8510ed79678b050'
========================================================================
Received Import Request.
  Time since last request: 0.000050 seconds.
  path: 
  artifactKey: Guid(81caf4e7bc788cf48ab9ea726f084a4b) Importer(815301076,1909f56bfc062723c751e8b465ee728b)
Start importing  using Guid(81caf4e7bc788cf48ab9ea726f084a4b) Importer(815301076,1909f56bfc062723c751e8b465ee728b)  -> (artifact id: '00000000000000000000000000000000') in 0.000039 seconds  code(3) message(Unknown asset with GUID '81caf4e7bc788cf48ab9ea726f084a4b')
  ERROR: Unknown asset with GUID '81caf4e7bc788cf48ab9ea726f084a4b'
========================================================================
Received Import Request.
  Time since last request: 0.000049 seconds.
  path: 
  artifactKey: Guid(24b2c26450dde4641ad9bdd22f1f12d7) Importer(815301076,1909f56bfc062723c751e8b465ee728b)
Start importing  using Guid(24b2c26450dde4641ad9bdd22f1f12d7) Importer(815301076,1909f56bfc062723c751e8b465ee728b)  -> (artifact id: '00000000000000000000000000000000') in 0.000036 seconds  code(3) message(Unknown asset with GUID '24b2c26450dde4641ad9bdd22f1f12d7')
  ERROR: Unknown asset with GUID '24b2c26450dde4641ad9bdd22f1f12d7'
========================================================================
Received Import Request.
  Time since last request: 0.000052 seconds.
  path: 
  artifactKey: Guid(3779e9d5a01c7f2499cb4c605d01e8f1) Importer(815301076,1909f56bfc062723c751e8b465ee728b)
Start importing  using Guid(3779e9d5a01c7f2499cb4c605d01e8f1) Importer(815301076,1909f56bfc062723c751e8b465ee728b)  -> (artifact id: '00000000000000000000000000000000') in 0.000033 seconds  code(3) message(Unknown asset with GUID '3779e9d5a01c7f2499cb4c605d01e8f1')
  ERROR: Unknown asset with GUID '3779e9d5a01c7f2499cb4c605d01e8f1'
========================================================================
Received Import Request.
  Time since last request: 0.000087 seconds.
  path: 
  artifactKey: Guid(14f58f3656437bf45ab3d2d64c0798cf) Importer(815301076,1909f56bfc062723c751e8b465ee728b)
Start importing  using Guid(14f58f3656437bf45ab3d2d64c0798cf) Importer(815301076,1909f56bfc062723c751e8b465ee728b)  -> (artifact id: '00000000000000000000000000000000') in 0.000033 seconds  code(3) message(Unknown asset with GUID '14f58f3656437bf45ab3d2d64c0798cf')
  ERROR: Unknown asset with GUID '14f58f3656437bf45ab3d2d64c0798cf'
========================================================================
Received Import Request.
  Time since last request: 0.000049 seconds.
  path: 
  artifactKey: Guid(2600a19d85edad84f86db6793f35d284) Importer(815301076,1909f56bfc062723c751e8b465ee728b)
Start importing  using Guid(2600a19d85edad84f86db6793f35d284) Importer(815301076,1909f56bfc062723c751e8b465ee728b)  -> (artifact id: '00000000000000000000000000000000') in 0.000038 seconds  code(3) message(Unknown asset with GUID '2600a19d85edad84f86db6793f35d284')
  ERROR: Unknown asset with GUID '2600a19d85edad84f86db6793f35d284'
========================================================================
Received Import Request.
  Time since last request: 0.000051 seconds.
  path: 
  artifactKey: Guid(0ef23062845d735448bb4371d20d97ba) Importer(815301076,1909f56bfc062723c751e8b465ee728b)
Start importing  using Guid(0ef23062845d735448bb4371d20d97ba) Importer(815301076,1909f56bfc062723c751e8b465ee728b)  -> (artifact id: '00000000000000000000000000000000') in 0.000037 seconds  code(3) message(Unknown asset with GUID '0ef23062845d735448bb4371d20d97ba')
  ERROR: Unknown asset with GUID '0ef23062845d735448bb4371d20d97ba'
========================================================================
Received Import Request.
  Time since last request: 0.000052 seconds.
  path: 
  artifactKey: Guid(c184d6070a4a3a84ea1992cddb4b674c) Importer(815301076,1909f56bfc062723c751e8b465ee728b)
Start importing  using Guid(c184d6070a4a3a84ea1992cddb4b674c) Importer(815301076,1909f56bfc062723c751e8b465ee728b)  -> (artifact id: '00000000000000000000000000000000') in 0.000033 seconds  code(3) message(Unknown asset with GUID 'c184d6070a4a3a84ea1992cddb4b674c')
  ERROR: Unknown asset with GUID 'c184d6070a4a3a84ea1992cddb4b674c'
========================================================================
Received Import Request.
  Time since last request: 0.000051 seconds.
  path: 
  artifactKey: Guid(e75c26a9cd0caef42a845ae318fc4808) Importer(815301076,1909f56bfc062723c751e8b465ee728b)
Start importing  using Guid(e75c26a9cd0caef42a845ae318fc4808) Importer(815301076,1909f56bfc062723c751e8b465ee728b)  -> (artifact id: '00000000000000000000000000000000') in 0.000031 seconds  code(3) message(Unknown asset with GUID 'e75c26a9cd0caef42a845ae318fc4808')
  ERROR: Unknown asset with GUID 'e75c26a9cd0caef42a845ae318fc4808'
========================================================================
Received Import Request.
  Time since last request: 0.000050 seconds.
  path: 
  artifactKey: Guid(934aee7a0cb29d64abd8c83309148876) Importer(815301076,1909f56bfc062723c751e8b465ee728b)
Start importing  using Guid(934aee7a0cb29d64abd8c83309148876) Importer(815301076,1909f56bfc062723c751e8b465ee728b)  -> (artifact id: '00000000000000000000000000000000') in 0.000034 seconds  code(3) message(Unknown asset with GUID '934aee7a0cb29d64abd8c83309148876')
  ERROR: Unknown asset with GUID '934aee7a0cb29d64abd8c83309148876'
========================================================================
Received Import Request.
  Time since last request: 0.000061 seconds.
  path: 
  artifactKey: Guid(fca54d767df5aca428eca8b11e4ddf70) Importer(815301076,1909f56bfc062723c751e8b465ee728b)
Start importing  using Guid(fca54d767df5aca428eca8b11e4ddf70) Importer(815301076,1909f56bfc062723c751e8b465ee728b)  -> (artifact id: '00000000000000000000000000000000') in 0.000062 seconds  code(3) message(Unknown asset with GUID 'fca54d767df5aca428eca8b11e4ddf70')
  ERROR: Unknown asset with GUID 'fca54d767df5aca428eca8b11e4ddf70'
========================================================================
Received Import Request.
  Time since last request: 0.000055 seconds.
  path: 
  artifactKey: Guid(78559cc7a7a20bc4285009a5a449e544) Importer(815301076,1909f56bfc062723c751e8b465ee728b)
Start importing  using Guid(78559cc7a7a20bc4285009a5a449e544) Importer(815301076,1909f56bfc062723c751e8b465ee728b)  -> (artifact id: '00000000000000000000000000000000') in 0.000033 seconds  code(3) message(Unknown asset with GUID '78559cc7a7a20bc4285009a5a449e544')
  ERROR: Unknown asset with GUID '78559cc7a7a20bc4285009a5a449e544'
========================================================================
Received Import Request.
  Time since last request: 0.000052 seconds.
  path: 
  artifactKey: Guid(e9b7589b398691a41b4fdfacef5c9d5d) Importer(815301076,1909f56bfc062723c751e8b465ee728b)
Start importing  using Guid(e9b7589b398691a41b4fdfacef5c9d5d) Importer(815301076,1909f56bfc062723c751e8b465ee728b)  -> (artifact id: '00000000000000000000000000000000') in 0.000035 seconds  code(3) message(Unknown asset with GUID 'e9b7589b398691a41b4fdfacef5c9d5d')
  ERROR: Unknown asset with GUID 'e9b7589b398691a41b4fdfacef5c9d5d'
========================================================================
Received Import Request.
  Time since last request: 0.000062 seconds.
  path: 
  artifactKey: Guid(e5f66e11d5027c342a16a0a00989c52b) Importer(815301076,1909f56bfc062723c751e8b465ee728b)
Start importing  using Guid(e5f66e11d5027c342a16a0a00989c52b) Importer(815301076,1909f56bfc062723c751e8b465ee728b)  -> (artifact id: '00000000000000000000000000000000') in 0.000037 seconds  code(3) message(Unknown asset with GUID 'e5f66e11d5027c342a16a0a00989c52b')
  ERROR: Unknown asset with GUID 'e5f66e11d5027c342a16a0a00989c52b'
========================================================================
Received Import Request.
  Time since last request: 0.000052 seconds.
  path: 
  artifactKey: Guid(bf0235e4fedbea64584d3a6c2f12e59e) Importer(815301076,1909f56bfc062723c751e8b465ee728b)
Start importing  using Guid(bf0235e4fedbea64584d3a6c2f12e59e) Importer(815301076,1909f56bfc062723c751e8b465ee728b)  -> (artifact id: '00000000000000000000000000000000') in 0.000034 seconds  code(3) message(Unknown asset with GUID 'bf0235e4fedbea64584d3a6c2f12e59e')
  ERROR: Unknown asset with GUID 'bf0235e4fedbea64584d3a6c2f12e59e'
========================================================================
Received Import Request.
  Time since last request: 0.000510 seconds.
  path: 
  artifactKey: Guid(c5f702145f819794582c5d3d5024dde0) Importer(815301076,1909f56bfc062723c751e8b465ee728b)
Start importing  using Guid(c5f702145f819794582c5d3d5024dde0) Importer(815301076,1909f56bfc062723c751e8b465ee728b)  -> (artifact id: '00000000000000000000000000000000') in 0.000070 seconds  code(3) message(Unknown asset with GUID 'c5f702145f819794582c5d3d5024dde0')
  ERROR: Unknown asset with GUID 'c5f702145f819794582c5d3d5024dde0'
========================================================================
Received Import Request.
  Time since last request: 0.000067 seconds.
  path: 
  artifactKey: Guid(018659bf1fb127b409889ed9ff161a51) Importer(815301076,1909f56bfc062723c751e8b465ee728b)
Start importing  using Guid(018659bf1fb127b409889ed9ff161a51) Importer(815301076,1909f56bfc062723c751e8b465ee728b)  -> (artifact id: '00000000000000000000000000000000') in 0.000061 seconds  code(3) message(Unknown asset with GUID '018659bf1fb127b409889ed9ff161a51')
  ERROR: Unknown asset with GUID '018659bf1fb127b409889ed9ff161a51'
========================================================================
Received Import Request.
  Time since last request: 0.000051 seconds.
  path: 
  artifactKey: Guid(f8b6b547580ffcb4d8dfb6b1c13cc803) Importer(815301076,1909f56bfc062723c751e8b465ee728b)
Start importing  using Guid(f8b6b547580ffcb4d8dfb6b1c13cc803) Importer(815301076,1909f56bfc062723c751e8b465ee728b)  -> (artifact id: '00000000000000000000000000000000') in 0.000045 seconds  code(3) message(Unknown asset with GUID 'f8b6b547580ffcb4d8dfb6b1c13cc803')
  ERROR: Unknown asset with GUID 'f8b6b547580ffcb4d8dfb6b1c13cc803'
========================================================================
Received Import Request.
  Time since last request: 0.000081 seconds.
  path: 
  artifactKey: Guid(662a493aecd94454d9fefbc400cc2c1e) Importer(815301076,1909f56bfc062723c751e8b465ee728b)
Start importing  using Guid(662a493aecd94454d9fefbc400cc2c1e) Importer(815301076,1909f56bfc062723c751e8b465ee728b)  -> (artifact id: '00000000000000000000000000000000') in 0.000038 seconds  code(3) message(Unknown asset with GUID '662a493aecd94454d9fefbc400cc2c1e')
  ERROR: Unknown asset with GUID '662a493aecd94454d9fefbc400cc2c1e'
========================================================================
Received Import Request.
  Time since last request: 0.000040 seconds.
  path: 
  artifactKey: Guid(685878d9c8a0fa344a63069e36432f56) Importer(815301076,1909f56bfc062723c751e8b465ee728b)
Start importing  using Guid(685878d9c8a0fa344a63069e36432f56) Importer(815301076,1909f56bfc062723c751e8b465ee728b)  -> (artifact id: '00000000000000000000000000000000') in 0.000037 seconds  code(3) message(Unknown asset with GUID '685878d9c8a0fa344a63069e36432f56')
  ERROR: Unknown asset with GUID '685878d9c8a0fa344a63069e36432f56'
========================================================================
Received Import Request.
  Time since last request: 0.000051 seconds.
  path: 
  artifactKey: Guid(3788593420b8f9245b2fd423a843015b) Importer(815301076,1909f56bfc062723c751e8b465ee728b)
Start importing  using Guid(3788593420b8f9245b2fd423a843015b) Importer(815301076,1909f56bfc062723c751e8b465ee728b)  -> (artifact id: '00000000000000000000000000000000') in 0.000030 seconds  code(3) message(Unknown asset with GUID '3788593420b8f9245b2fd423a843015b')
  ERROR: Unknown asset with GUID '3788593420b8f9245b2fd423a843015b'
========================================================================
Received Import Request.
  Time since last request: 0.000046 seconds.
  path: 
  artifactKey: Guid(8cd1e87cd539fcc4fb1f583c0a7d2a46) Importer(815301076,1909f56bfc062723c751e8b465ee728b)
Start importing  using Guid(8cd1e87cd539fcc4fb1f583c0a7d2a46) Importer(815301076,1909f56bfc062723c751e8b465ee728b)  -> (artifact id: '00000000000000000000000000000000') in 0.000026 seconds  code(3) message(Unknown asset with GUID '8cd1e87cd539fcc4fb1f583c0a7d2a46')
  ERROR: Unknown asset with GUID '8cd1e87cd539fcc4fb1f583c0a7d2a46'
========================================================================
Received Import Request.
  Time since last request: 0.000047 seconds.
  path: 
  artifactKey: Guid(f36b64b877b901e40891dcc34f794dd2) Importer(815301076,1909f56bfc062723c751e8b465ee728b)
Start importing  using Guid(f36b64b877b901e40891dcc34f794dd2) Importer(815301076,1909f56bfc062723c751e8b465ee728b)  -> (artifact id: '00000000000000000000000000000000') in 0.000045 seconds  code(3) message(Unknown asset with GUID 'f36b64b877b901e40891dcc34f794dd2')
  ERROR: Unknown asset with GUID 'f36b64b877b901e40891dcc34f794dd2'
========================================================================
Received Import Request.
  Time since last request: 0.000057 seconds.
  path: 
  artifactKey: Guid(2fc5d859ac2c43a418280f39b0248a88) Importer(815301076,1909f56bfc062723c751e8b465ee728b)
Start importing  using Guid(2fc5d859ac2c43a418280f39b0248a88) Importer(815301076,1909f56bfc062723c751e8b465ee728b)  -> (artifact id: '00000000000000000000000000000000') in 0.000047 seconds  code(3) message(Unknown asset with GUID '2fc5d859ac2c43a418280f39b0248a88')
  ERROR: Unknown asset with GUID '2fc5d859ac2c43a418280f39b0248a88'
========================================================================
Received Import Request.
  Time since last request: 0.000055 seconds.
  path: 
  artifactKey: Guid(671e52c86bde9064faceaf7fa63be722) Importer(815301076,1909f56bfc062723c751e8b465ee728b)
Start importing  using Guid(671e52c86bde9064faceaf7fa63be722) Importer(815301076,1909f56bfc062723c751e8b465ee728b)  -> (artifact id: '00000000000000000000000000000000') in 0.000036 seconds  code(3) message(Unknown asset with GUID '671e52c86bde9064faceaf7fa63be722')
  ERROR: Unknown asset with GUID '671e52c86bde9064faceaf7fa63be722'
========================================================================
Received Import Request.
  Time since last request: 0.000062 seconds.
  path: 
  artifactKey: Guid(9d31b4fbd22c7fa4cad4f752b91a67f1) Importer(815301076,1909f56bfc062723c751e8b465ee728b)
Start importing  using Guid(9d31b4fbd22c7fa4cad4f752b91a67f1) Importer(815301076,1909f56bfc062723c751e8b465ee728b)  -> (artifact id: '00000000000000000000000000000000') in 0.000038 seconds  code(3) message(Unknown asset with GUID '9d31b4fbd22c7fa4cad4f752b91a67f1')
  ERROR: Unknown asset with GUID '9d31b4fbd22c7fa4cad4f752b91a67f1'
========================================================================
Received Import Request.
  Time since last request: 0.000058 seconds.
  path: 
  artifactKey: Guid(1c4e7f8060036a14e9ab9d697033f834) Importer(815301076,1909f56bfc062723c751e8b465ee728b)
Start importing  using Guid(1c4e7f8060036a14e9ab9d697033f834) Importer(815301076,1909f56bfc062723c751e8b465ee728b)  -> (artifact id: '00000000000000000000000000000000') in 0.000049 seconds  code(3) message(Unknown asset with GUID '1c4e7f8060036a14e9ab9d697033f834')
  ERROR: Unknown asset with GUID '1c4e7f8060036a14e9ab9d697033f834'
========================================================================
Received Import Request.
  Time since last request: 0.000047 seconds.
  path: 
  artifactKey: Guid(c1398017efbf28749afa387ac4106c4a) Importer(815301076,1909f56bfc062723c751e8b465ee728b)
Start importing  using Guid(c1398017efbf28749afa387ac4106c4a) Importer(815301076,1909f56bfc062723c751e8b465ee728b)  -> (artifact id: '00000000000000000000000000000000') in 0.000036 seconds  code(3) message(Unknown asset with GUID 'c1398017efbf28749afa387ac4106c4a')
  ERROR: Unknown asset with GUID 'c1398017efbf28749afa387ac4106c4a'
========================================================================
Received Import Request.
  Time since last request: 0.000050 seconds.
  path: 
  artifactKey: Guid(63d6a0fefe1e06348ba19b575dc8de74) Importer(815301076,1909f56bfc062723c751e8b465ee728b)
Start importing  using Guid(63d6a0fefe1e06348ba19b575dc8de74) Importer(815301076,1909f56bfc062723c751e8b465ee728b)  -> (artifact id: '00000000000000000000000000000000') in 0.000037 seconds  code(3) message(Unknown asset with GUID '63d6a0fefe1e06348ba19b575dc8de74')
  ERROR: Unknown asset with GUID '63d6a0fefe1e06348ba19b575dc8de74'
========================================================================
Received Import Request.
  Time since last request: 0.000045 seconds.
  path: 
  artifactKey: Guid(7049fe38441a6124e891694aa3c37a5c) Importer(815301076,1909f56bfc062723c751e8b465ee728b)
Start importing  using Guid(7049fe38441a6124e891694aa3c37a5c) Importer(815301076,1909f56bfc062723c751e8b465ee728b)  -> (artifact id: '00000000000000000000000000000000') in 0.000030 seconds  code(3) message(Unknown asset with GUID '7049fe38441a6124e891694aa3c37a5c')
  ERROR: Unknown asset with GUID '7049fe38441a6124e891694aa3c37a5c'
========================================================================
Received Import Request.
  Time since last request: 0.000059 seconds.
  path: 
  artifactKey: Guid(38af5764054752f4d847e5c6cf1c3321) Importer(815301076,1909f56bfc062723c751e8b465ee728b)
Start importing  using Guid(38af5764054752f4d847e5c6cf1c3321) Importer(815301076,1909f56bfc062723c751e8b465ee728b)  -> (artifact id: '00000000000000000000000000000000') in 0.000037 seconds  code(3) message(Unknown asset with GUID '38af5764054752f4d847e5c6cf1c3321')
  ERROR: Unknown asset with GUID '38af5764054752f4d847e5c6cf1c3321'
========================================================================
Received Import Request.
  Time since last request: 0.000051 seconds.
  path: 
  artifactKey: Guid(d56cb2898e6ae0746b93653a6385f498) Importer(815301076,1909f56bfc062723c751e8b465ee728b)
Start importing  using Guid(d56cb2898e6ae0746b93653a6385f498) Importer(815301076,1909f56bfc062723c751e8b465ee728b)  -> (artifact id: '00000000000000000000000000000000') in 0.000034 seconds  code(3) message(Unknown asset with GUID 'd56cb2898e6ae0746b93653a6385f498')
  ERROR: Unknown asset with GUID 'd56cb2898e6ae0746b93653a6385f498'
========================================================================
Received Import Request.
  Time since last request: 0.000049 seconds.
  path: 
  artifactKey: Guid(a30344435c8356d4894a0291370187a8) Importer(815301076,1909f56bfc062723c751e8b465ee728b)
Start importing  using Guid(a30344435c8356d4894a0291370187a8) Importer(815301076,1909f56bfc062723c751e8b465ee728b)  -> (artifact id: '00000000000000000000000000000000') in 0.000053 seconds  code(3) message(Unknown asset with GUID 'a30344435c8356d4894a0291370187a8')
  ERROR: Unknown asset with GUID 'a30344435c8356d4894a0291370187a8'
========================================================================
Received Import Request.
  Time since last request: 0.000056 seconds.
  path: 
  artifactKey: Guid(11e1e33be71267d40b106209c1e1a47c) Importer(815301076,1909f56bfc062723c751e8b465ee728b)
Start importing  using Guid(11e1e33be71267d40b106209c1e1a47c) Importer(815301076,1909f56bfc062723c751e8b465ee728b)  -> (artifact id: '00000000000000000000000000000000') in 0.000043 seconds  code(3) message(Unknown asset with GUID '11e1e33be71267d40b106209c1e1a47c')
  ERROR: Unknown asset with GUID '11e1e33be71267d40b106209c1e1a47c'
========================================================================
Received Import Request.
  Time since last request: 0.000061 seconds.
  path: 
  artifactKey: Guid(3bfbc1afe60627d44a8d9b98adb12d06) Importer(815301076,1909f56bfc062723c751e8b465ee728b)
Start importing  using Guid(3bfbc1afe60627d44a8d9b98adb12d06) Importer(815301076,1909f56bfc062723c751e8b465ee728b)  -> (artifact id: '00000000000000000000000000000000') in 0.000073 seconds  code(3) message(Unknown asset with GUID '3bfbc1afe60627d44a8d9b98adb12d06')
  ERROR: Unknown asset with GUID '3bfbc1afe60627d44a8d9b98adb12d06'
========================================================================
Received Import Request.
  Time since last request: 0.000084 seconds.
  path: 
  artifactKey: Guid(4e56b3a46200be747ab526f51e62d2ad) Importer(815301076,1909f56bfc062723c751e8b465ee728b)
Start importing  using Guid(4e56b3a46200be747ab526f51e62d2ad) Importer(815301076,1909f56bfc062723c751e8b465ee728b)  -> (artifact id: '00000000000000000000000000000000') in 0.000032 seconds  code(3) message(Unknown asset with GUID '4e56b3a46200be747ab526f51e62d2ad')
  ERROR: Unknown asset with GUID '4e56b3a46200be747ab526f51e62d2ad'
========================================================================
Received Import Request.
  Time since last request: 0.000082 seconds.
  path: 
  artifactKey: Guid(299e9dbddb56bc646bebbb4ccd5b2ce0) Importer(815301076,1909f56bfc062723c751e8b465ee728b)
Start importing  using Guid(299e9dbddb56bc646bebbb4ccd5b2ce0) Importer(815301076,1909f56bfc062723c751e8b465ee728b)  -> (artifact id: '00000000000000000000000000000000') in 0.000044 seconds  code(3) message(Unknown asset with GUID '299e9dbddb56bc646bebbb4ccd5b2ce0')
  ERROR: Unknown asset with GUID '299e9dbddb56bc646bebbb4ccd5b2ce0'
========================================================================
Received Import Request.
  Time since last request: 1.423145 seconds.
  path: 
  artifactKey: Guid(3237b4b11e0e5454ca2e88054cd2ad05) Importer(815301076,1909f56bfc062723c751e8b465ee728b)
Start importing  using Guid(3237b4b11e0e5454ca2e88054cd2ad05) Importer(815301076,1909f56bfc062723c751e8b465ee728b)  -> (artifact id: '00000000000000000000000000000000') in 0.000044 seconds  code(3) message(Unknown asset with GUID '3237b4b11e0e5454ca2e88054cd2ad05')
  ERROR: Unknown asset with GUID '3237b4b11e0e5454ca2e88054cd2ad05'
========================================================================
Received Import Request.
  Time since last request: 0.000063 seconds.
  path: 
  artifactKey: Guid(cb150fcf81ecdbf41b1cc3c33d46b21e) Importer(815301076,1909f56bfc062723c751e8b465ee728b)
Start importing  using Guid(cb150fcf81ecdbf41b1cc3c33d46b21e) Importer(815301076,1909f56bfc062723c751e8b465ee728b)  -> (artifact id: '00000000000000000000000000000000') in 0.000043 seconds  code(3) message(Unknown asset with GUID 'cb150fcf81ecdbf41b1cc3c33d46b21e')
  ERROR: Unknown asset with GUID 'cb150fcf81ecdbf41b1cc3c33d46b21e'
========================================================================
Received Import Request.
  Time since last request: 0.000059 seconds.
  path: 
  artifactKey: Guid(4cfb8d767b2843e4dbf4e3ab0477fd01) Importer(815301076,1909f56bfc062723c751e8b465ee728b)
Start importing  using Guid(4cfb8d767b2843e4dbf4e3ab0477fd01) Importer(815301076,1909f56bfc062723c751e8b465ee728b)  -> (artifact id: '00000000000000000000000000000000') in 0.000031 seconds  code(3) message(Unknown asset with GUID '4cfb8d767b2843e4dbf4e3ab0477fd01')
  ERROR: Unknown asset with GUID '4cfb8d767b2843e4dbf4e3ab0477fd01'
========================================================================
Received Import Request.
  Time since last request: 0.000076 seconds.
  path: 
  artifactKey: Guid(9b5c541724ac3c040a7f9756a1ae3d07) Importer(815301076,1909f56bfc062723c751e8b465ee728b)
Start importing  using Guid(9b5c541724ac3c040a7f9756a1ae3d07) Importer(815301076,1909f56bfc062723c751e8b465ee728b)  -> (artifact id: '00000000000000000000000000000000') in 0.000030 seconds  code(3) message(Unknown asset with GUID '9b5c541724ac3c040a7f9756a1ae3d07')
  ERROR: Unknown asset with GUID '9b5c541724ac3c040a7f9756a1ae3d07'
========================================================================
Received Import Request.
  Time since last request: 0.000049 seconds.
  path: 
  artifactKey: Guid(2b8a2aab82dbaa149818ac444d799ce6) Importer(815301076,1909f56bfc062723c751e8b465ee728b)
Start importing  using Guid(2b8a2aab82dbaa149818ac444d799ce6) Importer(815301076,1909f56bfc062723c751e8b465ee728b)  -> (artifact id: '00000000000000000000000000000000') in 0.000032 seconds  code(3) message(Unknown asset with GUID '2b8a2aab82dbaa149818ac444d799ce6')
  ERROR: Unknown asset with GUID '2b8a2aab82dbaa149818ac444d799ce6'
========================================================================
Received Import Request.
  Time since last request: 0.000046 seconds.
  path: 
  artifactKey: Guid(09b79d02d4534454c87c26f570796880) Importer(815301076,1909f56bfc062723c751e8b465ee728b)
Start importing  using Guid(09b79d02d4534454c87c26f570796880) Importer(815301076,1909f56bfc062723c751e8b465ee728b)  -> (artifact id: '00000000000000000000000000000000') in 0.000032 seconds  code(3) message(Unknown asset with GUID '09b79d02d4534454c87c26f570796880')
  ERROR: Unknown asset with GUID '09b79d02d4534454c87c26f570796880'
========================================================================
Received Import Request.
  Time since last request: 0.000113 seconds.
  path: 
  artifactKey: Guid(52e02f5cc86fe0f47a7669d6b0b19a3b) Importer(815301076,1909f56bfc062723c751e8b465ee728b)
Start importing  using Guid(52e02f5cc86fe0f47a7669d6b0b19a3b) Importer(815301076,1909f56bfc062723c751e8b465ee728b)  -> (artifact id: '00000000000000000000000000000000') in 0.000037 seconds  code(3) message(Unknown asset with GUID '52e02f5cc86fe0f47a7669d6b0b19a3b')
  ERROR: Unknown asset with GUID '52e02f5cc86fe0f47a7669d6b0b19a3b'
========================================================================
Received Import Request.
  Time since last request: 0.000053 seconds.
  path: 
  artifactKey: Guid(95fad243222900f44980a67fe330787f) Importer(815301076,1909f56bfc062723c751e8b465ee728b)
Start importing  using Guid(95fad243222900f44980a67fe330787f) Importer(815301076,1909f56bfc062723c751e8b465ee728b)  -> (artifact id: '00000000000000000000000000000000') in 0.000033 seconds  code(3) message(Unknown asset with GUID '95fad243222900f44980a67fe330787f')
  ERROR: Unknown asset with GUID '95fad243222900f44980a67fe330787f'
========================================================================
Received Import Request.
  Time since last request: 0.000054 seconds.
  path: 
  artifactKey: Guid(8ac8601c4eda5e74bb696368bebc591c) Importer(815301076,1909f56bfc062723c751e8b465ee728b)
Start importing  using Guid(8ac8601c4eda5e74bb696368bebc591c) Importer(815301076,1909f56bfc062723c751e8b465ee728b)  -> (artifact id: '00000000000000000000000000000000') in 0.000036 seconds  code(3) message(Unknown asset with GUID '8ac8601c4eda5e74bb696368bebc591c')
  ERROR: Unknown asset with GUID '8ac8601c4eda5e74bb696368bebc591c'
========================================================================
Received Import Request.
  Time since last request: 1.822473 seconds.
  path: 
  artifactKey: Guid(a69361a113caf7d478a5a3cc898d7830) Importer(815301076,1909f56bfc062723c751e8b465ee728b)
Start importing  using Guid(a69361a113caf7d478a5a3cc898d7830) Importer(815301076,1909f56bfc062723c751e8b465ee728b)  -> (artifact id: '00000000000000000000000000000000') in 0.000032 seconds  code(3) message(Unknown asset with GUID 'a69361a113caf7d478a5a3cc898d7830')
  ERROR: Unknown asset with GUID 'a69361a113caf7d478a5a3cc898d7830'
========================================================================
Received Import Request.
  Time since last request: 0.000049 seconds.
  path: 
  artifactKey: Guid(9097fbb3ab108be4d81be5ad4d07fcc8) Importer(815301076,1909f56bfc062723c751e8b465ee728b)
Start importing  using Guid(9097fbb3ab108be4d81be5ad4d07fcc8) Importer(815301076,1909f56bfc062723c751e8b465ee728b)  -> (artifact id: '00000000000000000000000000000000') in 0.000073 seconds  code(3) message(Unknown asset with GUID '9097fbb3ab108be4d81be5ad4d07fcc8')
  ERROR: Unknown asset with GUID '9097fbb3ab108be4d81be5ad4d07fcc8'
========================================================================
Received Import Request.
  Time since last request: 0.000055 seconds.
  path: 
  artifactKey: Guid(742a46fad229ab14b8b09af89fe00636) Importer(815301076,1909f56bfc062723c751e8b465ee728b)
Start importing  using Guid(742a46fad229ab14b8b09af89fe00636) Importer(815301076,1909f56bfc062723c751e8b465ee728b)  -> (artifact id: '00000000000000000000000000000000') in 0.000028 seconds  code(3) message(Unknown asset with GUID '742a46fad229ab14b8b09af89fe00636')
  ERROR: Unknown asset with GUID '742a46fad229ab14b8b09af89fe00636'
========================================================================
Received Import Request.
  Time since last request: 9.073671 seconds.
  path: 
  artifactKey: Guid(8a3490e4be66349499b9e07377b023f1) Importer(815301076,1909f56bfc062723c751e8b465ee728b)
Start importing  using Guid(8a3490e4be66349499b9e07377b023f1) Importer(815301076,1909f56bfc062723c751e8b465ee728b)  -> (artifact id: '00000000000000000000000000000000') in 0.000036 seconds  code(3) message(Unknown asset with GUID '8a3490e4be66349499b9e07377b023f1')
  ERROR: Unknown asset with GUID '8a3490e4be66349499b9e07377b023f1'
========================================================================
Received Import Request.
  Time since last request: 2.651835 seconds.
  path: 
  artifactKey: Guid(2b2ac40e8607faf46af77f1e35c486c7) Importer(815301076,1909f56bfc062723c751e8b465ee728b)
Start importing  using Guid(2b2ac40e8607faf46af77f1e35c486c7) Importer(815301076,1909f56bfc062723c751e8b465ee728b)  -> (artifact id: '00000000000000000000000000000000') in 0.000030 seconds  code(3) message(Unknown asset with GUID '2b2ac40e8607faf46af77f1e35c486c7')
  ERROR: Unknown asset with GUID '2b2ac40e8607faf46af77f1e35c486c7'
========================================================================
Received Import Request.
  Time since last request: 9.714808 seconds.
  path: 
  artifactKey: Guid(f517fb22eb85f964f9ccfb06ae1ba8f7) Importer(815301076,1909f56bfc062723c751e8b465ee728b)
Start importing  using Guid(f517fb22eb85f964f9ccfb06ae1ba8f7) Importer(815301076,1909f56bfc062723c751e8b465ee728b)  -> (artifact id: '00000000000000000000000000000000') in 0.000030 seconds  code(3) message(Unknown asset with GUID 'f517fb22eb85f964f9ccfb06ae1ba8f7')
  ERROR: Unknown asset with GUID 'f517fb22eb85f964f9ccfb06ae1ba8f7'
========================================================================
Received Import Request.
  Time since last request: 14.757121 seconds.
  path: 
  artifactKey: Guid(889a7d31300ecb14994ae56e27858531) Importer(815301076,1909f56bfc062723c751e8b465ee728b)
Start importing  using Guid(889a7d31300ecb14994ae56e27858531) Importer(815301076,1909f56bfc062723c751e8b465ee728b)  -> (artifact id: '00000000000000000000000000000000') in 0.000025 seconds  code(3) message(Unknown asset with GUID '889a7d31300ecb14994ae56e27858531')
  ERROR: Unknown asset with GUID '889a7d31300ecb14994ae56e27858531'
