Using pre-set license
Built from '2021.3/staging' branch; Version is '2021.3.26f1 (a16dc32e0ff2) revision 10579395'; Using compiler version '192829333'; Build Type 'Release'
OS: 'Windows 10  (10.0.19045) 64bit Professional' Language: 'es' Physical Memory: 8135 MB
BatchMode: 1, IsHumanControllingUs: 0, StartBugReporterOnCrash: 0, Is64bit: 1, IsPro: 1

COMMAND LINE ARGUMENTS:
C:\Program Files\Unity 2021.3.26f1\Editor\Unity.exe
-adb2
-batchMode
-noUpm
-name
AssetImportWorker9
-projectPath
E:/UNITY/AdventurersQuest/AdverturersQuest
-logFile
Logs/AssetImportWorker9.log
-srvPort
59954
Successfully changed project path to: E:/UNITY/AdventurersQuest/AdverturersQuest
E:/UNITY/AdventurersQuest/AdverturersQuest
[UnityMemory] Configuration Parameters - Can be set up in boot.config
    "memorysetup-bucket-allocator-granularity=16"
    "memorysetup-bucket-allocator-bucket-count=8"
    "memorysetup-bucket-allocator-block-size=33554432"
    "memorysetup-bucket-allocator-block-count=8"
    "memorysetup-main-allocator-block-size=16777216"
    "memorysetup-thread-allocator-block-size=16777216"
    "memorysetup-gfx-main-allocator-block-size=16777216"
    "memorysetup-gfx-thread-allocator-block-size=16777216"
    "memorysetup-cache-allocator-block-size=4194304"
    "memorysetup-typetree-allocator-block-size=2097152"
    "memorysetup-profiler-bucket-allocator-granularity=16"
    "memorysetup-profiler-bucket-allocator-bucket-count=8"
    "memorysetup-profiler-bucket-allocator-block-size=33554432"
    "memorysetup-profiler-bucket-allocator-block-count=8"
    "memorysetup-profiler-allocator-block-size=16777216"
    "memorysetup-profiler-editor-allocator-block-size=1048576"
    "memorysetup-temp-allocator-size-main=16777216"
    "memorysetup-job-temp-allocator-block-size=2097152"
    "memorysetup-job-temp-allocator-block-size-background=1048576"
    "memorysetup-job-temp-allocator-reduction-small-platforms=262144"
    "memorysetup-temp-allocator-size-background-worker=32768"
    "memorysetup-temp-allocator-size-job-worker=262144"
    "memorysetup-temp-allocator-size-preload-manager=33554432"
    "memorysetup-temp-allocator-size-nav-mesh-worker=65536"
    "memorysetup-temp-allocator-size-audio-worker=65536"
    "memorysetup-temp-allocator-size-cloud-worker=32768"
    "memorysetup-temp-allocator-size-gi-baking-worker=262144"
    "memorysetup-temp-allocator-size-gfx=262144"
Player connection [12636] Host "[IP] 172.18.144.1 [Port] 0 [Flags] 2 [Guid] 2194493098 [EditorId] 2194493098 [Version] 1048832 [Id] WindowsEditor(7,DESKTOP-H8993N5) [Debug] 1 [PackageName] WindowsEditor [ProjectName] Editor" joined multi-casting on [225.0.0.222:54997]...

Player connection [12636] Host "[IP] 172.18.144.1 [Port] 0 [Flags] 2 [Guid] 2194493098 [EditorId] 2194493098 [Version] 1048832 [Id] WindowsEditor(7,DESKTOP-H8993N5) [Debug] 1 [PackageName] WindowsEditor [ProjectName] Editor" joined alternative multi-casting on [225.0.0.222:34997]...

Refreshing native plugins compatible for Editor in 139.87 ms, found 3 plugins.
Preloading 0 native plugins for Editor in 0.00 ms.
Initialize engine version: 2021.3.26f1 (a16dc32e0ff2)
[Subsystems] Discovering subsystems at path C:/Program Files/Unity 2021.3.26f1/Editor/Data/Resources/UnitySubsystems
[Subsystems] Discovering subsystems at path E:/UNITY/AdventurersQuest/AdverturersQuest/Assets
GfxDevice: creating device client; threaded=0; jobified=0
Direct3D:
    Version:  Direct3D 11.0 [level 11.1]
    Renderer: NVIDIA GeForce GT 1030 (ID=0x1d01)
    Vendor:   NVIDIA
    VRAM:     1982 MB
    Driver:   31.0.15.1694
Initialize mono
Mono path[0] = 'C:/Program Files/Unity 2021.3.26f1/Editor/Data/Managed'
Mono path[1] = 'C:/Program Files/Unity 2021.3.26f1/Editor/Data/MonoBleedingEdge/lib/mono/unityjit-win32'
Mono config path = 'C:/Program Files/Unity 2021.3.26f1/Editor/Data/MonoBleedingEdge/etc'
Using monoOptions --debugger-agent=transport=dt_socket,embedding=1,server=y,suspend=n,address=127.0.0.1:56784
Begin MonoManager ReloadAssembly
Registering precompiled unity dll's ...
Register platform support module: C:/Program Files/Unity 2021.3.26f1/Editor/Data/PlaybackEngines/WindowsStandaloneSupport/UnityEditor.WindowsStandalone.Extensions.dll
Registered in 0.008963 seconds.
Native extension for WindowsStandalone target not found
Refreshing native plugins compatible for Editor in 102.05 ms, found 3 plugins.
Preloading 0 native plugins for Editor in 0.00 ms.
Mono: successfully reloaded assembly
- Completed reload, in  0.955 seconds
Domain Reload Profiling:
	ReloadAssembly (956ms)
		BeginReloadAssembly (160ms)
			ExecutionOrderSort (0ms)
			DisableScriptedObjects (0ms)
			BackupInstance (0ms)
			ReleaseScriptingObjects (0ms)
			CreateAndSetChildDomain (1ms)
		EndReloadAssembly (652ms)
			LoadAssemblies (156ms)
			RebuildTransferFunctionScriptingTraits (0ms)
			SetupTypeCache (157ms)
			ReleaseScriptCaches (0ms)
			RebuildScriptCaches (37ms)
			SetupLoadedEditorAssemblies (381ms)
				LogAssemblyErrors (0ms)
				InitializePlatformSupportModulesInManaged (10ms)
				SetLoadedEditorAssemblies (0ms)
				RefreshPlugins (102ms)
				BeforeProcessingInitializeOnLoad (2ms)
				ProcessInitializeOnLoadAttributes (188ms)
				ProcessInitializeOnLoadMethodAttributes (77ms)
				AfterProcessingInitializeOnLoad (0ms)
				EditorAssembliesLoaded (0ms)
			ExecutionOrderSort2 (0ms)
			AwakeInstancesAfterBackupRestoration (0ms)
Platform modules already initialized, skipping
Registering precompiled user dll's ...
Registered in 0.008921 seconds.
Begin MonoManager ReloadAssembly
Symbol file LoadedFromMemory doesn't match image E:\UNITY\AdventurersQuest\AdverturersQuest\Library\PackageCache\com.unity.visualscripting@1.8.0\Editor\VisualScripting.Core\Dependencies\YamlDotNet\Unity.VisualScripting.YamlDotNet.dll
Symbol file LoadedFromMemory doesn't match image E:\UNITY\AdventurersQuest\AdverturersQuest\Library\PackageCache\com.unity.visualscripting@1.8.0\Editor\VisualScripting.Core\Dependencies\DotNetZip\Unity.VisualScripting.IonicZip.dll
Native extension for WindowsStandalone target not found
Refreshing native plugins compatible for Editor in 1.10 ms, found 3 plugins.
Preloading 0 native plugins for Editor in 0.00 ms.
Mono: successfully reloaded assembly
- Completed reload, in  6.033 seconds
Domain Reload Profiling:
	ReloadAssembly (6034ms)
		BeginReloadAssembly (199ms)
			ExecutionOrderSort (0ms)
			DisableScriptedObjects (10ms)
			BackupInstance (0ms)
			ReleaseScriptingObjects (0ms)
			CreateAndSetChildDomain (26ms)
		EndReloadAssembly (5624ms)
			LoadAssemblies (3796ms)
			RebuildTransferFunctionScriptingTraits (0ms)
			SetupTypeCache (1236ms)
			ReleaseScriptCaches (1ms)
			RebuildScriptCaches (73ms)
			SetupLoadedEditorAssemblies (491ms)
				LogAssemblyErrors (0ms)
				InitializePlatformSupportModulesInManaged (8ms)
				SetLoadedEditorAssemblies (1ms)
				RefreshPlugins (1ms)
				BeforeProcessingInitializeOnLoad (102ms)
				ProcessInitializeOnLoadAttributes (333ms)
				ProcessInitializeOnLoadMethodAttributes (35ms)
				AfterProcessingInitializeOnLoad (12ms)
				EditorAssembliesLoaded (0ms)
			ExecutionOrderSort2 (0ms)
			AwakeInstancesAfterBackupRestoration (12ms)
Platform modules already initialized, skipping
========================================================================
Worker process is ready to serve import requests
Launched and connected shader compiler UnityShaderCompiler.exe after 0.08 seconds
Refreshing native plugins compatible for Editor in 1.15 ms, found 3 plugins.
Preloading 0 native plugins for Editor in 0.00 ms.
Unloading 3051 Unused Serialized files (Serialized files now loaded: 0)
Unloading 22 unused Assets / (56.1 KB). Loaded Objects now: 3514.
Memory consumption went from 110.2 MB to 110.2 MB.
Total: 5.657800 ms (FindLiveObjects: 0.660500 ms CreateObjectMapping: 0.401300 ms MarkObjects: 4.482100 ms  DeleteObjects: 0.112700 ms)

AssetImportParameters requested are different than current active one (requested -> active):
  custom:video-decoder-ogg-theora: a1e56fd34408186e4bbccfd4996cb3dc -> 
  custom:container-muxer-webm: aa71ff27fc2769a1b78a27578f13a17b -> 
  custom:container-demuxer-webm: 4f35f7cbe854078d1ac9338744f61a02 -> 
  custom:video-encoder-webm-vp8: eb34c28f22e8b96e1ab97ce403110664 -> 
  custom:audio-encoder-webm-vorbis: bf7c407c2cedff20999df2af8eb42d56 -> 
  custom:framework-win-MediaFoundation: 216162199b28c13a410421893ffa2e32 -> 
  custom:container-demuxer-ogg: 62fdf1f143b41e24485cea50d1cbac27 -> 
  custom:video-decoder-webm-vp8: 9c59270c3fd7afecdb556c50c9e8de78 -> 
  custom:audio-decoder-ogg-vorbis: bf7c407c2cedff20999df2af8eb42d56 -> 
========================================================================
Received Import Request.
  Time since last request: 77520.878347 seconds.
  path: Assets/Polygon-City Megapolis/Prefab/Farm/SM_Circle.prefab
  artifactKey: Guid(e09da253eea8ca949a8f95a98ad9f90a) Importer(815301076,1909f56bfc062723c751e8b465ee728b)
Start importing Assets/Polygon-City Megapolis/Prefab/Farm/SM_Circle.prefab using Guid(e09da253eea8ca949a8f95a98ad9f90a) Importer(815301076,1909f56bfc062723c751e8b465ee728b)  -> (artifact id: '59184e6734910f8a85c133f788d0d0f7') in 0.408031 seconds 
========================================================================
Received Import Request.
  Time since last request: 0.013117 seconds.
  path: Assets/Polygon-City Megapolis/Prefab/Farm/SM_fields_01.prefab
  artifactKey: Guid(9789a6a317dfc5f44aa279b78b9d2577) Importer(815301076,1909f56bfc062723c751e8b465ee728b)
Start importing Assets/Polygon-City Megapolis/Prefab/Farm/SM_fields_01.prefab using Guid(9789a6a317dfc5f44aa279b78b9d2577) Importer(815301076,1909f56bfc062723c751e8b465ee728b)  -> (artifact id: '4388555cc6764786076c546424c2e266') in 0.095862 seconds 
========================================================================
Received Import Request.
  Time since last request: 0.000040 seconds.
  path: Assets/Polygon-City Megapolis/Prefab/Farm/SM_fields_02.prefab
  artifactKey: Guid(0a9905a4f325e2544b24c56e069c80fe) Importer(815301076,1909f56bfc062723c751e8b465ee728b)
Start importing Assets/Polygon-City Megapolis/Prefab/Farm/SM_fields_02.prefab using Guid(0a9905a4f325e2544b24c56e069c80fe) Importer(815301076,1909f56bfc062723c751e8b465ee728b)  -> (artifact id: '67437204aae0174b7dbd63f29160f1c2') in 0.086827 seconds 
========================================================================
Received Import Request.
  Time since last request: 0.000039 seconds.
  path: Assets/Polygon-City Megapolis/Prefab/Farm/SM_haystack_03.prefab
  artifactKey: Guid(dc0f3ed3e583d2f4686df64fc628eec2) Importer(815301076,1909f56bfc062723c751e8b465ee728b)
Start importing Assets/Polygon-City Megapolis/Prefab/Farm/SM_haystack_03.prefab using Guid(dc0f3ed3e583d2f4686df64fc628eec2) Importer(815301076,1909f56bfc062723c751e8b465ee728b)  -> (artifact id: '9926429bb08f2b887351b9161693016b') in 0.273921 seconds 
========================================================================
Received Import Request.
  Time since last request: 0.029881 seconds.
  path: Assets/Polygon-City Megapolis/Prefab/Farm/SM_plow_01.prefab
  artifactKey: Guid(0b638b035998b4b4cbf687cf481a40bd) Importer(815301076,1909f56bfc062723c751e8b465ee728b)
Start importing Assets/Polygon-City Megapolis/Prefab/Farm/SM_plow_01.prefab using Guid(0b638b035998b4b4cbf687cf481a40bd) Importer(815301076,1909f56bfc062723c751e8b465ee728b)  -> (artifact id: 'bef9a71318565380c45b4869ea731969') in 0.194032 seconds 
========================================================================
Received Import Request.
  Time since last request: 9.659365 seconds.
  path: Assets/Polygon-City Megapolis/Prefab/Text/SM_Large_X.prefab
  artifactKey: Guid(65ea50e85ec606344908b689e70868ea) Importer(815301076,1909f56bfc062723c751e8b465ee728b)
Start importing Assets/Polygon-City Megapolis/Prefab/Text/SM_Large_X.prefab using Guid(65ea50e85ec606344908b689e70868ea) Importer(815301076,1909f56bfc062723c751e8b465ee728b)  -> (artifact id: '014689ec84342096326d8c7ffc204f1d') in 0.320577 seconds 
========================================================================
Received Import Request.
  Time since last request: 0.000043 seconds.
  path: Assets/Polygon-City Megapolis/Prefab/Text/SM_Num_2.prefab
  artifactKey: Guid(d051843622e7c574187e4911ea099391) Importer(815301076,1909f56bfc062723c751e8b465ee728b)
Start importing Assets/Polygon-City Megapolis/Prefab/Text/SM_Num_2.prefab using Guid(d051843622e7c574187e4911ea099391) Importer(815301076,1909f56bfc062723c751e8b465ee728b)  -> (artifact id: 'cec542af6a9c23cb524f211bb035121e') in 0.052791 seconds 
========================================================================
Received Import Request.
  Time since last request: 0.000047 seconds.
  path: Assets/Polygon-City Megapolis/Prefab/Text/SM_Num_5.prefab
  artifactKey: Guid(a70937f0ae103e044bcbd4372071e4c6) Importer(815301076,1909f56bfc062723c751e8b465ee728b)
Start importing Assets/Polygon-City Megapolis/Prefab/Text/SM_Num_5.prefab using Guid(a70937f0ae103e044bcbd4372071e4c6) Importer(815301076,1909f56bfc062723c751e8b465ee728b)  -> (artifact id: '8826c5ec02c90550edf95f84f9988cdd') in 0.496198 seconds 
========================================================================
Received Import Request.
  Time since last request: 0.000029 seconds.
  path: Assets/Polygon-City Megapolis/Prefab/Text/SM_Small_i.prefab
  artifactKey: Guid(d37190fee7cdc1d4fb2338b7f69bd336) Importer(815301076,1909f56bfc062723c751e8b465ee728b)
Start importing Assets/Polygon-City Megapolis/Prefab/Text/SM_Small_i.prefab using Guid(d37190fee7cdc1d4fb2338b7f69bd336) Importer(815301076,1909f56bfc062723c751e8b465ee728b)  -> (artifact id: '27f8e08e6e01421016ae3b4840f1b3a0') in 0.288184 seconds 
========================================================================
Received Import Request.
  Time since last request: 0.000049 seconds.
  path: Assets/Polygon-City Megapolis/Prefab/Text/SM_Small_n.prefab
  artifactKey: Guid(86ac4d1b086625c4599a88c9a38c9ea8) Importer(815301076,1909f56bfc062723c751e8b465ee728b)
Start importing Assets/Polygon-City Megapolis/Prefab/Text/SM_Small_n.prefab using Guid(86ac4d1b086625c4599a88c9a38c9ea8) Importer(815301076,1909f56bfc062723c751e8b465ee728b)  -> (artifact id: '91445a7d2a4a8dc437c7b533bd5d83d6') in 0.082966 seconds 
========================================================================
Received Import Request.
  Time since last request: 1.088176 seconds.
  path: Assets/Polygon-City Megapolis/Prefab/Text/SM_Small_u.prefab
  artifactKey: Guid(3d7520142b540f74d9f56adef3b0aafc) Importer(815301076,1909f56bfc062723c751e8b465ee728b)
Start importing Assets/Polygon-City Megapolis/Prefab/Text/SM_Small_u.prefab using Guid(3d7520142b540f74d9f56adef3b0aafc) Importer(815301076,1909f56bfc062723c751e8b465ee728b)  -> (artifact id: 'bb3acc2585f66a9b58453f0233de7b81') in 0.062326 seconds 
========================================================================
Received Import Request.
  Time since last request: 0.000036 seconds.
  path: Assets/Polygon-City Megapolis/Prefab/Text/SM_Small_v.prefab
  artifactKey: Guid(1153d1208f1be304f8d257b9353ec606) Importer(815301076,1909f56bfc062723c751e8b465ee728b)
Start importing Assets/Polygon-City Megapolis/Prefab/Text/SM_Small_v.prefab using Guid(1153d1208f1be304f8d257b9353ec606) Importer(815301076,1909f56bfc062723c751e8b465ee728b)  -> (artifact id: 'cd35a5bb08996ac067a50a3a8022e76c') in 0.173951 seconds 
========================================================================
Received Import Request.
  Time since last request: 709.625694 seconds.
  path: Assets/Polygon-City Megapolis/Materials/BlueCarLight.mat
  artifactKey: Guid(fa456cb21ba3e0e448d7c5be72f24f24) Importer(815301076,1909f56bfc062723c751e8b465ee728b)
Start importing Assets/Polygon-City Megapolis/Materials/BlueCarLight.mat using Guid(fa456cb21ba3e0e448d7c5be72f24f24) Importer(815301076,1909f56bfc062723c751e8b465ee728b)  -> (artifact id: '02c9cd12a990fc7cdd92732779e6cfd5') in 0.213637 seconds 
========================================================================
Received Import Request.
  Time since last request: 0.000036 seconds.
  path: Assets/Polygon-City Megapolis/Materials/Emission_White.mat
  artifactKey: Guid(4c13174d2451f324893128eae4eba0f7) Importer(815301076,1909f56bfc062723c751e8b465ee728b)
Start importing Assets/Polygon-City Megapolis/Materials/Emission_White.mat using Guid(4c13174d2451f324893128eae4eba0f7) Importer(815301076,1909f56bfc062723c751e8b465ee728b)  -> (artifact id: '5b801560d2dfe4d1a5819803e93b1d45') in 0.091959 seconds 
========================================================================
Received Import Request.
  Time since last request: 0.000073 seconds.
  path: Assets/Polygon-City Megapolis/Materials/Emission_Yellow.mat
  artifactKey: Guid(e8e9fb604fb1e534ca391b83cfdc02d5) Importer(815301076,1909f56bfc062723c751e8b465ee728b)
Start importing Assets/Polygon-City Megapolis/Materials/Emission_Yellow.mat using Guid(e8e9fb604fb1e534ca391b83cfdc02d5) Importer(815301076,1909f56bfc062723c751e8b465ee728b)  -> (artifact id: '478523e49274c6b537fc8cb6f854e3bc') in 0.092858 seconds 
========================================================================
Received Import Request.
  Time since last request: 0.000027 seconds.
  path: Assets/Polygon-City Megapolis/Materials/Water.mat
  artifactKey: Guid(f914dc4eb4b7aff41ba72cedd34e1819) Importer(815301076,1909f56bfc062723c751e8b465ee728b)
Start importing Assets/Polygon-City Megapolis/Materials/Water.mat using Guid(f914dc4eb4b7aff41ba72cedd34e1819) Importer(815301076,1909f56bfc062723c751e8b465ee728b)  -> (artifact id: '849ed9f87ca98ad09d9f4e078425fbea') in 0.055889 seconds 
========================================================================
Received Import Request.
  Time since last request: 0.000024 seconds.
  path: Assets/Polygon-City Megapolis/Materials/YellowSmooth.mat
  artifactKey: Guid(6e1d36c4bbd37d54f9ea183e4f5fd656) Importer(815301076,1909f56bfc062723c751e8b465ee728b)
Start importing Assets/Polygon-City Megapolis/Materials/YellowSmooth.mat using Guid(6e1d36c4bbd37d54f9ea183e4f5fd656) Importer(815301076,1909f56bfc062723c751e8b465ee728b)  -> (artifact id: '4552bb9bccc297e1602b42aed2e6a9c2') in 0.548694 seconds 
========================================================================
Received Import Request.
  Time since last request: 0.000043 seconds.
  path: Assets/Polygon-City Megapolis/Materials/MainMaterial.mat
  artifactKey: Guid(a7e7e45efba66a546a27014f9d383832) Importer(815301076,1909f56bfc062723c751e8b465ee728b)
Start importing Assets/Polygon-City Megapolis/Materials/MainMaterial.mat using Guid(a7e7e45efba66a546a27014f9d383832) Importer(815301076,1909f56bfc062723c751e8b465ee728b)  -> (artifact id: '2ad19d8478e6086c94c16066e390087f') in 0.033507 seconds 
========================================================================
Received Import Request.
  Time since last request: 0.000095 seconds.
  path: Assets/Polygon-City Megapolis/Materials/RedCarLight.mat
  artifactKey: Guid(b5a877fd440bdab4a96fa3afddf81dd5) Importer(815301076,1909f56bfc062723c751e8b465ee728b)
Start importing Assets/Polygon-City Megapolis/Materials/RedCarLight.mat using Guid(b5a877fd440bdab4a96fa3afddf81dd5) Importer(815301076,1909f56bfc062723c751e8b465ee728b)  -> (artifact id: '978e105d8abcc2b3dd8fcba5085af99e') in 0.027859 seconds 
Editor requested this worker to shutdown with reason: Scaling down because of idle timeout
AssetImportWorker is now disconnected from the server
Process exiting
Exiting without the bug reporter. Application will terminate with return code 0