Using pre-set license
Built from '2021.3/staging' branch; Version is '2021.3.26f1 (a16dc32e0ff2) revision 10579395'; Using compiler version '192829333'; Build Type 'Release'
OS: 'Windows 10  (10.0.19045) 64bit Professional' Language: 'es' Physical Memory: 8135 MB
BatchMode: 1, IsHumanControllingUs: 0, StartBugReporterOnCrash: 0, Is64bit: 1, IsPro: 1

COMMAND LINE ARGUMENTS:
C:\Program Files\Unity 2021.3.26f1\Editor\Unity.exe
-adb2
-batchMode
-noUpm
-name
AssetImportWorker2
-projectPath
E:/UNITY/AdventurersQuest/AdverturersQuest
-logFile
Logs/AssetImportWorker2.log
-srvPort
59954
Successfully changed project path to: E:/UNITY/AdventurersQuest/AdverturersQuest
E:/UNITY/AdventurersQuest/AdverturersQuest
[UnityMemory] Configuration Parameters - Can be set up in boot.config
    "memorysetup-bucket-allocator-granularity=16"
    "memorysetup-bucket-allocator-bucket-count=8"
    "memorysetup-bucket-allocator-block-size=33554432"
    "memorysetup-bucket-allocator-block-count=8"
    "memorysetup-main-allocator-block-size=16777216"
    "memorysetup-thread-allocator-block-size=16777216"
    "memorysetup-gfx-main-allocator-block-size=16777216"
    "memorysetup-gfx-thread-allocator-block-size=16777216"
    "memorysetup-cache-allocator-block-size=4194304"
    "memorysetup-typetree-allocator-block-size=2097152"
    "memorysetup-profiler-bucket-allocator-granularity=16"
    "memorysetup-profiler-bucket-allocator-bucket-count=8"
    "memorysetup-profiler-bucket-allocator-block-size=33554432"
    "memorysetup-profiler-bucket-allocator-block-count=8"
    "memorysetup-profiler-allocator-block-size=16777216"
    "memorysetup-profiler-editor-allocator-block-size=1048576"
    "memorysetup-temp-allocator-size-main=16777216"
    "memorysetup-job-temp-allocator-block-size=2097152"
    "memorysetup-job-temp-allocator-block-size-background=1048576"
    "memorysetup-job-temp-allocator-reduction-small-platforms=262144"
    "memorysetup-temp-allocator-size-background-worker=32768"
    "memorysetup-temp-allocator-size-job-worker=262144"
    "memorysetup-temp-allocator-size-preload-manager=33554432"
    "memorysetup-temp-allocator-size-nav-mesh-worker=65536"
    "memorysetup-temp-allocator-size-audio-worker=65536"
    "memorysetup-temp-allocator-size-cloud-worker=32768"
    "memorysetup-temp-allocator-size-gi-baking-worker=262144"
    "memorysetup-temp-allocator-size-gfx=262144"
Player connection [12644] Host "[IP] 172.18.144.1 [Port] 0 [Flags] 2 [Guid] 4266205986 [EditorId] 4266205986 [Version] 1048832 [Id] WindowsEditor(7,DESKTOP-H8993N5) [Debug] 1 [PackageName] WindowsEditor [ProjectName] Editor" joined multi-casting on [225.0.0.222:54997]...

Player connection [12644] Host "[IP] 172.18.144.1 [Port] 0 [Flags] 2 [Guid] 4266205986 [EditorId] 4266205986 [Version] 1048832 [Id] WindowsEditor(7,DESKTOP-H8993N5) [Debug] 1 [PackageName] WindowsEditor [ProjectName] Editor" joined alternative multi-casting on [225.0.0.222:34997]...

Refreshing native plugins compatible for Editor in 127.61 ms, found 3 plugins.
Preloading 0 native plugins for Editor in 0.00 ms.
Initialize engine version: 2021.3.26f1 (a16dc32e0ff2)
[Subsystems] Discovering subsystems at path C:/Program Files/Unity 2021.3.26f1/Editor/Data/Resources/UnitySubsystems
[Subsystems] Discovering subsystems at path E:/UNITY/AdventurersQuest/AdverturersQuest/Assets
GfxDevice: creating device client; threaded=0; jobified=0
Direct3D:
    Version:  Direct3D 11.0 [level 11.1]
    Renderer: NVIDIA GeForce GT 1030 (ID=0x1d01)
    Vendor:   NVIDIA
    VRAM:     1982 MB
    Driver:   31.0.15.1694
Initialize mono
Mono path[0] = 'C:/Program Files/Unity 2021.3.26f1/Editor/Data/Managed'
Mono path[1] = 'C:/Program Files/Unity 2021.3.26f1/Editor/Data/MonoBleedingEdge/lib/mono/unityjit-win32'
Mono config path = 'C:/Program Files/Unity 2021.3.26f1/Editor/Data/MonoBleedingEdge/etc'
Using monoOptions --debugger-agent=transport=dt_socket,embedding=1,server=y,suspend=n,address=127.0.0.1:56600
Begin MonoManager ReloadAssembly
Registering precompiled unity dll's ...
Register platform support module: C:/Program Files/Unity 2021.3.26f1/Editor/Data/PlaybackEngines/WindowsStandaloneSupport/UnityEditor.WindowsStandalone.Extensions.dll
Registered in 0.007938 seconds.
Native extension for WindowsStandalone target not found
Refreshing native plugins compatible for Editor in 104.31 ms, found 3 plugins.
Preloading 0 native plugins for Editor in 0.00 ms.
Mono: successfully reloaded assembly
- Completed reload, in  1.091 seconds
Domain Reload Profiling:
	ReloadAssembly (1092ms)
		BeginReloadAssembly (186ms)
			ExecutionOrderSort (0ms)
			DisableScriptedObjects (0ms)
			BackupInstance (0ms)
			ReleaseScriptingObjects (0ms)
			CreateAndSetChildDomain (2ms)
		EndReloadAssembly (748ms)
			LoadAssemblies (181ms)
			RebuildTransferFunctionScriptingTraits (0ms)
			SetupTypeCache (184ms)
			ReleaseScriptCaches (0ms)
			RebuildScriptCaches (47ms)
			SetupLoadedEditorAssemblies (435ms)
				LogAssemblyErrors (0ms)
				InitializePlatformSupportModulesInManaged (15ms)
				SetLoadedEditorAssemblies (0ms)
				RefreshPlugins (104ms)
				BeforeProcessingInitializeOnLoad (2ms)
				ProcessInitializeOnLoadAttributes (220ms)
				ProcessInitializeOnLoadMethodAttributes (92ms)
				AfterProcessingInitializeOnLoad (0ms)
				EditorAssembliesLoaded (0ms)
			ExecutionOrderSort2 (0ms)
			AwakeInstancesAfterBackupRestoration (0ms)
Platform modules already initialized, skipping
Registering precompiled user dll's ...
Registered in 0.013069 seconds.
Begin MonoManager ReloadAssembly
Symbol file LoadedFromMemory doesn't match image E:\UNITY\AdventurersQuest\AdverturersQuest\Library\PackageCache\com.unity.visualscripting@1.8.0\Editor\VisualScripting.Core\Dependencies\YamlDotNet\Unity.VisualScripting.YamlDotNet.dll
Symbol file LoadedFromMemory doesn't match image E:\UNITY\AdventurersQuest\AdverturersQuest\Library\PackageCache\com.unity.visualscripting@1.8.0\Editor\VisualScripting.Core\Dependencies\DotNetZip\Unity.VisualScripting.IonicZip.dll
Native extension for WindowsStandalone target not found
Refreshing native plugins compatible for Editor in 0.72 ms, found 3 plugins.
Preloading 0 native plugins for Editor in 0.00 ms.
Mono: successfully reloaded assembly
- Completed reload, in  1.670 seconds
Domain Reload Profiling:
	ReloadAssembly (1672ms)
		BeginReloadAssembly (201ms)
			ExecutionOrderSort (0ms)
			DisableScriptedObjects (9ms)
			BackupInstance (0ms)
			ReleaseScriptingObjects (0ms)
			CreateAndSetChildDomain (36ms)
		EndReloadAssembly (1322ms)
			LoadAssemblies (148ms)
			RebuildTransferFunctionScriptingTraits (0ms)
			SetupTypeCache (550ms)
			ReleaseScriptCaches (1ms)
			RebuildScriptCaches (81ms)
			SetupLoadedEditorAssemblies (500ms)
				LogAssemblyErrors (0ms)
				InitializePlatformSupportModulesInManaged (9ms)
				SetLoadedEditorAssemblies (1ms)
				RefreshPlugins (1ms)
				BeforeProcessingInitializeOnLoad (102ms)
				ProcessInitializeOnLoadAttributes (342ms)
				ProcessInitializeOnLoadMethodAttributes (32ms)
				AfterProcessingInitializeOnLoad (13ms)
				EditorAssembliesLoaded (0ms)
			ExecutionOrderSort2 (0ms)
			AwakeInstancesAfterBackupRestoration (11ms)
Platform modules already initialized, skipping
========================================================================
Worker process is ready to serve import requests
Launched and connected shader compiler UnityShaderCompiler.exe after 0.08 seconds
Refreshing native plugins compatible for Editor in 1.39 ms, found 3 plugins.
Preloading 0 native plugins for Editor in 0.00 ms.
Unloading 3051 Unused Serialized files (Serialized files now loaded: 0)
Unloading 22 unused Assets / (56.1 KB). Loaded Objects now: 3514.
Memory consumption went from 110.2 MB to 110.1 MB.
Total: 5.708200 ms (FindLiveObjects: 0.508000 ms CreateObjectMapping: 0.204200 ms MarkObjects: 4.833400 ms  DeleteObjects: 0.161100 ms)

AssetImportParameters requested are different than current active one (requested -> active):
  custom:video-decoder-ogg-theora: a1e56fd34408186e4bbccfd4996cb3dc -> 
  custom:container-muxer-webm: aa71ff27fc2769a1b78a27578f13a17b -> 
  custom:container-demuxer-webm: 4f35f7cbe854078d1ac9338744f61a02 -> 
  custom:video-encoder-webm-vp8: eb34c28f22e8b96e1ab97ce403110664 -> 
  custom:audio-encoder-webm-vorbis: bf7c407c2cedff20999df2af8eb42d56 -> 
  custom:framework-win-MediaFoundation: 216162199b28c13a410421893ffa2e32 -> 
  custom:container-demuxer-ogg: 62fdf1f143b41e24485cea50d1cbac27 -> 
  custom:video-decoder-webm-vp8: 9c59270c3fd7afecdb556c50c9e8de78 -> 
  custom:audio-decoder-ogg-vorbis: bf7c407c2cedff20999df2af8eb42d56 -> 
========================================================================
Received Import Request.
  Time since last request: 46778.178539 seconds.
  path: Assets/Polygon-City Megapolis/Prefab/Landscape
  artifactKey: Guid(97dea770768b7a84886e135faafc2be4) Importer(815301076,1909f56bfc062723c751e8b465ee728b)
Start importing Assets/Polygon-City Megapolis/Prefab/Landscape using Guid(97dea770768b7a84886e135faafc2be4) Importer(815301076,1909f56bfc062723c751e8b465ee728b)  -> (artifact id: '22db30ec0c5ca3c038b58bfa725e19b5') in 0.010279 seconds 
========================================================================
Received Import Request.
  Time since last request: 0.083509 seconds.
  path: Assets/Polygon-City Megapolis/Prefab/Landscape/SM_bush_01.prefab
  artifactKey: Guid(b54816561aec15c4b987ed624d72d88e) Importer(815301076,1909f56bfc062723c751e8b465ee728b)
Start importing Assets/Polygon-City Megapolis/Prefab/Landscape/SM_bush_01.prefab using Guid(b54816561aec15c4b987ed624d72d88e) Importer(815301076,1909f56bfc062723c751e8b465ee728b)  -> (artifact id: 'c05fac5560778efdcbc90b4bfa041380') in 0.556894 seconds 
========================================================================
Received Import Request.
  Time since last request: 0.000050 seconds.
  path: Assets/Polygon-City Megapolis/Prefab/Landscape/SM_ground_05.prefab
  artifactKey: Guid(149ebe3fe53210a49a6effaf0f71bcd8) Importer(815301076,1909f56bfc062723c751e8b465ee728b)
Start importing Assets/Polygon-City Megapolis/Prefab/Landscape/SM_ground_05.prefab using Guid(149ebe3fe53210a49a6effaf0f71bcd8) Importer(815301076,1909f56bfc062723c751e8b465ee728b)  -> (artifact id: '60d4fd95b5efeb0f9bfccb9a04733f13') in 0.084672 seconds 
========================================================================
Received Import Request.
  Time since last request: 0.000060 seconds.
  path: Assets/Polygon-City Megapolis/Prefab/Landscape/SM_hight_tree_10.prefab
  artifactKey: Guid(c73ccb734a94f1149b8155438e35d6ca) Importer(815301076,1909f56bfc062723c751e8b465ee728b)
Start importing Assets/Polygon-City Megapolis/Prefab/Landscape/SM_hight_tree_10.prefab using Guid(c73ccb734a94f1149b8155438e35d6ca) Importer(815301076,1909f56bfc062723c751e8b465ee728b)  -> (artifact id: '871653178a8c37a38fba4bc320deb328') in 0.030758 seconds 
========================================================================
Received Import Request.
  Time since last request: 0.000055 seconds.
  path: Assets/Polygon-City Megapolis/Prefab/Landscape/SM_flower_bed_01.prefab
  artifactKey: Guid(9479f14dd56428f479994c013a66cc85) Importer(815301076,1909f56bfc062723c751e8b465ee728b)
Start importing Assets/Polygon-City Megapolis/Prefab/Landscape/SM_flower_bed_01.prefab using Guid(9479f14dd56428f479994c013a66cc85) Importer(815301076,1909f56bfc062723c751e8b465ee728b)  -> (artifact id: 'e0bfc4e18309bbb5c84f9f54dc424117') in 0.027434 seconds 
========================================================================
Received Import Request.
  Time since last request: 0.000021 seconds.
  path: Assets/Polygon-City Megapolis/Prefab/Landscape/SM_hight_tree_04.prefab
  artifactKey: Guid(2403b9fd1648458468cdef29f8d52984) Importer(815301076,1909f56bfc062723c751e8b465ee728b)
Start importing Assets/Polygon-City Megapolis/Prefab/Landscape/SM_hight_tree_04.prefab using Guid(2403b9fd1648458468cdef29f8d52984) Importer(815301076,1909f56bfc062723c751e8b465ee728b)  -> (artifact id: 'e57a66189172901c892eaeb0aa862a34') in 0.031573 seconds 
========================================================================
Received Import Request.
  Time since last request: 0.000021 seconds.
  path: Assets/Polygon-City Megapolis/Prefab/Landscape/SM_high_grass_01.prefab
  artifactKey: Guid(b8c08e9315d806f46a9f92b2de567aec) Importer(815301076,1909f56bfc062723c751e8b465ee728b)
Start importing Assets/Polygon-City Megapolis/Prefab/Landscape/SM_high_grass_01.prefab using Guid(b8c08e9315d806f46a9f92b2de567aec) Importer(815301076,1909f56bfc062723c751e8b465ee728b)  -> (artifact id: '21f3f1f75fe0dd3a67f5b997082b00a3') in 0.026477 seconds 
========================================================================
Received Import Request.
  Time since last request: 0.000045 seconds.
  path: Assets/Polygon-City Megapolis/Prefab/Landscape/SM_ground_02.prefab
  artifactKey: Guid(d3ae96c6747648242bdca2e3a4d61bd0) Importer(815301076,1909f56bfc062723c751e8b465ee728b)
Start importing Assets/Polygon-City Megapolis/Prefab/Landscape/SM_ground_02.prefab using Guid(d3ae96c6747648242bdca2e3a4d61bd0) Importer(815301076,1909f56bfc062723c751e8b465ee728b)  -> (artifact id: '1c8da0c07113440e530b2ce701c74a61') in 0.021548 seconds 
========================================================================
Received Import Request.
  Time since last request: 297.033973 seconds.
  path: Assets/Polygon-City Megapolis/Prefab/Landscape/SM_hight_tree_16.prefab
  artifactKey: Guid(ff73b04f802fc454386fd276671a5bb1) Importer(815301076,1909f56bfc062723c751e8b465ee728b)
Start importing Assets/Polygon-City Megapolis/Prefab/Landscape/SM_hight_tree_16.prefab using Guid(ff73b04f802fc454386fd276671a5bb1) Importer(815301076,1909f56bfc062723c751e8b465ee728b)  -> (artifact id: '5263779bf1287cae07bfcf8e2748bf0d') in 0.131113 seconds 
========================================================================
Received Import Request.
  Time since last request: 0.000031 seconds.
  path: Assets/Polygon-City Megapolis/Prefab/Landscape/SM_Land_01_A.prefab
  artifactKey: Guid(c9760ba66e615d742b231de746a1f1c7) Importer(815301076,1909f56bfc062723c751e8b465ee728b)
Start importing Assets/Polygon-City Megapolis/Prefab/Landscape/SM_Land_01_A.prefab using Guid(c9760ba66e615d742b231de746a1f1c7) Importer(815301076,1909f56bfc062723c751e8b465ee728b)  -> (artifact id: '4d8804fed34b8cca8a1150a133c2383e') in 0.225034 seconds 
========================================================================
Received Import Request.
  Time since last request: 0.000048 seconds.
  path: Assets/Polygon-City Megapolis/Prefab/Landscape/SM_Land_03_B.prefab
  artifactKey: Guid(e0ced500c91a3004ba2554b3379bfd7f) Importer(815301076,1909f56bfc062723c751e8b465ee728b)
Start importing Assets/Polygon-City Megapolis/Prefab/Landscape/SM_Land_03_B.prefab using Guid(e0ced500c91a3004ba2554b3379bfd7f) Importer(815301076,1909f56bfc062723c751e8b465ee728b)  -> (artifact id: 'daaf71645df8d34be1ba9799c2999130') in 0.630121 seconds 
========================================================================
Received Import Request.
  Time since last request: 0.000042 seconds.
  path: Assets/Polygon-City Megapolis/Prefab/Landscape/SM_Land_02.prefab
  artifactKey: Guid(86d4769ec3d0cfb4eada96aab11ef68d) Importer(815301076,1909f56bfc062723c751e8b465ee728b)
Start importing Assets/Polygon-City Megapolis/Prefab/Landscape/SM_Land_02.prefab using Guid(86d4769ec3d0cfb4eada96aab11ef68d) Importer(815301076,1909f56bfc062723c751e8b465ee728b)  -> (artifact id: '67a050e79de83a346bc2d34902a40de7') in 0.057775 seconds 
========================================================================
Received Import Request.
  Time since last request: 0.000040 seconds.
  path: Assets/Polygon-City Megapolis/Prefab/Landscape/SM_Land_04_C.prefab
  artifactKey: Guid(39d3f0ed343142f4c918be2247c91308) Importer(815301076,1909f56bfc062723c751e8b465ee728b)
Start importing Assets/Polygon-City Megapolis/Prefab/Landscape/SM_Land_04_C.prefab using Guid(39d3f0ed343142f4c918be2247c91308) Importer(815301076,1909f56bfc062723c751e8b465ee728b)  -> (artifact id: '274065847d380b6ea5eba582c7ca68e0') in 0.121950 seconds 
========================================================================
Received Import Request.
  Time since last request: 0.000048 seconds.
  path: Assets/Polygon-City Megapolis/Prefab/Landscape/SM_log_01.prefab
  artifactKey: Guid(916a5d3f810482d429706bd04c327682) Importer(815301076,1909f56bfc062723c751e8b465ee728b)
Start importing Assets/Polygon-City Megapolis/Prefab/Landscape/SM_log_01.prefab using Guid(916a5d3f810482d429706bd04c327682) Importer(815301076,1909f56bfc062723c751e8b465ee728b)  -> (artifact id: '0ea8c673b3c2b083b6de4b4e79b91b30') in 0.052003 seconds 
========================================================================
Received Import Request.
  Time since last request: 0.000079 seconds.
  path: Assets/Polygon-City Megapolis/Prefab/Landscape/SM_moss_01.prefab
  artifactKey: Guid(5e001cd233125794dbe71ef44dedb6c2) Importer(815301076,1909f56bfc062723c751e8b465ee728b)
Start importing Assets/Polygon-City Megapolis/Prefab/Landscape/SM_moss_01.prefab using Guid(5e001cd233125794dbe71ef44dedb6c2) Importer(815301076,1909f56bfc062723c751e8b465ee728b)  -> (artifact id: 'ae565c954d2c9daee2e6c033ad9c25b4') in 0.084764 seconds 
========================================================================
Received Import Request.
  Time since last request: 0.000032 seconds.
  path: Assets/Polygon-City Megapolis/Prefab/Landscape/SM_hight_tree_18.prefab
  artifactKey: Guid(f184427f89bf3c4479bc3dc0f7eff6d7) Importer(815301076,1909f56bfc062723c751e8b465ee728b)
Start importing Assets/Polygon-City Megapolis/Prefab/Landscape/SM_hight_tree_18.prefab using Guid(f184427f89bf3c4479bc3dc0f7eff6d7) Importer(815301076,1909f56bfc062723c751e8b465ee728b)  -> (artifact id: '341f147e56009622142e8486b5878413') in 0.080360 seconds 
========================================================================
Received Import Request.
  Time since last request: 0.000041 seconds.
  path: Assets/Polygon-City Megapolis/Prefab/Landscape/SM_Land_04_D.prefab
  artifactKey: Guid(5e6935d01937b2948982a73e21f9eb15) Importer(815301076,1909f56bfc062723c751e8b465ee728b)
Start importing Assets/Polygon-City Megapolis/Prefab/Landscape/SM_Land_04_D.prefab using Guid(5e6935d01937b2948982a73e21f9eb15) Importer(815301076,1909f56bfc062723c751e8b465ee728b)  -> (artifact id: '83807f659dbe459439bfa2afa30f2225') in 0.060398 seconds 
========================================================================
Received Import Request.
  Time since last request: 0.000070 seconds.
  path: Assets/Polygon-City Megapolis/Prefab/Landscape/SM_Land_02_C.prefab
  artifactKey: Guid(e0e8791b851f9834cac007f73979f8a6) Importer(815301076,1909f56bfc062723c751e8b465ee728b)
Start importing Assets/Polygon-City Megapolis/Prefab/Landscape/SM_Land_02_C.prefab using Guid(e0e8791b851f9834cac007f73979f8a6) Importer(815301076,1909f56bfc062723c751e8b465ee728b)  -> (artifact id: 'c685fe9e0c7b2f625a07da3c9771d184') in 0.079018 seconds 
========================================================================
Received Import Request.
  Time since last request: 0.000148 seconds.
  path: Assets/Polygon-City Megapolis/Prefab/Landscape/SM_Land_03_E.prefab
  artifactKey: Guid(818a149d7156dd344b53ac9ad4c2c185) Importer(815301076,1909f56bfc062723c751e8b465ee728b)
Start importing Assets/Polygon-City Megapolis/Prefab/Landscape/SM_Land_03_E.prefab using Guid(818a149d7156dd344b53ac9ad4c2c185) Importer(815301076,1909f56bfc062723c751e8b465ee728b)  -> (artifact id: '3ee11109644efadc5dfe9f6afcf89e26') in 0.043266 seconds 
========================================================================
Received Import Request.
  Time since last request: 0.000063 seconds.
  path: Assets/Polygon-City Megapolis/Prefab/Landscape/SM_Land_04_B.prefab
  artifactKey: Guid(9ee213da984c2bf4f844b8a2d8c6b44d) Importer(815301076,1909f56bfc062723c751e8b465ee728b)
Start importing Assets/Polygon-City Megapolis/Prefab/Landscape/SM_Land_04_B.prefab using Guid(9ee213da984c2bf4f844b8a2d8c6b44d) Importer(815301076,1909f56bfc062723c751e8b465ee728b)  -> (artifact id: '001cfb7b39f9b9eaafa9dce65fcedb83') in 0.062310 seconds 
========================================================================
Received Import Request.
  Time since last request: 0.000058 seconds.
  path: Assets/Polygon-City Megapolis/Prefab/Landscape/SM_Land_02_D.prefab
  artifactKey: Guid(e899e8f3356cadb4192fb523fed090b6) Importer(815301076,1909f56bfc062723c751e8b465ee728b)
Start importing Assets/Polygon-City Megapolis/Prefab/Landscape/SM_Land_02_D.prefab using Guid(e899e8f3356cadb4192fb523fed090b6) Importer(815301076,1909f56bfc062723c751e8b465ee728b)  -> (artifact id: '7c54bdd8fea0ed63bd8d7c07e3c15736') in 0.071760 seconds 
========================================================================
Received Import Request.
  Time since last request: 0.000036 seconds.
  path: Assets/Polygon-City Megapolis/Prefab/Landscape/SM_Land_02_A.prefab
  artifactKey: Guid(48ff07b96f0558446946316583ea6fce) Importer(815301076,1909f56bfc062723c751e8b465ee728b)
Start importing Assets/Polygon-City Megapolis/Prefab/Landscape/SM_Land_02_A.prefab using Guid(48ff07b96f0558446946316583ea6fce) Importer(815301076,1909f56bfc062723c751e8b465ee728b)  -> (artifact id: '2b92cb379c843e0d36d67210b6ce2cff') in 0.082268 seconds 
========================================================================
Received Import Request.
  Time since last request: 4.697698 seconds.
  path: Assets/Polygon-City Megapolis/Prefab/Landscape/SM_path_02.prefab
  artifactKey: Guid(c00cf45afa25ac14f9c01d4b2ea2acdb) Importer(815301076,1909f56bfc062723c751e8b465ee728b)
Start importing Assets/Polygon-City Megapolis/Prefab/Landscape/SM_path_02.prefab using Guid(c00cf45afa25ac14f9c01d4b2ea2acdb) Importer(815301076,1909f56bfc062723c751e8b465ee728b)  -> (artifact id: 'b61ecd0ec8b96e3e031ca0dcfb5f64da') in 0.063618 seconds 
========================================================================
Received Import Request.
  Time since last request: 0.000036 seconds.
  path: Assets/Polygon-City Megapolis/Prefab/Landscape/SM_river_02.prefab
  artifactKey: Guid(87b94750c668eb14e865055c13b4d840) Importer(815301076,1909f56bfc062723c751e8b465ee728b)
Start importing Assets/Polygon-City Megapolis/Prefab/Landscape/SM_river_02.prefab using Guid(87b94750c668eb14e865055c13b4d840) Importer(815301076,1909f56bfc062723c751e8b465ee728b)  -> (artifact id: 'a3e3150164ebcf7955ed53a3d19f8809') in 0.100091 seconds 
========================================================================
Received Import Request.
  Time since last request: 0.000043 seconds.
  path: Assets/Polygon-City Megapolis/Prefab/Landscape/SM_river_03.prefab
  artifactKey: Guid(72601421768d2974883ea7509bc0a766) Importer(815301076,1909f56bfc062723c751e8b465ee728b)
Start importing Assets/Polygon-City Megapolis/Prefab/Landscape/SM_river_03.prefab using Guid(72601421768d2974883ea7509bc0a766) Importer(815301076,1909f56bfc062723c751e8b465ee728b)  -> (artifact id: '6a97f03b7360d672ae2b0d3ee63975fb') in 0.139721 seconds 
========================================================================
Received Import Request.
  Time since last request: 0.000040 seconds.
  path: Assets/Polygon-City Megapolis/Prefab/Landscape/SM_small_tree_05.prefab
  artifactKey: Guid(c893f7f5f4dc7f4489c1d4f6ff6dcfde) Importer(815301076,1909f56bfc062723c751e8b465ee728b)
Start importing Assets/Polygon-City Megapolis/Prefab/Landscape/SM_small_tree_05.prefab using Guid(c893f7f5f4dc7f4489c1d4f6ff6dcfde) Importer(815301076,1909f56bfc062723c751e8b465ee728b)  -> (artifact id: '2669577a38dd7d4efe9f83b236ec9f9a') in 0.197131 seconds 
========================================================================
Received Import Request.
  Time since last request: 0.000056 seconds.
  path: Assets/Polygon-City Megapolis/Prefab/Landscape/SM_stone_05.prefab
  artifactKey: Guid(57307f504050f8c4ea74d00571ff89bc) Importer(815301076,1909f56bfc062723c751e8b465ee728b)
Start importing Assets/Polygon-City Megapolis/Prefab/Landscape/SM_stone_05.prefab using Guid(57307f504050f8c4ea74d00571ff89bc) Importer(815301076,1909f56bfc062723c751e8b465ee728b)  -> (artifact id: '5c6f4f9fbd9ee181063e43481d6f122c') in 0.061404 seconds 
========================================================================
Received Import Request.
  Time since last request: 0.000032 seconds.
  path: Assets/Polygon-City Megapolis/Prefab/Landscape/SM_small_tree_03.prefab
  artifactKey: Guid(a5bacb7414b2dce428aa47a359aea06d) Importer(815301076,1909f56bfc062723c751e8b465ee728b)
Start importing Assets/Polygon-City Megapolis/Prefab/Landscape/SM_small_tree_03.prefab using Guid(a5bacb7414b2dce428aa47a359aea06d) Importer(815301076,1909f56bfc062723c751e8b465ee728b)  -> (artifact id: '6af03743c9806c3194599a311c44cf44') in 0.171951 seconds 
Editor requested this worker to shutdown with reason: Scaling down because of idle timeout
AssetImportWorker is now disconnected from the server
Process exiting
Exiting without the bug reporter. Application will terminate with return code 0